RUN	winnersNet2	winnersnet2	1605040443670	 	3.4.1
USER	winnersNet2	START	1605040445808
REQUEST		HomePage	1605040445860	1605040447911	OK	 
ERROR	request_25: Failed to build request: Resource winnersNet2/winnersnet2/0025_request.txt not found 	1605040448247
REQUEST		main-d72b48eac781a8db5404.js	1605040448287	1605040448934	OK	 
REQUEST		request_5	1605040448291	1605040449429	OK	 
REQUEST		request_12	1605040448294	1605040449443	OK	 
REQUEST		webpack-92ffdb335f65da18282a.js	1605040448302	1605040449445	OK	 
REQUEST		request_4	1605040448378	1605040449450	OK	 
REQUEST		framework.21e86a6ca33c219df566.js	1605040448393	1605040449485	OK	 
REQUEST		request_14	1605040448395	1605040449490	OK	 
REQUEST		9222483f0f17f69ca626e1bded5c48501491122a.cd9968df5857edb265ef.js	1605040448474	1605040449494	OK	 
REQUEST		_ssgManifest.js	1605040448477	1605040449503	OK	 
REQUEST		index-7c7275ba2ecfcd718789.js	1605040448482	1605040449507	OK	 
REQUEST		97005b1fa8b880470fd00f55381bb707a5353b52.25a82babb89ff2c4d053.js	1605040448495	1605040449530	OK	 
REQUEST		request_10	1605040448500	1605040449540	OK	 
REQUEST		request_13	1605040448503	1605040449543	OK	 
REQUEST		_buildManifest.js	1605040448525	1605040449545	OK	 
REQUEST		request_9	1605040448530	1605040449547	OK	 
REQUEST		e9daf36223ccd9e6764bf5f28bb8749330afe8c9_CSS.d35057fdc45a97a4d314.js	1605040448540	1605040449552	OK	 
REQUEST		polyfills-14f22bd5ea2614ff4fc2.js	1605040448548	1605040449564	OK	 
REQUEST		request_1	1605040448554	1605040449572	OK	 
REQUEST		request_16	1605040448566	1605040449580	OK	 
REQUEST		android-chrome-affiliates.png	1605040448305	1605040449645	OK	 
REQUEST		request_31	1605040448387	1605040449648	OK	 
REQUEST		request_28	1605040448390	1605040449650	OK	 
REQUEST		request_37	1605040448479	1605040449652	OK	 
REQUEST		request_23	1605040448542	1605040449661	OK	 
REQUEST		request_34	1605040448546	1605040449663	OK	 
REQUEST		styles.39ea1f1dc7a87033c85a.js	1605040448586	1605040449668	OK	 
REQUEST		request_8	1605040448598	1605040449672	OK	 
REQUEST		request_7	1605040448601	1605040449674	OK	 
REQUEST		e9daf36223ccd9e6764bf5f28bb8749330afe8c9_CSS.ab76aafd.chunk.css	1605040448604	1605040449679	OK	 
REQUEST		request_18	1605040448608	1605040449686	OK	 
REQUEST		favicon.ico	1605040448515	1605040449746	KO	status.find.in(200,201,202,203,204,205,206,207,208,209,304), found 404
REQUEST		request_30	1605040448522	1605040449768	OK	 
REQUEST		request_11	1605040448578	1605040449774	OK	 
REQUEST		styles.f1131976.chunk.css	1605040448618	1605040449785	OK	 
REQUEST		request_6	1605040448620	1605040449792	OK	 
REQUEST		request_19	1605040448622	1605040449794	OK	 
REQUEST		e9daf36223ccd9e6764bf5f28bb8749330afe8c9.ec9c497b4635b030a724.js	1605040448674	1605040449796	OK	 
REQUEST		921dfede6aa2def24e2c7916f7932efe4651736c.d60fca232f7f1991e4f6.js	1605040448878	1605040449797	OK	 
REQUEST		request_15	1605040448882	1605040449800	OK	 
REQUEST		_app-1b7d7a8358e2cec6364a.js	1605040448900	1605040449804	OK	 
REQUEST		request_17	1605040448485	1605040449808	OK	 
REQUEST		request_40	1605040448528	1605040449810	OK	 
REQUEST		request_33	1605040448563	1605040449812	OK	 
REQUEST		request_38	1605040448570	1605040449815	OK	 
REQUEST		request_29	1605040448575	1605040449817	OK	 
REQUEST		request_35	1605040448589	1605040449819	OK	 
REQUEST		commons.264192a9efdba1138dce.js	1605040448616	1605040449821	OK	 
REQUEST		request_36	1605040448611	1605040449826	OK	 
REQUEST		request_3	1605040448676	1605040449829	OK	 
REQUEST		request_32	1605040448606	1605040449833	OK	 
REQUEST		request_2	1605040448884	1605040449891	OK	 
REQUEST		android-chrome-affiliates.png	1605040448880	1605040450048	OK	 
REQUEST		request_21	1605040448520	1605040450057	OK	 
REQUEST		request_22	1605040448580	1605040450101	OK	 
REQUEST		request_20	1605040448613	1605040450159	OK	 
REQUEST		request_26	1605040448537	1605040450230	OK	 
REQUEST		request_24	1605040448593	1605040450312	OK	 
REQUEST		request_39	1605040448551	1605040450743	OK	 
REQUEST		request_27	1605040448403	1605040450805	OK	 
REQUEST		request_44	1605040451815	1605040452471	OK	 
ERROR	request_49: Failed to build request: Resource winnersNet2/winnersnet2/0049_request.txt not found 	1605040456059
REQUEST		request_48	1605040456064	1605040456136	OK	 
REQUEST		request_50	1605040456061	1605040459879	OK	 
REQUEST		request_51	1605040456066	1605040460850	OK	 
REQUEST		request_46	1605040456069	1605040461577	OK	 
REQUEST		request_54	1605040463625	1605040463670	OK	 
REQUEST		request_60	1605040463627	1605040463673	OK	 
REQUEST		request_61	1605040463632	1605040463676	OK	 
REQUEST		request_55	1605040463638	1605040463691	OK	 
REQUEST		request_59	1605040463643	1605040463695	OK	 
REQUEST		request_58	1605040463641	1605040463697	OK	 
REQUEST		request_56	1605040463645	1605040463702	OK	 
REQUEST		request_53	1605040463648	1605040463704	OK	 
REQUEST		request_67	1605040463646	1605040463706	OK	 
REQUEST		request_57	1605040463629	1605040463737	OK	 
REQUEST		request_65	1605040463630	1605040464179	OK	 
REQUEST		request_66	1605040463637	1605040464185	OK	 
REQUEST		request_62	1605040463634	1605040464186	OK	 
REQUEST		request_63	1605040463635	1605040464276	OK	 
REQUEST		request_64	1605040463640	1605040464277	OK	 
REQUEST		request_70	1605040469579	1605040471578	OK	 
REQUEST		ViewRecomendedBookmakerPage	1605040475580	1605040477099	OK	 
REQUEST		request_73	1605040477101	1605040481892	OK	 
REQUEST		request_72	1605040477103	1605040482489	OK	 
ERROR	request_80: Failed to build request: Resource winnersNet2/winnersnet2/0080_request.txt not found 	1605040485490
REQUEST		request_78	1605040485494	1605040485530	OK	 
REQUEST		request_76	1605040485499	1605040485534	OK	 
REQUEST		request_81	1605040485495	1605040485835	OK	 
REQUEST		request_79	1605040485501	1605040485948	OK	 
REQUEST		request_75	1605040485493	1605040486211	OK	 
REQUEST		request_82	1605040485497	1605040486803	OK	 
REQUEST		request_87	1605040488218	1605040488579	OK	 
REQUEST		request_86	1605040488219	1605040488581	OK	 
REQUEST		request_93	1605040488216	1605040488599	OK	 
REQUEST		request_84	1605040488222	1605040488658	OK	 
REQUEST		request_91	1605040488220	1605040488659	OK	 
REQUEST		request_85	1605040488226	1605040488661	OK	 
REQUEST		request_89	1605040488230	1605040488665	OK	 
REQUEST		request_88	1605040488228	1605040488666	OK	 
REQUEST		request_92	1605040488224	1605040488668	OK	 
REQUEST		request_90	1605040488225	1605040488675	OK	 
REQUEST		FullReviewPage	1605040497680	1605040499589	OK	 
ERROR	request_102: Failed to build request: Resource winnersNet2/winnersnet2/0102_request.txt not found 	1605040499591
REQUEST		request_97	1605040499594	1605040499674	OK	 
REQUEST		request_101	1605040499596	1605040499904	OK	 
REQUEST		request_99	1605040499639	1605040499913	OK	 
USER	winnersNet2	END	1605040559924
