RUN	winnersNet	winnersnet	1605028593810	 	3.4.1
USER	winnersNet	START	1605028595731
REQUEST		HomePage	1605028595767	1605028597002	OK	 
ERROR	request_21: Failed to build request: Resource winners/netPackage/winnersnet/0021_request.txt not found 	1605028597283
REQUEST		request_43	1605028597317	1605028597861	OK	 
REQUEST		e9daf36223ccd9e6764bf5f28bb8749330afe8c9.ec9c497b4635b030a724.js	1605028597323	1605028598222	OK	 
REQUEST		_ssgManifest.js	1605028597324	1605028598226	OK	 
REQUEST		request_13	1605028597326	1605028598229	OK	 
REQUEST		request_7	1605028597328	1605028598231	OK	 
REQUEST		webpack-92ffdb335f65da18282a.js	1605028597342	1605028598239	OK	 
REQUEST		commons.264192a9efdba1138dce.js	1605028597429	1605028598245	OK	 
REQUEST		_buildManifest.js	1605028597431	1605028598249	OK	 
REQUEST		request_9	1605028597335	1605028598501	OK	 
REQUEST		request_12	1605028597439	1605028598509	OK	 
REQUEST		main-d72b48eac781a8db5404.js	1605028597516	1605028598519	OK	 
REQUEST		request_14	1605028597520	1605028598528	OK	 
REQUEST		request_3	1605028597532	1605028598536	OK	 
REQUEST		framework.21e86a6ca33c219df566.js	1605028597550	1605028598559	OK	 
REQUEST		request_6	1605028597553	1605028598583	OK	 
REQUEST		9222483f0f17f69ca626e1bded5c48501491122a.cd9968df5857edb265ef.js	1605028597576	1605028598591	OK	 
REQUEST		_app-1b7d7a8358e2cec6364a.js	1605028597582	1605028598597	OK	 
REQUEST		e9daf36223ccd9e6764bf5f28bb8749330afe8c9_CSS.d35057fdc45a97a4d314.js	1605028597598	1605028598599	OK	 
REQUEST		921dfede6aa2def24e2c7916f7932efe4651736c.d60fca232f7f1991e4f6.js	1605028597606	1605028598602	OK	 
REQUEST		request_44	1605028597610	1605028598606	OK	 
REQUEST		request_10	1605028597613	1605028598608	OK	 
REQUEST		request_32	1605028597344	1605028598661	OK	 
REQUEST		request_38	1605028597427	1605028598663	OK	 
REQUEST		request_40	1605028597433	1605028598665	OK	 
REQUEST		android-chrome-affiliates.png	1605028597435	1605028598666	OK	 
REQUEST		request_31	1605028597437	1605028598668	OK	 
REQUEST		styles.f1131976.chunk.css	1605028597624	1605028598672	OK	 
REQUEST		request_8	1605028597631	1605028598681	OK	 
REQUEST		request_11	1605028597668	1605028598682	OK	 
REQUEST		index-7c7275ba2ecfcd718789.js	1605028597687	1605028598685	OK	 
REQUEST		97005b1fa8b880470fd00f55381bb707a5353b52.25a82babb89ff2c4d053.js	1605028597689	1605028598690	OK	 
REQUEST		request_16	1605028597691	1605028598692	OK	 
REQUEST		request_5	1605028597695	1605028598697	OK	 
REQUEST		request_2	1605028597701	1605028598700	OK	 
REQUEST		request_39	1605028597548	1605028598702	OK	 
REQUEST		request_4	1605028597682	1605028598703	OK	 
REQUEST		request_18	1605028597708	1605028598704	OK	 
REQUEST		styles.39ea1f1dc7a87033c85a.js	1605028597716	1605028598706	OK	 
REQUEST		request_17	1605028597744	1605028598710	OK	 
REQUEST		favicon.ico	1605028597571	1605028598713	KO	status.find.in(200,201,202,203,204,205,206,207,208,209,304), found 404
REQUEST		request_36	1605028597593	1605028598728	OK	 
REQUEST		polyfills-14f22bd5ea2614ff4fc2.js	1605028597722	1605028598733	OK	 
REQUEST		request_30	1605028597585	1605028598737	OK	 
REQUEST		e9daf36223ccd9e6764bf5f28bb8749330afe8c9_CSS.ab76aafd.chunk.css	1605028597724	1605028598738	OK	 
REQUEST		request_26	1605028597320	1605028598748	OK	 
REQUEST		request_15	1605028597767	1605028598858	OK	 
REQUEST		request_35	1605028597600	1605028598860	OK	 
REQUEST		request_33	1605028597684	1605028598862	OK	 
REQUEST		request_1	1605028597729	1605028598869	OK	 
REQUEST		request_42	1605028597672	1605028598873	OK	 
REQUEST		request_37	1605028597697	1605028598874	OK	 
REQUEST		request_34	1605028597699	1605028599023	OK	 
REQUEST		request_19	1605028597440	1605028599028	OK	 
REQUEST		request_24	1605028597756	1605028599037	OK	 
REQUEST		android-chrome-affiliates.png	1605028597726	1605028599039	OK	 
REQUEST		request_20	1605028597678	1605028599161	OK	 
REQUEST		request_28	1605028597685	1605028599240	OK	 
REQUEST		request_25	1605028597621	1605028599287	OK	 
REQUEST		request_27	1605028597742	1605028599372	OK	 
REQUEST		request_23	1605028597675	1605028599510	OK	 
REQUEST		request_22	1605028597442	1605028599971	OK	 
REQUEST		request_29	1605028597718	1605028600094	OK	 
REQUEST		request_41	1605028597588	1605028601878	OK	 
ERROR	request_47: Failed to build request: Resource winners/netPackage/winnersnet/0047_request.txt not found 	1605028603887
ERROR	request_50: Failed to build request: Resource winners/netPackage/winnersnet/0050_request.txt not found 	1605028603889
ERROR	request_53: Failed to build request: Resource winners/netPackage/winnersnet/0053_request.txt not found 	1605028603890
ERROR	request_57: Failed to build request: Resource winners/netPackage/winnersnet/0057_request.txt not found 	1605028603893
ERROR	request_60: Failed to build request: Resource winners/netPackage/winnersnet/0060_request.txt not found 	1605028603895
ERROR	request_63: Failed to build request: Resource winners/netPackage/winnersnet/0063_request.txt not found 	1605028603896
ERROR	request_66: Failed to build request: Resource winners/netPackage/winnersnet/0066_request.txt not found 	1605028603898
REQUEST		request_46	1605028603907	1605028603964	OK	 
REQUEST		request_55	1605028603932	1605028603969	OK	 
REQUEST		request_49	1605028603935	1605028604136	OK	 
REQUEST		request_52	1605028603952	1605028604140	OK	 
REQUEST		request_58	1605028603946	1605028604153	OK	 
REQUEST		request_65	1605028603954	1605028604155	OK	 
REQUEST		request_62	1605028603944	1605028604168	OK	 
REQUEST		request_51	1605028603911	1605028604201	OK	 
REQUEST		request_67	1605028603915	1605028604204	OK	 
REQUEST		request_48	1605028603928	1605028604294	OK	 
REQUEST		request_56	1605028603937	1605028604340	OK	 
REQUEST		request_59	1605028603939	1605028604429	OK	 
REQUEST		request_64	1605028603942	1605028604450	OK	 
REQUEST		request_61	1605028603950	1605028604994	OK	 
REQUEST		request_68	1605028603948	1605028605013	OK	 
REQUEST		request_54	1605028603956	1605028605278	OK	 
REQUEST		FullReviewPage	1605028610284	1605028612068	OK	 
ERROR	request_75: Failed to build request: Resource winners/netPackage/winnersnet/0075_request.txt not found 	1605028612070
REQUEST		request_74	1605028612079	1605028612120	OK	 
REQUEST		request_76	1605028612084	1605028612511	OK	 
USER	winnersNet	END	1605028612561
