RUN	winnersNet2	winnersnet2	1605037015733	 	3.4.1
USER	winnersNet2	START	1605037018710
REQUEST		request_0	1605037018768	1605037020356	OK	 
ERROR	request_25: Failed to build request: Resource winnersNet2/winnersnet2/0025_request.txt not found 	1605037020877
REQUEST		_app-1b7d7a8358e2cec6364a.js	1605037020912	1605037021461	OK	 
REQUEST		index-7c7275ba2ecfcd718789.js	1605037020915	1605037022208	OK	 
REQUEST		request_8	1605037020918	1605037022249	OK	 
REQUEST		request_10	1605037020921	1605037022256	OK	 
REQUEST		request_18	1605037021000	1605037022264	OK	 
REQUEST		e9daf36223ccd9e6764bf5f28bb8749330afe8c9.ec9c497b4635b030a724.js	1605037021011	1605037022270	OK	 
REQUEST		request_12	1605037021013	1605037022299	OK	 
REQUEST		polyfills-14f22bd5ea2614ff4fc2.js	1605037021016	1605037022307	OK	 
REQUEST		9222483f0f17f69ca626e1bded5c48501491122a.cd9968df5857edb265ef.js	1605037021018	1605037022320	OK	 
REQUEST		android-chrome-affiliates.png	1605037021020	1605037022327	OK	 
REQUEST		request_14	1605037021096	1605037022339	OK	 
REQUEST		request_4	1605037021116	1605037022411	OK	 
REQUEST		97005b1fa8b880470fd00f55381bb707a5353b52.25a82babb89ff2c4d053.js	1605037021133	1605037022461	OK	 
REQUEST		styles.39ea1f1dc7a87033c85a.js	1605037021139	1605037022463	OK	 
REQUEST		framework.21e86a6ca33c219df566.js	1605037021141	1605037022481	OK	 
REQUEST		request_1	1605037021156	1605037022497	OK	 
REQUEST		request_5	1605037021168	1605037022513	OK	 
REQUEST		request_16	1605037021172	1605037022518	OK	 
REQUEST		request_19	1605037021180	1605037022521	OK	 
REQUEST		request_6	1605037021193	1605037022523	OK	 
REQUEST		_buildManifest.js	1605037021208	1605037022528	OK	 
REQUEST		921dfede6aa2def24e2c7916f7932efe4651736c.d60fca232f7f1991e4f6.js	1605037021304	1605037022531	OK	 
REQUEST		main-d72b48eac781a8db5404.js	1605037021308	1605037022533	OK	 
REQUEST		commons.264192a9efdba1138dce.js	1605037021322	1605037022538	OK	 
REQUEST		e9daf36223ccd9e6764bf5f28bb8749330afe8c9_CSS.d35057fdc45a97a4d314.js	1605037021326	1605037022540	OK	 
REQUEST		request_20	1605037020998	1605037022590	OK	 
REQUEST		request_30	1605037021105	1605037022596	OK	 
REQUEST		request_22	1605037021109	1605037022603	OK	 
REQUEST		request_37	1605037021136	1605037022615	OK	 
REQUEST		request_17	1605037021143	1605037022643	OK	 
REQUEST		favicon.ico	1605037021153	1605037022645	KO	status.find.in(200,201,202,203,204,205,206,207,208,209,304), found 404
REQUEST		request_33	1605037021164	1605037022667	OK	 
REQUEST		request_11	1605037021166	1605037022714	OK	 
REQUEST		request_36	1605037021174	1605037022719	OK	 
REQUEST		request_38	1605037021178	1605037022721	OK	 
REQUEST		request_34	1605037021204	1605037022737	OK	 
REQUEST		request_40	1605037021299	1605037022744	OK	 
REQUEST		request_35	1605037021301	1605037022746	OK	 
REQUEST		styles.f1131976.chunk.css	1605037021329	1605037022750	OK	 
REQUEST		webpack-92ffdb335f65da18282a.js	1605037021332	1605037022759	OK	 
REQUEST		_ssgManifest.js	1605037021345	1605037022760	OK	 
REQUEST		request_15	1605037021337	1605037022782	OK	 
REQUEST		e9daf36223ccd9e6764bf5f28bb8749330afe8c9_CSS.ab76aafd.chunk.css	1605037021350	1605037022785	OK	 
REQUEST		request_13	1605037021367	1605037022794	OK	 
REQUEST		request_9	1605037021392	1605037022797	OK	 
REQUEST		request_7	1605037021396	1605037022801	OK	 
REQUEST		request_24	1605037021112	1605037022808	OK	 
REQUEST		request_2	1605037021194	1605037022810	OK	 
REQUEST		request_32	1605037021346	1605037022811	OK	 
REQUEST		request_29	1605037021358	1605037022812	OK	 
REQUEST		request_3	1605037021210	1605037022823	OK	 
REQUEST		request_21	1605037021191	1605037022880	OK	 
REQUEST		request_23	1605037021318	1605037022883	OK	 
REQUEST		request_28	1605037021361	1605037022991	OK	 
REQUEST		request_31	1605037021382	1605037023040	OK	 
REQUEST		android-chrome-affiliates.png	1605037021365	1605037023042	OK	 
REQUEST		request_26	1605037021306	1605037023072	OK	 
REQUEST		request_27	1605037021315	1605037023691	OK	 
REQUEST		request_39	1605037020923	1605037023776	OK	 
REQUEST		request_44	1605037024787	1605037026088	OK	 
REQUEST		request_45	1605037029091	1605037029641	OK	 
ERROR	request_49: Failed to build request: Resource winnersNet2/winnersnet2/0049_request.txt not found 	1605037029647
REQUEST		request_48	1605037029651	1605037029687	OK	 
REQUEST		request_46	1605037029649	1605037032620	OK	 
REQUEST		request_51	1605037029652	1605037035515	OK	 
REQUEST		request_50	1605037029659	1605037035662	OK	 
REQUEST		request_52	1605037037664	1605037038325	OK	 
REQUEST		request_55	1605037038341	1605037038384	OK	 
REQUEST		request_67	1605037038350	1605037038387	OK	 
REQUEST		request_57	1605037038353	1605037038431	OK	 
REQUEST		request_65	1605037038331	1605037038887	OK	 
REQUEST		request_62	1605037038344	1605037038922	OK	 
REQUEST		request_64	1605037038338	1605037038923	OK	 
REQUEST		request_63	1605037038351	1605037038957	OK	 
REQUEST		request_54	1605037038348	1605037039003	OK	 
REQUEST		request_58	1605037038343	1605037039033	OK	 
REQUEST		request_61	1605037038335	1605037039052	OK	 
REQUEST		request_53	1605037038337	1605037039064	OK	 
REQUEST		request_66	1605037038340	1605037039066	OK	 
REQUEST		request_60	1605037038334	1605037039109	OK	 
REQUEST		request_59	1605037038346	1605037039121	OK	 
REQUEST		request_56	1605037038332	1605037039150	OK	 
REQUEST		request_69	1605037044152	1605037044190	OK	 
REQUEST		request_70	1605037044192	1605037046503	OK	 
REQUEST		request_71	1605037050504	1605037050539	OK	 
REQUEST		request_72	1605037050541	1605037052583	OK	 
REQUEST		request_73	1605037050543	1605037052999	OK	 
ERROR	request_80: Failed to build request: Resource winnersNet2/winnersnet2/0080_request.txt not found 	1605037056001
REQUEST		request_78	1605037056004	1605037056039	OK	 
REQUEST		request_76	1605037056009	1605037056044	OK	 
REQUEST		request_81	1605037056010	1605037056380	OK	 
REQUEST		request_79	1605037056003	1605037056408	OK	 
REQUEST		request_75	1605037056007	1605037057050	OK	 
REQUEST		request_82	1605037056006	1605037057549	OK	 
REQUEST		request_83	1605037058551	1605037059026	OK	 
REQUEST		request_88	1605037059029	1605037059263	OK	 
REQUEST		request_93	1605037059030	1605037059306	OK	 
REQUEST		request_92	1605037059032	1605037059321	OK	 
REQUEST		request_89	1605037059037	1605037059501	OK	 
REQUEST		request_86	1605037059034	1605037059502	OK	 
REQUEST		request_91	1605037059041	1605037059506	OK	 
REQUEST		request_87	1605037059036	1605037059509	OK	 
REQUEST		request_90	1605037059039	1605037059510	OK	 
REQUEST		request_84	1605037059038	1605037059511	OK	 
REQUEST		request_85	1605037059042	1605037059512	OK	 
REQUEST		request_96	1605037068517	1605037070265	OK	 
ERROR	request_102: Failed to build request: Resource winnersNet2/winnersnet2/0102_request.txt not found 	1605037070267
REQUEST		request_97	1605037070269	1605037070345	OK	 
REQUEST		request_99	1605037070272	1605037070843	OK	 
REQUEST		request_101	1605037070275	1605037070925	OK	 
USER	winnersNet2	END	1605037070971
