RUN	winnersNet2	winnersnet2	1605039955352	 	3.4.1
USER	winnersNet2	START	1605039957917
REQUEST		HomePage	1605039957971	1605039959607	OK	 
ERROR	request_25: Failed to build request: Resource winnersNet2/winnersnet2/0025_request.txt not found 	1605039960028
REQUEST		97005b1fa8b880470fd00f55381bb707a5353b52.25a82babb89ff2c4d053.js	1605039960266	1605039961740	OK	 
REQUEST		request_1	1605039960320	1605039961908	OK	 
REQUEST		request_15	1605039960534	1605039961959	OK	 
REQUEST		request_12	1605039960389	1605039961962	OK	 
REQUEST		request_2	1605039960494	1605039962251	OK	 
REQUEST		request_6	1605039960345	1605039962541	OK	 
REQUEST		request_16	1605039960406	1605039962551	OK	 
REQUEST		request_18	1605039960417	1605039962554	OK	 
REQUEST		request_14	1605039960531	1605039962582	OK	 
REQUEST		request_7	1605039960544	1605039962586	OK	 
REQUEST		styles.39ea1f1dc7a87033c85a.js	1605039960580	1605039962676	OK	 
REQUEST		request_19	1605039960591	1605039962681	OK	 
REQUEST		request_4	1605039960571	1605039962692	OK	 
REQUEST		framework.21e86a6ca33c219df566.js	1605039961652	1605039962703	OK	 
REQUEST		request_8	1605039961654	1605039962707	OK	 
REQUEST		main-d72b48eac781a8db5404.js	1605039961660	1605039962716	OK	 
REQUEST		request_10	1605039960546	1605039962723	OK	 
REQUEST		request_36	1605039960272	1605039962847	OK	 
REQUEST		android-chrome-affiliates.png	1605039960566	1605039962851	OK	 
REQUEST		request_34	1605039960094	1605039962857	OK	 
REQUEST		request_33	1605039960569	1605039962865	OK	 
REQUEST		request_17	1605039960275	1605039962894	OK	 
REQUEST		request_29	1605039961656	1605039962917	OK	 
REQUEST		request_38	1605039961658	1605039962919	OK	 
REQUEST		request_32	1605039961662	1605039962924	OK	 
REQUEST		request_35	1605039961666	1605039962928	OK	 
REQUEST		favicon.ico	1605039960556	1605039963067	KO	status.find.in(200,201,202,203,204,205,206,207,208,209,304), found 404
REQUEST		android-chrome-affiliates.png	1605039960558	1605039963082	OK	 
REQUEST		request_23	1605039960577	1605039963127	OK	 
REQUEST		request_20	1605039961664	1605039963130	OK	 
REQUEST		request_39	1605039960419	1605039963480	OK	 
REQUEST		request_27	1605039960587	1605039963575	OK	 
REQUEST		request_3	1605039960287	1605039963691	OK	 
REQUEST		request_40	1605039960548	1605039963790	OK	 
REQUEST		request_28	1605039960284	1605039963814	OK	 
REQUEST		index-7c7275ba2ecfcd718789.js	1605039960309	1605039964402	OK	 
REQUEST		_buildManifest.js	1605039960355	1605039964433	OK	 
REQUEST		request_9	1605039960332	1605039964464	OK	 
REQUEST		request_5	1605039960403	1605039964474	OK	 
REQUEST		e9daf36223ccd9e6764bf5f28bb8749330afe8c9_CSS.d35057fdc45a97a4d314.js	1605039960508	1605039964476	OK	 
REQUEST		request_13	1605039960359	1605039964503	OK	 
REQUEST		_ssgManifest.js	1605039960394	1605039964505	OK	 
REQUEST		webpack-92ffdb335f65da18282a.js	1605039960503	1605039964513	OK	 
REQUEST		styles.f1131976.chunk.css	1605039960351	1605039964519	OK	 
REQUEST		_app-1b7d7a8358e2cec6364a.js	1605039960313	1605039964541	OK	 
REQUEST		921dfede6aa2def24e2c7916f7932efe4651736c.d60fca232f7f1991e4f6.js	1605039960514	1605039964553	OK	 
REQUEST		polyfills-14f22bd5ea2614ff4fc2.js	1605039960347	1605039964563	OK	 
REQUEST		e9daf36223ccd9e6764bf5f28bb8749330afe8c9.ec9c497b4635b030a724.js	1605039960511	1605039964611	OK	 
REQUEST		request_21	1605039960328	1605039964615	OK	 
REQUEST		request_37	1605039960488	1605039964618	OK	 
REQUEST		e9daf36223ccd9e6764bf5f28bb8749330afe8c9_CSS.ab76aafd.chunk.css	1605039960385	1605039964620	OK	 
REQUEST		commons.264192a9efdba1138dce.js	1605039960318	1605039964628	OK	 
REQUEST		9222483f0f17f69ca626e1bded5c48501491122a.cd9968df5857edb265ef.js	1605039960396	1605039964632	OK	 
REQUEST		request_26	1605039960382	1605039964718	OK	 
REQUEST		request_31	1605039960523	1605039964750	OK	 
REQUEST		request_11	1605039960342	1605039964752	OK	 
REQUEST		request_30	1605039960517	1605039964834	OK	 
REQUEST		request_22	1605039960537	1605039965109	OK	 
REQUEST		request_24	1605039960491	1605039965285	OK	 
REQUEST		request_44	1605039966295	1605039967892	OK	 
REQUEST		request_45	1605039970895	1605039971465	OK	 
ERROR	request_49: Failed to build request: Resource winnersNet2/winnersnet2/0049_request.txt not found 	1605039971469
REQUEST		request_48	1605039971473	1605039971514	OK	 
REQUEST		request_46	1605039971472	1605039973467	OK	 
REQUEST		request_51	1605039971475	1605039974156	OK	 
REQUEST		request_50	1605039971477	1605039975576	OK	 
REQUEST		request_52	1605039977578	1605039977642	OK	 
REQUEST		request_59	1605039977650	1605039977904	OK	 
REQUEST		request_61	1605039977656	1605039977911	OK	 
REQUEST		request_53	1605039977651	1605039977915	OK	 
REQUEST		request_67	1605039977663	1605039977919	OK	 
REQUEST		request_55	1605039977647	1605039977922	OK	 
REQUEST		request_54	1605039977653	1605039978065	OK	 
REQUEST		request_58	1605039977649	1605039978073	OK	 
REQUEST		request_60	1605039977664	1605039978075	OK	 
REQUEST		request_56	1605039977661	1605039978085	OK	 
REQUEST		request_65	1605039977657	1605039978242	OK	 
REQUEST		request_62	1605039977659	1605039978249	OK	 
REQUEST		request_66	1605039977670	1605039978258	OK	 
REQUEST		request_57	1605039977666	1605039978259	OK	 
REQUEST		request_64	1605039977654	1605039978479	OK	 
REQUEST		request_63	1605039977668	1605039978482	OK	 
REQUEST		request_69	1605039983484	1605039983525	OK	 
REQUEST		request_70	1605039983527	1605039985765	OK	 
REQUEST		ViewRecomendedBookmakerPage	1605039989767	1605039989806	OK	 
REQUEST		request_73	1605039989808	1605039990753	OK	 
REQUEST		request_72	1605039989809	1605039991319	OK	 
ERROR	request_80: Failed to build request: Resource winnersNet2/winnersnet2/0080_request.txt not found 	1605039994321
REQUEST		request_78	1605039994325	1605039994363	OK	 
REQUEST		request_76	1605039994332	1605039994378	OK	 
REQUEST		request_79	1605039994327	1605039994757	OK	 
REQUEST		request_75	1605039994329	1605039994878	OK	 
REQUEST		request_81	1605039994330	1605039994921	OK	 
REQUEST		request_82	1605039994323	1605039995325	OK	 
REQUEST		request_83	1605039996326	1605039996751	OK	 
REQUEST		request_84	1605039996755	1605039997013	OK	 
REQUEST		request_89	1605039996754	1605039997140	OK	 
REQUEST		request_87	1605039996758	1605039997166	OK	 
REQUEST		request_86	1605039996760	1605039997180	OK	 
REQUEST		request_88	1605039996757	1605039997186	OK	 
REQUEST		request_92	1605039996766	1605039997188	OK	 
REQUEST		request_91	1605039996765	1605039997189	OK	 
REQUEST		request_90	1605039996762	1605039997190	OK	 
REQUEST		request_85	1605039996764	1605039997191	OK	 
REQUEST		request_93	1605039996761	1605039997192	OK	 
REQUEST		request_96	1605040006196	1605040008257	OK	 
ERROR	request_102: Failed to build request: Resource winnersNet2/winnersnet2/0102_request.txt not found 	1605040008259
REQUEST		request_97	1605040008261	1605040008349	OK	 
REQUEST		request_99	1605040008263	1605040008708	OK	 
REQUEST		request_101	1605040008265	1605040008868	OK	 
USER	winnersNet2	END	1605040008905
