RUN	winnersNet	winnersnet	1605034122539	 	3.4.1
USER	winnersNet	START	1605034124492
USER	winnersNet	START	1605034124493
USER	winnersNet	START	1605034124493
USER	winnersNet	START	1605034124494
USER	winnersNet	START	1605034124492
USER	winnersNet	START	1605034124493
USER	winnersNet	START	1605034124493
USER	winnersNet	START	1605034124493
USER	winnersNet	START	1605034124834
USER	winnersNet	START	1605034124834
USER	winnersNet	START	1605034124833
USER	winnersNet	START	1605034124829
USER	winnersNet	START	1605034124833
USER	winnersNet	START	1605034124840
USER	winnersNet	START	1605034124839
USER	winnersNet	START	1605034124836
USER	winnersNet	START	1605034124842
USER	winnersNet	START	1605034124844
USER	winnersNet	START	1605034124846
USER	winnersNet	START	1605034124848
USER	winnersNet	START	1605034124836
USER	winnersNet	START	1605034124841
USER	winnersNet	START	1605034124850
USER	winnersNet	START	1605034124830
USER	winnersNet	START	1605034124852
USER	winnersNet	START	1605034124830
USER	winnersNet	START	1605034124844
USER	winnersNet	START	1605034124854
USER	winnersNet	START	1605034124830
USER	winnersNet	START	1605034124857
USER	winnersNet	START	1605034124842
USER	winnersNet	START	1605034124853
USER	winnersNet	START	1605034124859
USER	winnersNet	START	1605034124860
USER	winnersNet	START	1605034124861
USER	winnersNet	START	1605034124856
USER	winnersNet	START	1605034124852
USER	winnersNet	START	1605034124850
USER	winnersNet	START	1605034124865
USER	winnersNet	START	1605034124861
USER	winnersNet	START	1605034124861
USER	winnersNet	START	1605034124863
USER	winnersNet	START	1605034124868
USER	winnersNet	START	1605034124855
USER	winnersNet	START	1605034124871
USER	winnersNet	START	1605034124867
USER	winnersNet	START	1605034124873
USER	winnersNet	START	1605034124873
USER	winnersNet	START	1605034124875
USER	winnersNet	START	1605034124878
REQUEST		HomePage	1605034124852	1605034126404	OK	 
ERROR	request_21: Failed to build request: Resource winners/netPackage/winnersnet/0021_request.txt not found 	1605034126956
REQUEST		HomePage	1605034124831	1605034127612	OK	 
REQUEST		HomePage	1605034124833	1605034127612	OK	 
ERROR	request_21: Failed to build request: Resource winners/netPackage/winnersnet/0021_request.txt not found 	1605034127619
ERROR	request_21: Failed to build request: Resource winners/netPackage/winnersnet/0021_request.txt not found 	1605034127622
REQUEST		HomePage	1605034124841	1605034127624	OK	 
ERROR	request_21: Failed to build request: Resource winners/netPackage/winnersnet/0021_request.txt not found 	1605034127628
REQUEST		HomePage	1605034124551	1605034127634	OK	 
ERROR	request_21: Failed to build request: Resource winners/netPackage/winnersnet/0021_request.txt not found 	1605034127641
REQUEST		HomePage	1605034124830	1605034127643	OK	 
ERROR	request_21: Failed to build request: Resource winners/netPackage/winnersnet/0021_request.txt not found 	1605034127647
REQUEST		HomePage	1605034124837	1605034127928	OK	 
ERROR	request_21: Failed to build request: Resource winners/netPackage/winnersnet/0021_request.txt not found 	1605034127932
REQUEST		HomePage	1605034124858	1605034127951	OK	 
ERROR	request_21: Failed to build request: Resource winners/netPackage/winnersnet/0021_request.txt not found 	1605034127957
REQUEST		HomePage	1605034124556	1605034128316	OK	 
ERROR	request_21: Failed to build request: Resource winners/netPackage/winnersnet/0021_request.txt not found 	1605034128320
REQUEST		HomePage	1605034124552	1605034128319	OK	 
ERROR	request_21: Failed to build request: Resource winners/netPackage/winnersnet/0021_request.txt not found 	1605034128337
REQUEST		HomePage	1605034124553	1605034128376	OK	 
ERROR	request_21: Failed to build request: Resource winners/netPackage/winnersnet/0021_request.txt not found 	1605034128395
REQUEST		HomePage	1605034124555	1605034128425	OK	 
ERROR	request_21: Failed to build request: Resource winners/netPackage/winnersnet/0021_request.txt not found 	1605034128427
REQUEST		HomePage	1605034124554	1605034128513	OK	 
ERROR	request_21: Failed to build request: Resource winners/netPackage/winnersnet/0021_request.txt not found 	1605034128517
REQUEST		HomePage	1605034124556	1605034128570	OK	 
ERROR	request_21: Failed to build request: Resource winners/netPackage/winnersnet/0021_request.txt not found 	1605034128573
REQUEST		HomePage	1605034124830	1605034128587	OK	 
ERROR	request_21: Failed to build request: Resource winners/netPackage/winnersnet/0021_request.txt not found 	1605034128589
REQUEST		HomePage	1605034124833	1605034128696	OK	 
ERROR	request_21: Failed to build request: Resource winners/netPackage/winnersnet/0021_request.txt not found 	1605034128698
REQUEST		HomePage	1605034124868	1605034128718	OK	 
ERROR	request_21: Failed to build request: Resource winners/netPackage/winnersnet/0021_request.txt not found 	1605034128722
REQUEST		HomePage	1605034124554	1605034128933	OK	 
ERROR	request_21: Failed to build request: Resource winners/netPackage/winnersnet/0021_request.txt not found 	1605034128938
REQUEST		HomePage	1605034124839	1605034129086	OK	 
ERROR	request_21: Failed to build request: Resource winners/netPackage/winnersnet/0021_request.txt not found 	1605034129088
REQUEST		HomePage	1605034124854	1605034129111	OK	 
ERROR	request_21: Failed to build request: Resource winners/netPackage/winnersnet/0021_request.txt not found 	1605034129112
REQUEST		HomePage	1605034124843	1605034129108	OK	 
ERROR	request_21: Failed to build request: Resource winners/netPackage/winnersnet/0021_request.txt not found 	1605034129117
REQUEST		HomePage	1605034124873	1605034129134	OK	 
ERROR	request_21: Failed to build request: Resource winners/netPackage/winnersnet/0021_request.txt not found 	1605034129136
REQUEST		HomePage	1605034124850	1605034129148	OK	 
ERROR	request_21: Failed to build request: Resource winners/netPackage/winnersnet/0021_request.txt not found 	1605034129150
REQUEST		HomePage	1605034124835	1605034129197	OK	 
ERROR	request_21: Failed to build request: Resource winners/netPackage/winnersnet/0021_request.txt not found 	1605034129199
REQUEST		HomePage	1605034124845	1605034129232	OK	 
ERROR	request_21: Failed to build request: Resource winners/netPackage/winnersnet/0021_request.txt not found 	1605034129233
REQUEST		HomePage	1605034124830	1605034129253	OK	 
ERROR	request_21: Failed to build request: Resource winners/netPackage/winnersnet/0021_request.txt not found 	1605034129256
REQUEST		HomePage	1605034124835	1605034129326	OK	 
ERROR	request_21: Failed to build request: Resource winners/netPackage/winnersnet/0021_request.txt not found 	1605034129327
REQUEST		HomePage	1605034124861	1605034129368	OK	 
ERROR	request_21: Failed to build request: Resource winners/netPackage/winnersnet/0021_request.txt not found 	1605034129369
REQUEST		HomePage	1605034124852	1605034129391	OK	 
ERROR	request_21: Failed to build request: Resource winners/netPackage/winnersnet/0021_request.txt not found 	1605034129393
REQUEST		HomePage	1605034124857	1605034129441	OK	 
ERROR	request_21: Failed to build request: Resource winners/netPackage/winnersnet/0021_request.txt not found 	1605034129442
REQUEST		HomePage	1605034124869	1605034129482	OK	 
ERROR	request_21: Failed to build request: Resource winners/netPackage/winnersnet/0021_request.txt not found 	1605034129485
REQUEST		HomePage	1605034124853	1605034129560	OK	 
ERROR	request_21: Failed to build request: Resource winners/netPackage/winnersnet/0021_request.txt not found 	1605034129561
REQUEST		HomePage	1605034124860	1605034129573	OK	 
ERROR	request_21: Failed to build request: Resource winners/netPackage/winnersnet/0021_request.txt not found 	1605034129575
REQUEST		HomePage	1605034124876	1605034129576	OK	 
ERROR	request_21: Failed to build request: Resource winners/netPackage/winnersnet/0021_request.txt not found 	1605034129578
REQUEST		HomePage	1605034124837	1605034129633	OK	 
ERROR	request_21: Failed to build request: Resource winners/netPackage/winnersnet/0021_request.txt not found 	1605034129636
REQUEST		HomePage	1605034124860	1605034129685	OK	 
ERROR	request_21: Failed to build request: Resource winners/netPackage/winnersnet/0021_request.txt not found 	1605034129686
REQUEST		HomePage	1605034124861	1605034129709	OK	 
REQUEST		HomePage	1605034124844	1605034129709	OK	 
ERROR	request_21: Failed to build request: Resource winners/netPackage/winnersnet/0021_request.txt not found 	1605034129710
ERROR	request_21: Failed to build request: Resource winners/netPackage/winnersnet/0021_request.txt not found 	1605034129712
REQUEST		HomePage	1605034124871	1605034129829	OK	 
ERROR	request_21: Failed to build request: Resource winners/netPackage/winnersnet/0021_request.txt not found 	1605034129830
REQUEST		HomePage	1605034124879	1605034129849	OK	 
ERROR	request_21: Failed to build request: Resource winners/netPackage/winnersnet/0021_request.txt not found 	1605034129850
REQUEST		HomePage	1605034124865	1605034129883	OK	 
ERROR	request_21: Failed to build request: Resource winners/netPackage/winnersnet/0021_request.txt not found 	1605034129884
REQUEST		HomePage	1605034124868	1605034129931	OK	 
ERROR	request_21: Failed to build request: Resource winners/netPackage/winnersnet/0021_request.txt not found 	1605034129932
REQUEST		HomePage	1605034124846	1605034129987	OK	 
ERROR	request_21: Failed to build request: Resource winners/netPackage/winnersnet/0021_request.txt not found 	1605034129988
REQUEST		HomePage	1605034124863	1605034130006	OK	 
ERROR	request_21: Failed to build request: Resource winners/netPackage/winnersnet/0021_request.txt not found 	1605034130007
REQUEST		HomePage	1605034124851	1605034130061	OK	 
ERROR	request_21: Failed to build request: Resource winners/netPackage/winnersnet/0021_request.txt not found 	1605034130063
REQUEST		HomePage	1605034124872	1605034130185	OK	 
ERROR	request_21: Failed to build request: Resource winners/netPackage/winnersnet/0021_request.txt not found 	1605034130186
REQUEST		HomePage	1605034124854	1605034130192	OK	 
ERROR	request_21: Failed to build request: Resource winners/netPackage/winnersnet/0021_request.txt not found 	1605034130193
REQUEST		HomePage	1605034124849	1605034130243	OK	 
ERROR	request_21: Failed to build request: Resource winners/netPackage/winnersnet/0021_request.txt not found 	1605034130244
REQUEST		HomePage	1605034124874	1605034130247	OK	 
ERROR	request_21: Failed to build request: Resource winners/netPackage/winnersnet/0021_request.txt not found 	1605034130248
REQUEST		HomePage	1605034124858	1605034130390	OK	 
ERROR	request_21: Failed to build request: Resource winners/netPackage/winnersnet/0021_request.txt not found 	1605034130391
ERROR	request_47: Failed to build request: Resource winners/netPackage/winnersnet/0047_request.txt not found 	1605034172013
ERROR	request_50: Failed to build request: Resource winners/netPackage/winnersnet/0050_request.txt not found 	1605034172013
ERROR	request_53: Failed to build request: Resource winners/netPackage/winnersnet/0053_request.txt not found 	1605034172014
ERROR	request_57: Failed to build request: Resource winners/netPackage/winnersnet/0057_request.txt not found 	1605034172014
ERROR	request_60: Failed to build request: Resource winners/netPackage/winnersnet/0060_request.txt not found 	1605034172014
ERROR	request_63: Failed to build request: Resource winners/netPackage/winnersnet/0063_request.txt not found 	1605034172014
ERROR	request_66: Failed to build request: Resource winners/netPackage/winnersnet/0066_request.txt not found 	1605034172014
ERROR	request_47: Failed to build request: Resource winners/netPackage/winnersnet/0047_request.txt not found 	1605034177450
ERROR	request_50: Failed to build request: Resource winners/netPackage/winnersnet/0050_request.txt not found 	1605034177450
ERROR	request_53: Failed to build request: Resource winners/netPackage/winnersnet/0053_request.txt not found 	1605034177450
ERROR	request_57: Failed to build request: Resource winners/netPackage/winnersnet/0057_request.txt not found 	1605034177451
ERROR	request_60: Failed to build request: Resource winners/netPackage/winnersnet/0060_request.txt not found 	1605034177451
ERROR	request_63: Failed to build request: Resource winners/netPackage/winnersnet/0063_request.txt not found 	1605034177451
ERROR	request_66: Failed to build request: Resource winners/netPackage/winnersnet/0066_request.txt not found 	1605034177452
ERROR	request_47: Failed to build request: Resource winners/netPackage/winnersnet/0047_request.txt not found 	1605034181586
ERROR	request_50: Failed to build request: Resource winners/netPackage/winnersnet/0050_request.txt not found 	1605034181587
ERROR	request_53: Failed to build request: Resource winners/netPackage/winnersnet/0053_request.txt not found 	1605034181587
ERROR	request_57: Failed to build request: Resource winners/netPackage/winnersnet/0057_request.txt not found 	1605034181587
ERROR	request_60: Failed to build request: Resource winners/netPackage/winnersnet/0060_request.txt not found 	1605034181587
ERROR	request_63: Failed to build request: Resource winners/netPackage/winnersnet/0063_request.txt not found 	1605034181587
ERROR	request_66: Failed to build request: Resource winners/netPackage/winnersnet/0066_request.txt not found 	1605034181587
ERROR	request_47: Failed to build request: Resource winners/netPackage/winnersnet/0047_request.txt not found 	1605034188290
ERROR	request_50: Failed to build request: Resource winners/netPackage/winnersnet/0050_request.txt not found 	1605034188290
ERROR	request_53: Failed to build request: Resource winners/netPackage/winnersnet/0053_request.txt not found 	1605034188290
ERROR	request_57: Failed to build request: Resource winners/netPackage/winnersnet/0057_request.txt not found 	1605034188290
ERROR	request_60: Failed to build request: Resource winners/netPackage/winnersnet/0060_request.txt not found 	1605034188290
ERROR	request_63: Failed to build request: Resource winners/netPackage/winnersnet/0063_request.txt not found 	1605034188290
ERROR	request_66: Failed to build request: Resource winners/netPackage/winnersnet/0066_request.txt not found 	1605034188291
ERROR	request_47: Failed to build request: Resource winners/netPackage/winnersnet/0047_request.txt not found 	1605034189435
ERROR	request_50: Failed to build request: Resource winners/netPackage/winnersnet/0050_request.txt not found 	1605034189435
ERROR	request_53: Failed to build request: Resource winners/netPackage/winnersnet/0053_request.txt not found 	1605034189435
ERROR	request_57: Failed to build request: Resource winners/netPackage/winnersnet/0057_request.txt not found 	1605034189436
ERROR	request_60: Failed to build request: Resource winners/netPackage/winnersnet/0060_request.txt not found 	1605034189436
ERROR	request_63: Failed to build request: Resource winners/netPackage/winnersnet/0063_request.txt not found 	1605034189437
ERROR	request_66: Failed to build request: Resource winners/netPackage/winnersnet/0066_request.txt not found 	1605034189437
ERROR	request_47: Failed to build request: Resource winners/netPackage/winnersnet/0047_request.txt not found 	1605034190432
ERROR	request_50: Failed to build request: Resource winners/netPackage/winnersnet/0050_request.txt not found 	1605034190432
ERROR	request_53: Failed to build request: Resource winners/netPackage/winnersnet/0053_request.txt not found 	1605034190432
ERROR	request_57: Failed to build request: Resource winners/netPackage/winnersnet/0057_request.txt not found 	1605034190432
ERROR	request_60: Failed to build request: Resource winners/netPackage/winnersnet/0060_request.txt not found 	1605034190432
ERROR	request_63: Failed to build request: Resource winners/netPackage/winnersnet/0063_request.txt not found 	1605034190432
ERROR	request_66: Failed to build request: Resource winners/netPackage/winnersnet/0066_request.txt not found 	1605034190432
ERROR	request_47: Failed to build request: Resource winners/netPackage/winnersnet/0047_request.txt not found 	1605034190721
ERROR	request_50: Failed to build request: Resource winners/netPackage/winnersnet/0050_request.txt not found 	1605034190721
ERROR	request_53: Failed to build request: Resource winners/netPackage/winnersnet/0053_request.txt not found 	1605034190721
ERROR	request_57: Failed to build request: Resource winners/netPackage/winnersnet/0057_request.txt not found 	1605034190721
ERROR	request_60: Failed to build request: Resource winners/netPackage/winnersnet/0060_request.txt not found 	1605034190721
ERROR	request_63: Failed to build request: Resource winners/netPackage/winnersnet/0063_request.txt not found 	1605034190721
ERROR	request_66: Failed to build request: Resource winners/netPackage/winnersnet/0066_request.txt not found 	1605034190721
ERROR	request_47: Failed to build request: Resource winners/netPackage/winnersnet/0047_request.txt not found 	1605034191971
ERROR	request_50: Failed to build request: Resource winners/netPackage/winnersnet/0050_request.txt not found 	1605034191971
ERROR	request_53: Failed to build request: Resource winners/netPackage/winnersnet/0053_request.txt not found 	1605034191971
ERROR	request_57: Failed to build request: Resource winners/netPackage/winnersnet/0057_request.txt not found 	1605034191971
ERROR	request_60: Failed to build request: Resource winners/netPackage/winnersnet/0060_request.txt not found 	1605034191971
ERROR	request_63: Failed to build request: Resource winners/netPackage/winnersnet/0063_request.txt not found 	1605034191971
ERROR	request_66: Failed to build request: Resource winners/netPackage/winnersnet/0066_request.txt not found 	1605034191971
ERROR	request_47: Failed to build request: Resource winners/netPackage/winnersnet/0047_request.txt not found 	1605034193777
ERROR	request_50: Failed to build request: Resource winners/netPackage/winnersnet/0050_request.txt not found 	1605034193777
ERROR	request_53: Failed to build request: Resource winners/netPackage/winnersnet/0053_request.txt not found 	1605034193777
ERROR	request_57: Failed to build request: Resource winners/netPackage/winnersnet/0057_request.txt not found 	1605034193778
ERROR	request_60: Failed to build request: Resource winners/netPackage/winnersnet/0060_request.txt not found 	1605034193778
ERROR	request_63: Failed to build request: Resource winners/netPackage/winnersnet/0063_request.txt not found 	1605034193778
ERROR	request_66: Failed to build request: Resource winners/netPackage/winnersnet/0066_request.txt not found 	1605034193778
ERROR	request_47: Failed to build request: Resource winners/netPackage/winnersnet/0047_request.txt not found 	1605034194912
ERROR	request_50: Failed to build request: Resource winners/netPackage/winnersnet/0050_request.txt not found 	1605034194912
ERROR	request_53: Failed to build request: Resource winners/netPackage/winnersnet/0053_request.txt not found 	1605034194912
ERROR	request_57: Failed to build request: Resource winners/netPackage/winnersnet/0057_request.txt not found 	1605034194913
ERROR	request_60: Failed to build request: Resource winners/netPackage/winnersnet/0060_request.txt not found 	1605034194913
ERROR	request_63: Failed to build request: Resource winners/netPackage/winnersnet/0063_request.txt not found 	1605034194913
ERROR	request_66: Failed to build request: Resource winners/netPackage/winnersnet/0066_request.txt not found 	1605034194913
ERROR	request_47: Failed to build request: Resource winners/netPackage/winnersnet/0047_request.txt not found 	1605034195096
ERROR	request_50: Failed to build request: Resource winners/netPackage/winnersnet/0050_request.txt not found 	1605034195096
ERROR	request_53: Failed to build request: Resource winners/netPackage/winnersnet/0053_request.txt not found 	1605034195096
ERROR	request_57: Failed to build request: Resource winners/netPackage/winnersnet/0057_request.txt not found 	1605034195096
ERROR	request_60: Failed to build request: Resource winners/netPackage/winnersnet/0060_request.txt not found 	1605034195097
ERROR	request_63: Failed to build request: Resource winners/netPackage/winnersnet/0063_request.txt not found 	1605034195097
ERROR	request_66: Failed to build request: Resource winners/netPackage/winnersnet/0066_request.txt not found 	1605034195097
ERROR	request_47: Failed to build request: Resource winners/netPackage/winnersnet/0047_request.txt not found 	1605034195425
ERROR	request_50: Failed to build request: Resource winners/netPackage/winnersnet/0050_request.txt not found 	1605034195425
ERROR	request_53: Failed to build request: Resource winners/netPackage/winnersnet/0053_request.txt not found 	1605034195425
ERROR	request_57: Failed to build request: Resource winners/netPackage/winnersnet/0057_request.txt not found 	1605034195425
ERROR	request_60: Failed to build request: Resource winners/netPackage/winnersnet/0060_request.txt not found 	1605034195425
ERROR	request_63: Failed to build request: Resource winners/netPackage/winnersnet/0063_request.txt not found 	1605034195425
ERROR	request_66: Failed to build request: Resource winners/netPackage/winnersnet/0066_request.txt not found 	1605034195425
ERROR	request_47: Failed to build request: Resource winners/netPackage/winnersnet/0047_request.txt not found 	1605034195966
ERROR	request_50: Failed to build request: Resource winners/netPackage/winnersnet/0050_request.txt not found 	1605034195966
ERROR	request_53: Failed to build request: Resource winners/netPackage/winnersnet/0053_request.txt not found 	1605034195966
ERROR	request_57: Failed to build request: Resource winners/netPackage/winnersnet/0057_request.txt not found 	1605034195966
ERROR	request_60: Failed to build request: Resource winners/netPackage/winnersnet/0060_request.txt not found 	1605034195967
ERROR	request_63: Failed to build request: Resource winners/netPackage/winnersnet/0063_request.txt not found 	1605034195967
ERROR	request_66: Failed to build request: Resource winners/netPackage/winnersnet/0066_request.txt not found 	1605034195967
ERROR	request_47: Failed to build request: Resource winners/netPackage/winnersnet/0047_request.txt not found 	1605034197981
ERROR	request_50: Failed to build request: Resource winners/netPackage/winnersnet/0050_request.txt not found 	1605034197982
ERROR	request_53: Failed to build request: Resource winners/netPackage/winnersnet/0053_request.txt not found 	1605034197982
ERROR	request_57: Failed to build request: Resource winners/netPackage/winnersnet/0057_request.txt not found 	1605034197982
ERROR	request_60: Failed to build request: Resource winners/netPackage/winnersnet/0060_request.txt not found 	1605034197983
ERROR	request_63: Failed to build request: Resource winners/netPackage/winnersnet/0063_request.txt not found 	1605034197983
ERROR	request_66: Failed to build request: Resource winners/netPackage/winnersnet/0066_request.txt not found 	1605034197984
ERROR	request_47: Failed to build request: Resource winners/netPackage/winnersnet/0047_request.txt not found 	1605034198028
ERROR	request_50: Failed to build request: Resource winners/netPackage/winnersnet/0050_request.txt not found 	1605034198029
ERROR	request_53: Failed to build request: Resource winners/netPackage/winnersnet/0053_request.txt not found 	1605034198029
ERROR	request_57: Failed to build request: Resource winners/netPackage/winnersnet/0057_request.txt not found 	1605034198029
ERROR	request_60: Failed to build request: Resource winners/netPackage/winnersnet/0060_request.txt not found 	1605034198029
ERROR	request_63: Failed to build request: Resource winners/netPackage/winnersnet/0063_request.txt not found 	1605034198029
ERROR	request_66: Failed to build request: Resource winners/netPackage/winnersnet/0066_request.txt not found 	1605034198029
ERROR	request_47: Failed to build request: Resource winners/netPackage/winnersnet/0047_request.txt not found 	1605034198096
ERROR	request_50: Failed to build request: Resource winners/netPackage/winnersnet/0050_request.txt not found 	1605034198096
ERROR	request_53: Failed to build request: Resource winners/netPackage/winnersnet/0053_request.txt not found 	1605034198096
ERROR	request_57: Failed to build request: Resource winners/netPackage/winnersnet/0057_request.txt not found 	1605034198096
ERROR	request_60: Failed to build request: Resource winners/netPackage/winnersnet/0060_request.txt not found 	1605034198096
ERROR	request_63: Failed to build request: Resource winners/netPackage/winnersnet/0063_request.txt not found 	1605034198096
ERROR	request_66: Failed to build request: Resource winners/netPackage/winnersnet/0066_request.txt not found 	1605034198097
ERROR	request_47: Failed to build request: Resource winners/netPackage/winnersnet/0047_request.txt not found 	1605034198166
ERROR	request_50: Failed to build request: Resource winners/netPackage/winnersnet/0050_request.txt not found 	1605034198166
ERROR	request_53: Failed to build request: Resource winners/netPackage/winnersnet/0053_request.txt not found 	1605034198166
ERROR	request_57: Failed to build request: Resource winners/netPackage/winnersnet/0057_request.txt not found 	1605034198166
ERROR	request_60: Failed to build request: Resource winners/netPackage/winnersnet/0060_request.txt not found 	1605034198166
ERROR	request_63: Failed to build request: Resource winners/netPackage/winnersnet/0063_request.txt not found 	1605034198167
ERROR	request_66: Failed to build request: Resource winners/netPackage/winnersnet/0066_request.txt not found 	1605034198167
ERROR	request_47: Failed to build request: Resource winners/netPackage/winnersnet/0047_request.txt not found 	1605034198184
ERROR	request_50: Failed to build request: Resource winners/netPackage/winnersnet/0050_request.txt not found 	1605034198184
ERROR	request_53: Failed to build request: Resource winners/netPackage/winnersnet/0053_request.txt not found 	1605034198184
ERROR	request_57: Failed to build request: Resource winners/netPackage/winnersnet/0057_request.txt not found 	1605034198184
ERROR	request_60: Failed to build request: Resource winners/netPackage/winnersnet/0060_request.txt not found 	1605034198185
ERROR	request_63: Failed to build request: Resource winners/netPackage/winnersnet/0063_request.txt not found 	1605034198185
ERROR	request_66: Failed to build request: Resource winners/netPackage/winnersnet/0066_request.txt not found 	1605034198185
ERROR	request_47: Failed to build request: Resource winners/netPackage/winnersnet/0047_request.txt not found 	1605034198486
ERROR	request_50: Failed to build request: Resource winners/netPackage/winnersnet/0050_request.txt not found 	1605034198486
ERROR	request_53: Failed to build request: Resource winners/netPackage/winnersnet/0053_request.txt not found 	1605034198486
ERROR	request_57: Failed to build request: Resource winners/netPackage/winnersnet/0057_request.txt not found 	1605034198486
ERROR	request_60: Failed to build request: Resource winners/netPackage/winnersnet/0060_request.txt not found 	1605034198486
ERROR	request_63: Failed to build request: Resource winners/netPackage/winnersnet/0063_request.txt not found 	1605034198486
ERROR	request_66: Failed to build request: Resource winners/netPackage/winnersnet/0066_request.txt not found 	1605034198487
ERROR	request_47: Failed to build request: Resource winners/netPackage/winnersnet/0047_request.txt not found 	1605034198601
ERROR	request_50: Failed to build request: Resource winners/netPackage/winnersnet/0050_request.txt not found 	1605034198602
ERROR	request_53: Failed to build request: Resource winners/netPackage/winnersnet/0053_request.txt not found 	1605034198602
ERROR	request_57: Failed to build request: Resource winners/netPackage/winnersnet/0057_request.txt not found 	1605034198602
ERROR	request_60: Failed to build request: Resource winners/netPackage/winnersnet/0060_request.txt not found 	1605034198602
ERROR	request_63: Failed to build request: Resource winners/netPackage/winnersnet/0063_request.txt not found 	1605034198602
ERROR	request_66: Failed to build request: Resource winners/netPackage/winnersnet/0066_request.txt not found 	1605034198602
ERROR	request_47: Failed to build request: Resource winners/netPackage/winnersnet/0047_request.txt not found 	1605034198606
ERROR	request_50: Failed to build request: Resource winners/netPackage/winnersnet/0050_request.txt not found 	1605034198606
ERROR	request_53: Failed to build request: Resource winners/netPackage/winnersnet/0053_request.txt not found 	1605034198606
ERROR	request_57: Failed to build request: Resource winners/netPackage/winnersnet/0057_request.txt not found 	1605034198606
ERROR	request_60: Failed to build request: Resource winners/netPackage/winnersnet/0060_request.txt not found 	1605034198606
ERROR	request_63: Failed to build request: Resource winners/netPackage/winnersnet/0063_request.txt not found 	1605034198606
ERROR	request_66: Failed to build request: Resource winners/netPackage/winnersnet/0066_request.txt not found 	1605034198606
ERROR	request_47: Failed to build request: Resource winners/netPackage/winnersnet/0047_request.txt not found 	1605034198612
ERROR	request_50: Failed to build request: Resource winners/netPackage/winnersnet/0050_request.txt not found 	1605034198612
ERROR	request_53: Failed to build request: Resource winners/netPackage/winnersnet/0053_request.txt not found 	1605034198612
ERROR	request_57: Failed to build request: Resource winners/netPackage/winnersnet/0057_request.txt not found 	1605034198612
ERROR	request_60: Failed to build request: Resource winners/netPackage/winnersnet/0060_request.txt not found 	1605034198612
ERROR	request_63: Failed to build request: Resource winners/netPackage/winnersnet/0063_request.txt not found 	1605034198612
ERROR	request_66: Failed to build request: Resource winners/netPackage/winnersnet/0066_request.txt not found 	1605034198612
ERROR	request_47: Failed to build request: Resource winners/netPackage/winnersnet/0047_request.txt not found 	1605034198631
ERROR	request_50: Failed to build request: Resource winners/netPackage/winnersnet/0050_request.txt not found 	1605034198631
ERROR	request_53: Failed to build request: Resource winners/netPackage/winnersnet/0053_request.txt not found 	1605034198631
ERROR	request_57: Failed to build request: Resource winners/netPackage/winnersnet/0057_request.txt not found 	1605034198631
ERROR	request_60: Failed to build request: Resource winners/netPackage/winnersnet/0060_request.txt not found 	1605034198631
ERROR	request_63: Failed to build request: Resource winners/netPackage/winnersnet/0063_request.txt not found 	1605034198631
ERROR	request_66: Failed to build request: Resource winners/netPackage/winnersnet/0066_request.txt not found 	1605034198631
ERROR	request_47: Failed to build request: Resource winners/netPackage/winnersnet/0047_request.txt not found 	1605034198842
ERROR	request_50: Failed to build request: Resource winners/netPackage/winnersnet/0050_request.txt not found 	1605034198842
ERROR	request_53: Failed to build request: Resource winners/netPackage/winnersnet/0053_request.txt not found 	1605034198842
ERROR	request_57: Failed to build request: Resource winners/netPackage/winnersnet/0057_request.txt not found 	1605034198842
ERROR	request_60: Failed to build request: Resource winners/netPackage/winnersnet/0060_request.txt not found 	1605034198842
ERROR	request_63: Failed to build request: Resource winners/netPackage/winnersnet/0063_request.txt not found 	1605034198842
ERROR	request_66: Failed to build request: Resource winners/netPackage/winnersnet/0066_request.txt not found 	1605034198842
ERROR	request_47: Failed to build request: Resource winners/netPackage/winnersnet/0047_request.txt not found 	1605034198876
ERROR	request_50: Failed to build request: Resource winners/netPackage/winnersnet/0050_request.txt not found 	1605034198876
ERROR	request_53: Failed to build request: Resource winners/netPackage/winnersnet/0053_request.txt not found 	1605034198876
ERROR	request_57: Failed to build request: Resource winners/netPackage/winnersnet/0057_request.txt not found 	1605034198876
ERROR	request_60: Failed to build request: Resource winners/netPackage/winnersnet/0060_request.txt not found 	1605034198876
ERROR	request_63: Failed to build request: Resource winners/netPackage/winnersnet/0063_request.txt not found 	1605034198876
ERROR	request_66: Failed to build request: Resource winners/netPackage/winnersnet/0066_request.txt not found 	1605034198877
ERROR	request_47: Failed to build request: Resource winners/netPackage/winnersnet/0047_request.txt not found 	1605034199074
ERROR	request_50: Failed to build request: Resource winners/netPackage/winnersnet/0050_request.txt not found 	1605034199074
ERROR	request_53: Failed to build request: Resource winners/netPackage/winnersnet/0053_request.txt not found 	1605034199074
ERROR	request_57: Failed to build request: Resource winners/netPackage/winnersnet/0057_request.txt not found 	1605034199074
ERROR	request_60: Failed to build request: Resource winners/netPackage/winnersnet/0060_request.txt not found 	1605034199074
ERROR	request_63: Failed to build request: Resource winners/netPackage/winnersnet/0063_request.txt not found 	1605034199074
ERROR	request_66: Failed to build request: Resource winners/netPackage/winnersnet/0066_request.txt not found 	1605034199074
ERROR	request_47: Failed to build request: Resource winners/netPackage/winnersnet/0047_request.txt not found 	1605034199094
ERROR	request_50: Failed to build request: Resource winners/netPackage/winnersnet/0050_request.txt not found 	1605034199094
ERROR	request_53: Failed to build request: Resource winners/netPackage/winnersnet/0053_request.txt not found 	1605034199094
ERROR	request_57: Failed to build request: Resource winners/netPackage/winnersnet/0057_request.txt not found 	1605034199094
ERROR	request_60: Failed to build request: Resource winners/netPackage/winnersnet/0060_request.txt not found 	1605034199094
ERROR	request_63: Failed to build request: Resource winners/netPackage/winnersnet/0063_request.txt not found 	1605034199094
ERROR	request_66: Failed to build request: Resource winners/netPackage/winnersnet/0066_request.txt not found 	1605034199094
ERROR	request_47: Failed to build request: Resource winners/netPackage/winnersnet/0047_request.txt not found 	1605034199212
ERROR	request_50: Failed to build request: Resource winners/netPackage/winnersnet/0050_request.txt not found 	1605034199212
ERROR	request_53: Failed to build request: Resource winners/netPackage/winnersnet/0053_request.txt not found 	1605034199212
ERROR	request_57: Failed to build request: Resource winners/netPackage/winnersnet/0057_request.txt not found 	1605034199212
ERROR	request_60: Failed to build request: Resource winners/netPackage/winnersnet/0060_request.txt not found 	1605034199212
ERROR	request_63: Failed to build request: Resource winners/netPackage/winnersnet/0063_request.txt not found 	1605034199212
ERROR	request_66: Failed to build request: Resource winners/netPackage/winnersnet/0066_request.txt not found 	1605034199212
ERROR	request_47: Failed to build request: Resource winners/netPackage/winnersnet/0047_request.txt not found 	1605034199230
ERROR	request_50: Failed to build request: Resource winners/netPackage/winnersnet/0050_request.txt not found 	1605034199230
ERROR	request_53: Failed to build request: Resource winners/netPackage/winnersnet/0053_request.txt not found 	1605034199230
ERROR	request_57: Failed to build request: Resource winners/netPackage/winnersnet/0057_request.txt not found 	1605034199230
ERROR	request_60: Failed to build request: Resource winners/netPackage/winnersnet/0060_request.txt not found 	1605034199230
ERROR	request_63: Failed to build request: Resource winners/netPackage/winnersnet/0063_request.txt not found 	1605034199231
ERROR	request_66: Failed to build request: Resource winners/netPackage/winnersnet/0066_request.txt not found 	1605034199231
ERROR	request_47: Failed to build request: Resource winners/netPackage/winnersnet/0047_request.txt not found 	1605034199307
ERROR	request_50: Failed to build request: Resource winners/netPackage/winnersnet/0050_request.txt not found 	1605034199307
ERROR	request_53: Failed to build request: Resource winners/netPackage/winnersnet/0053_request.txt not found 	1605034199307
ERROR	request_57: Failed to build request: Resource winners/netPackage/winnersnet/0057_request.txt not found 	1605034199308
ERROR	request_60: Failed to build request: Resource winners/netPackage/winnersnet/0060_request.txt not found 	1605034199308
ERROR	request_63: Failed to build request: Resource winners/netPackage/winnersnet/0063_request.txt not found 	1605034199308
ERROR	request_66: Failed to build request: Resource winners/netPackage/winnersnet/0066_request.txt not found 	1605034199308
ERROR	request_47: Failed to build request: Resource winners/netPackage/winnersnet/0047_request.txt not found 	1605034199316
ERROR	request_50: Failed to build request: Resource winners/netPackage/winnersnet/0050_request.txt not found 	1605034199323
ERROR	request_53: Failed to build request: Resource winners/netPackage/winnersnet/0053_request.txt not found 	1605034199352
ERROR	request_57: Failed to build request: Resource winners/netPackage/winnersnet/0057_request.txt not found 	1605034199352
ERROR	request_60: Failed to build request: Resource winners/netPackage/winnersnet/0060_request.txt not found 	1605034199353
ERROR	request_63: Failed to build request: Resource winners/netPackage/winnersnet/0063_request.txt not found 	1605034199353
ERROR	request_66: Failed to build request: Resource winners/netPackage/winnersnet/0066_request.txt not found 	1605034199353
ERROR	request_47: Failed to build request: Resource winners/netPackage/winnersnet/0047_request.txt not found 	1605034199409
ERROR	request_50: Failed to build request: Resource winners/netPackage/winnersnet/0050_request.txt not found 	1605034199409
ERROR	request_53: Failed to build request: Resource winners/netPackage/winnersnet/0053_request.txt not found 	1605034199409
ERROR	request_57: Failed to build request: Resource winners/netPackage/winnersnet/0057_request.txt not found 	1605034199409
ERROR	request_60: Failed to build request: Resource winners/netPackage/winnersnet/0060_request.txt not found 	1605034199409
ERROR	request_63: Failed to build request: Resource winners/netPackage/winnersnet/0063_request.txt not found 	1605034199409
ERROR	request_66: Failed to build request: Resource winners/netPackage/winnersnet/0066_request.txt not found 	1605034199409
ERROR	request_47: Failed to build request: Resource winners/netPackage/winnersnet/0047_request.txt not found 	1605034199427
ERROR	request_50: Failed to build request: Resource winners/netPackage/winnersnet/0050_request.txt not found 	1605034199427
ERROR	request_53: Failed to build request: Resource winners/netPackage/winnersnet/0053_request.txt not found 	1605034199427
ERROR	request_57: Failed to build request: Resource winners/netPackage/winnersnet/0057_request.txt not found 	1605034199427
ERROR	request_60: Failed to build request: Resource winners/netPackage/winnersnet/0060_request.txt not found 	1605034199427
ERROR	request_63: Failed to build request: Resource winners/netPackage/winnersnet/0063_request.txt not found 	1605034199428
ERROR	request_66: Failed to build request: Resource winners/netPackage/winnersnet/0066_request.txt not found 	1605034199428
ERROR	request_47: Failed to build request: Resource winners/netPackage/winnersnet/0047_request.txt not found 	1605034199676
ERROR	request_50: Failed to build request: Resource winners/netPackage/winnersnet/0050_request.txt not found 	1605034199676
ERROR	request_53: Failed to build request: Resource winners/netPackage/winnersnet/0053_request.txt not found 	1605034199676
ERROR	request_57: Failed to build request: Resource winners/netPackage/winnersnet/0057_request.txt not found 	1605034199676
ERROR	request_60: Failed to build request: Resource winners/netPackage/winnersnet/0060_request.txt not found 	1605034199676
ERROR	request_63: Failed to build request: Resource winners/netPackage/winnersnet/0063_request.txt not found 	1605034199676
ERROR	request_66: Failed to build request: Resource winners/netPackage/winnersnet/0066_request.txt not found 	1605034199676
ERROR	request_47: Failed to build request: Resource winners/netPackage/winnersnet/0047_request.txt not found 	1605034199711
ERROR	request_50: Failed to build request: Resource winners/netPackage/winnersnet/0050_request.txt not found 	1605034199711
ERROR	request_53: Failed to build request: Resource winners/netPackage/winnersnet/0053_request.txt not found 	1605034199711
ERROR	request_57: Failed to build request: Resource winners/netPackage/winnersnet/0057_request.txt not found 	1605034199711
ERROR	request_60: Failed to build request: Resource winners/netPackage/winnersnet/0060_request.txt not found 	1605034199712
ERROR	request_63: Failed to build request: Resource winners/netPackage/winnersnet/0063_request.txt not found 	1605034199712
ERROR	request_66: Failed to build request: Resource winners/netPackage/winnersnet/0066_request.txt not found 	1605034199712
ERROR	request_47: Failed to build request: Resource winners/netPackage/winnersnet/0047_request.txt not found 	1605034199762
ERROR	request_50: Failed to build request: Resource winners/netPackage/winnersnet/0050_request.txt not found 	1605034199762
ERROR	request_53: Failed to build request: Resource winners/netPackage/winnersnet/0053_request.txt not found 	1605034199762
ERROR	request_57: Failed to build request: Resource winners/netPackage/winnersnet/0057_request.txt not found 	1605034199762
ERROR	request_60: Failed to build request: Resource winners/netPackage/winnersnet/0060_request.txt not found 	1605034199762
ERROR	request_63: Failed to build request: Resource winners/netPackage/winnersnet/0063_request.txt not found 	1605034199762
ERROR	request_66: Failed to build request: Resource winners/netPackage/winnersnet/0066_request.txt not found 	1605034199762
ERROR	request_47: Failed to build request: Resource winners/netPackage/winnersnet/0047_request.txt not found 	1605034199884
ERROR	request_50: Failed to build request: Resource winners/netPackage/winnersnet/0050_request.txt not found 	1605034199884
ERROR	request_53: Failed to build request: Resource winners/netPackage/winnersnet/0053_request.txt not found 	1605034199884
ERROR	request_57: Failed to build request: Resource winners/netPackage/winnersnet/0057_request.txt not found 	1605034199884
ERROR	request_60: Failed to build request: Resource winners/netPackage/winnersnet/0060_request.txt not found 	1605034199884
ERROR	request_63: Failed to build request: Resource winners/netPackage/winnersnet/0063_request.txt not found 	1605034199884
ERROR	request_66: Failed to build request: Resource winners/netPackage/winnersnet/0066_request.txt not found 	1605034199884
ERROR	request_47: Failed to build request: Resource winners/netPackage/winnersnet/0047_request.txt not found 	1605034199899
ERROR	request_50: Failed to build request: Resource winners/netPackage/winnersnet/0050_request.txt not found 	1605034199899
ERROR	request_53: Failed to build request: Resource winners/netPackage/winnersnet/0053_request.txt not found 	1605034199899
ERROR	request_57: Failed to build request: Resource winners/netPackage/winnersnet/0057_request.txt not found 	1605034199899
ERROR	request_60: Failed to build request: Resource winners/netPackage/winnersnet/0060_request.txt not found 	1605034199899
ERROR	request_63: Failed to build request: Resource winners/netPackage/winnersnet/0063_request.txt not found 	1605034199899
ERROR	request_66: Failed to build request: Resource winners/netPackage/winnersnet/0066_request.txt not found 	1605034199899
ERROR	request_47: Failed to build request: Resource winners/netPackage/winnersnet/0047_request.txt not found 	1605034199932
ERROR	request_50: Failed to build request: Resource winners/netPackage/winnersnet/0050_request.txt not found 	1605034199932
ERROR	request_53: Failed to build request: Resource winners/netPackage/winnersnet/0053_request.txt not found 	1605034199932
ERROR	request_57: Failed to build request: Resource winners/netPackage/winnersnet/0057_request.txt not found 	1605034199932
ERROR	request_60: Failed to build request: Resource winners/netPackage/winnersnet/0060_request.txt not found 	1605034199932
ERROR	request_63: Failed to build request: Resource winners/netPackage/winnersnet/0063_request.txt not found 	1605034199932
ERROR	request_66: Failed to build request: Resource winners/netPackage/winnersnet/0066_request.txt not found 	1605034199932
ERROR	request_47: Failed to build request: Resource winners/netPackage/winnersnet/0047_request.txt not found 	1605034200009
ERROR	request_50: Failed to build request: Resource winners/netPackage/winnersnet/0050_request.txt not found 	1605034200009
ERROR	request_53: Failed to build request: Resource winners/netPackage/winnersnet/0053_request.txt not found 	1605034200009
ERROR	request_57: Failed to build request: Resource winners/netPackage/winnersnet/0057_request.txt not found 	1605034200009
ERROR	request_60: Failed to build request: Resource winners/netPackage/winnersnet/0060_request.txt not found 	1605034200010
ERROR	request_63: Failed to build request: Resource winners/netPackage/winnersnet/0063_request.txt not found 	1605034200010
ERROR	request_66: Failed to build request: Resource winners/netPackage/winnersnet/0066_request.txt not found 	1605034200010
ERROR	request_47: Failed to build request: Resource winners/netPackage/winnersnet/0047_request.txt not found 	1605034200163
ERROR	request_50: Failed to build request: Resource winners/netPackage/winnersnet/0050_request.txt not found 	1605034200163
ERROR	request_53: Failed to build request: Resource winners/netPackage/winnersnet/0053_request.txt not found 	1605034200163
ERROR	request_57: Failed to build request: Resource winners/netPackage/winnersnet/0057_request.txt not found 	1605034200163
ERROR	request_60: Failed to build request: Resource winners/netPackage/winnersnet/0060_request.txt not found 	1605034200164
ERROR	request_63: Failed to build request: Resource winners/netPackage/winnersnet/0063_request.txt not found 	1605034200164
ERROR	request_66: Failed to build request: Resource winners/netPackage/winnersnet/0066_request.txt not found 	1605034200164
ERROR	request_47: Failed to build request: Resource winners/netPackage/winnersnet/0047_request.txt not found 	1605034200172
ERROR	request_50: Failed to build request: Resource winners/netPackage/winnersnet/0050_request.txt not found 	1605034200172
ERROR	request_53: Failed to build request: Resource winners/netPackage/winnersnet/0053_request.txt not found 	1605034200172
ERROR	request_57: Failed to build request: Resource winners/netPackage/winnersnet/0057_request.txt not found 	1605034200172
ERROR	request_60: Failed to build request: Resource winners/netPackage/winnersnet/0060_request.txt not found 	1605034200172
ERROR	request_63: Failed to build request: Resource winners/netPackage/winnersnet/0063_request.txt not found 	1605034200172
ERROR	request_66: Failed to build request: Resource winners/netPackage/winnersnet/0066_request.txt not found 	1605034200172
ERROR	request_47: Failed to build request: Resource winners/netPackage/winnersnet/0047_request.txt not found 	1605034200225
ERROR	request_50: Failed to build request: Resource winners/netPackage/winnersnet/0050_request.txt not found 	1605034200225
ERROR	request_53: Failed to build request: Resource winners/netPackage/winnersnet/0053_request.txt not found 	1605034200225
ERROR	request_57: Failed to build request: Resource winners/netPackage/winnersnet/0057_request.txt not found 	1605034200225
ERROR	request_60: Failed to build request: Resource winners/netPackage/winnersnet/0060_request.txt not found 	1605034200226
ERROR	request_63: Failed to build request: Resource winners/netPackage/winnersnet/0063_request.txt not found 	1605034200226
ERROR	request_66: Failed to build request: Resource winners/netPackage/winnersnet/0066_request.txt not found 	1605034200226
ERROR	request_47: Failed to build request: Resource winners/netPackage/winnersnet/0047_request.txt not found 	1605034200511
ERROR	request_50: Failed to build request: Resource winners/netPackage/winnersnet/0050_request.txt not found 	1605034200511
ERROR	request_53: Failed to build request: Resource winners/netPackage/winnersnet/0053_request.txt not found 	1605034200511
ERROR	request_57: Failed to build request: Resource winners/netPackage/winnersnet/0057_request.txt not found 	1605034200511
ERROR	request_60: Failed to build request: Resource winners/netPackage/winnersnet/0060_request.txt not found 	1605034200511
ERROR	request_63: Failed to build request: Resource winners/netPackage/winnersnet/0063_request.txt not found 	1605034200511
ERROR	request_66: Failed to build request: Resource winners/netPackage/winnersnet/0066_request.txt not found 	1605034200511
ERROR	request_47: Failed to build request: Resource winners/netPackage/winnersnet/0047_request.txt not found 	1605034200549
ERROR	request_50: Failed to build request: Resource winners/netPackage/winnersnet/0050_request.txt not found 	1605034200549
ERROR	request_53: Failed to build request: Resource winners/netPackage/winnersnet/0053_request.txt not found 	1605034200549
ERROR	request_57: Failed to build request: Resource winners/netPackage/winnersnet/0057_request.txt not found 	1605034200549
ERROR	request_60: Failed to build request: Resource winners/netPackage/winnersnet/0060_request.txt not found 	1605034200549
ERROR	request_63: Failed to build request: Resource winners/netPackage/winnersnet/0063_request.txt not found 	1605034200549
ERROR	request_66: Failed to build request: Resource winners/netPackage/winnersnet/0066_request.txt not found 	1605034200549
ERROR	request_47: Failed to build request: Resource winners/netPackage/winnersnet/0047_request.txt not found 	1605034200558
ERROR	request_50: Failed to build request: Resource winners/netPackage/winnersnet/0050_request.txt not found 	1605034200558
ERROR	request_53: Failed to build request: Resource winners/netPackage/winnersnet/0053_request.txt not found 	1605034200558
ERROR	request_57: Failed to build request: Resource winners/netPackage/winnersnet/0057_request.txt not found 	1605034200558
ERROR	request_60: Failed to build request: Resource winners/netPackage/winnersnet/0060_request.txt not found 	1605034200558
ERROR	request_63: Failed to build request: Resource winners/netPackage/winnersnet/0063_request.txt not found 	1605034200558
ERROR	request_66: Failed to build request: Resource winners/netPackage/winnersnet/0066_request.txt not found 	1605034200558
ERROR	request_47: Failed to build request: Resource winners/netPackage/winnersnet/0047_request.txt not found 	1605034200705
ERROR	request_50: Failed to build request: Resource winners/netPackage/winnersnet/0050_request.txt not found 	1605034200705
ERROR	request_53: Failed to build request: Resource winners/netPackage/winnersnet/0053_request.txt not found 	1605034200705
ERROR	request_57: Failed to build request: Resource winners/netPackage/winnersnet/0057_request.txt not found 	1605034200705
ERROR	request_60: Failed to build request: Resource winners/netPackage/winnersnet/0060_request.txt not found 	1605034200705
ERROR	request_63: Failed to build request: Resource winners/netPackage/winnersnet/0063_request.txt not found 	1605034200705
ERROR	request_66: Failed to build request: Resource winners/netPackage/winnersnet/0066_request.txt not found 	1605034200705
REQUEST		FullReviewPage	1605034197619	1605034200718	OK	 
ERROR	request_75: Failed to build request: Resource winners/netPackage/winnersnet/0075_request.txt not found 	1605034200726
ERROR	request_47: Failed to build request: Resource winners/netPackage/winnersnet/0047_request.txt not found 	1605034200826
ERROR	request_50: Failed to build request: Resource winners/netPackage/winnersnet/0050_request.txt not found 	1605034200826
ERROR	request_53: Failed to build request: Resource winners/netPackage/winnersnet/0053_request.txt not found 	1605034200826
ERROR	request_57: Failed to build request: Resource winners/netPackage/winnersnet/0057_request.txt not found 	1605034200826
ERROR	request_60: Failed to build request: Resource winners/netPackage/winnersnet/0060_request.txt not found 	1605034200826
ERROR	request_63: Failed to build request: Resource winners/netPackage/winnersnet/0063_request.txt not found 	1605034200826
ERROR	request_66: Failed to build request: Resource winners/netPackage/winnersnet/0066_request.txt not found 	1605034200826
ERROR	request_47: Failed to build request: Resource winners/netPackage/winnersnet/0047_request.txt not found 	1605034201105
ERROR	request_50: Failed to build request: Resource winners/netPackage/winnersnet/0050_request.txt not found 	1605034201105
ERROR	request_53: Failed to build request: Resource winners/netPackage/winnersnet/0053_request.txt not found 	1605034201105
ERROR	request_57: Failed to build request: Resource winners/netPackage/winnersnet/0057_request.txt not found 	1605034201105
ERROR	request_60: Failed to build request: Resource winners/netPackage/winnersnet/0060_request.txt not found 	1605034201105
ERROR	request_63: Failed to build request: Resource winners/netPackage/winnersnet/0063_request.txt not found 	1605034201105
ERROR	request_66: Failed to build request: Resource winners/netPackage/winnersnet/0066_request.txt not found 	1605034201105
ERROR	request_47: Failed to build request: Resource winners/netPackage/winnersnet/0047_request.txt not found 	1605034201234
ERROR	request_50: Failed to build request: Resource winners/netPackage/winnersnet/0050_request.txt not found 	1605034201234
ERROR	request_53: Failed to build request: Resource winners/netPackage/winnersnet/0053_request.txt not found 	1605034201234
ERROR	request_57: Failed to build request: Resource winners/netPackage/winnersnet/0057_request.txt not found 	1605034201234
ERROR	request_60: Failed to build request: Resource winners/netPackage/winnersnet/0060_request.txt not found 	1605034201234
ERROR	request_63: Failed to build request: Resource winners/netPackage/winnersnet/0063_request.txt not found 	1605034201234
ERROR	request_66: Failed to build request: Resource winners/netPackage/winnersnet/0066_request.txt not found 	1605034201234
USER	winnersNet	END	1605034201367
REQUEST		FullReviewPage	1605034204379	1605034205985	OK	 
ERROR	request_75: Failed to build request: Resource winners/netPackage/winnersnet/0075_request.txt not found 	1605034205987
USER	winnersNet	END	1605034206487
REQUEST		FullReviewPage	1605034200600	1605034208435	OK	 
ERROR	request_75: Failed to build request: Resource winners/netPackage/winnersnet/0075_request.txt not found 	1605034208436
USER	winnersNet	END	1605034209026
REQUEST		FullReviewPage	1605034211187	1605034212155	OK	 
ERROR	request_75: Failed to build request: Resource winners/netPackage/winnersnet/0075_request.txt not found 	1605034212155
USER	winnersNet	END	1605034212417
REQUEST		FullReviewPage	1605034211862	1605034214038	OK	 
ERROR	request_75: Failed to build request: Resource winners/netPackage/winnersnet/0075_request.txt not found 	1605034214038
USER	winnersNet	END	1605034214499
REQUEST		FullReviewPage	1605034214927	1605034217066	OK	 
ERROR	request_75: Failed to build request: Resource winners/netPackage/winnersnet/0075_request.txt not found 	1605034217066
USER	winnersNet	END	1605034217529
REQUEST		FullReviewPage	1605034217240	1605034218355	OK	 
ERROR	request_75: Failed to build request: Resource winners/netPackage/winnersnet/0075_request.txt not found 	1605034218356
REQUEST		FullReviewPage	1605034217365	1605034218591	OK	 
ERROR	request_75: Failed to build request: Resource winners/netPackage/winnersnet/0075_request.txt not found 	1605034218591
USER	winnersNet	END	1605034218802
USER	winnersNet	END	1605034218810
REQUEST		FullReviewPage	1605034211884	1605034219565	OK	 
ERROR	request_75: Failed to build request: Resource winners/netPackage/winnersnet/0075_request.txt not found 	1605034219566
REQUEST		FullReviewPage	1605034218358	1605034219688	OK	 
ERROR	request_75: Failed to build request: Resource winners/netPackage/winnersnet/0075_request.txt not found 	1605034219689
USER	winnersNet	END	1605034219880
USER	winnersNet	END	1605034219953
REQUEST		FullReviewPage	1605034212534	1605034220344	OK	 
ERROR	request_75: Failed to build request: Resource winners/netPackage/winnersnet/0075_request.txt not found 	1605034220345
REQUEST		FullReviewPage	1605034217786	1605034220492	OK	 
ERROR	request_75: Failed to build request: Resource winners/netPackage/winnersnet/0075_request.txt not found 	1605034220493
USER	winnersNet	END	1605034220620
USER	winnersNet	END	1605034220638
REQUEST		FullReviewPage	1605034220860	1605034222109	OK	 
ERROR	request_75: Failed to build request: Resource winners/netPackage/winnersnet/0075_request.txt not found 	1605034222110
REQUEST		FullReviewPage	1605034220622	1605034222402	OK	 
ERROR	request_75: Failed to build request: Resource winners/netPackage/winnersnet/0075_request.txt not found 	1605034222403
USER	winnersNet	END	1605034222572
USER	winnersNet	END	1605034222583
REQUEST		FullReviewPage	1605034216991	1605034222858	OK	 
ERROR	request_75: Failed to build request: Resource winners/netPackage/winnersnet/0075_request.txt not found 	1605034222859
REQUEST		FullReviewPage	1605034220916	1605034223023	OK	 
ERROR	request_75: Failed to build request: Resource winners/netPackage/winnersnet/0075_request.txt not found 	1605034223023
USER	winnersNet	END	1605034223427
USER	winnersNet	END	1605034223478
REQUEST		FullReviewPage	1605034222274	1605034223642	OK	 
ERROR	request_75: Failed to build request: Resource winners/netPackage/winnersnet/0075_request.txt not found 	1605034223642
USER	winnersNet	END	1605034224061
REQUEST		FullReviewPage	1605034221394	1605034224202	OK	 
ERROR	request_75: Failed to build request: Resource winners/netPackage/winnersnet/0075_request.txt not found 	1605034224202
REQUEST		FullReviewPage	1605034222980	1605034224593	OK	 
ERROR	request_75: Failed to build request: Resource winners/netPackage/winnersnet/0075_request.txt not found 	1605034224594
USER	winnersNet	END	1605034224658
USER	winnersNet	END	1605034225087
REQUEST		FullReviewPage	1605034222743	1605034225188	OK	 
ERROR	request_75: Failed to build request: Resource winners/netPackage/winnersnet/0075_request.txt not found 	1605034225189
USER	winnersNet	END	1605034225683
REQUEST		FullReviewPage	1605034223902	1605034225781	OK	 
ERROR	request_75: Failed to build request: Resource winners/netPackage/winnersnet/0075_request.txt not found 	1605034225781
REQUEST		FullReviewPage	1605034224055	1605034225826	OK	 
ERROR	request_75: Failed to build request: Resource winners/netPackage/winnersnet/0075_request.txt not found 	1605034225827
USER	winnersNet	END	1605034226207
USER	winnersNet	END	1605034226232
REQUEST		FullReviewPage	1605034223719	1605034226572	OK	 
ERROR	request_75: Failed to build request: Resource winners/netPackage/winnersnet/0075_request.txt not found 	1605034226573
REQUEST		FullReviewPage	1605034224725	1605034226574	OK	 
ERROR	request_75: Failed to build request: Resource winners/netPackage/winnersnet/0075_request.txt not found 	1605034226575
USER	winnersNet	END	1605034227009
USER	winnersNet	END	1605034227516
REQUEST		FullReviewPage	1605034226636	1605034228138	OK	 
ERROR	request_75: Failed to build request: Resource winners/netPackage/winnersnet/0075_request.txt not found 	1605034228139
USER	winnersNet	END	1605034228636
REQUEST		FullReviewPage	1605034226992	1605034229374	OK	 
ERROR	request_75: Failed to build request: Resource winners/netPackage/winnersnet/0075_request.txt not found 	1605034229374
REQUEST		FullReviewPage	1605034227058	1605034229490	OK	 
ERROR	request_75: Failed to build request: Resource winners/netPackage/winnersnet/0075_request.txt not found 	1605034229490
REQUEST		FullReviewPage	1605034226745	1605034229493	OK	 
ERROR	request_75: Failed to build request: Resource winners/netPackage/winnersnet/0075_request.txt not found 	1605034229494
REQUEST		FullReviewPage	1605034227118	1605034229789	OK	 
ERROR	request_75: Failed to build request: Resource winners/netPackage/winnersnet/0075_request.txt not found 	1605034229792
USER	winnersNet	END	1605034229793
USER	winnersNet	END	1605034229812
USER	winnersNet	END	1605034229832
REQUEST		FullReviewPage	1605034226193	1605034230119	OK	 
ERROR	request_75: Failed to build request: Resource winners/netPackage/winnersnet/0075_request.txt not found 	1605034230120
USER	winnersNet	END	1605034230208
USER	winnersNet	END	1605034230254
REQUEST		FullReviewPage	1605034227416	1605034230690	OK	 
ERROR	request_75: Failed to build request: Resource winners/netPackage/winnersnet/0075_request.txt not found 	1605034230691
REQUEST		FullReviewPage	1605034227549	1605034230994	OK	 
ERROR	request_75: Failed to build request: Resource winners/netPackage/winnersnet/0075_request.txt not found 	1605034230994
USER	winnersNet	END	1605034231113
USER	winnersNet	END	1605034231134
REQUEST		FullReviewPage	1605034228266	1605034231428	OK	 
ERROR	request_75: Failed to build request: Resource winners/netPackage/winnersnet/0075_request.txt not found 	1605034231429
REQUEST		FullReviewPage	1605034227278	1605034231447	OK	 
ERROR	request_75: Failed to build request: Resource winners/netPackage/winnersnet/0075_request.txt not found 	1605034231449
USER	winnersNet	END	1605034231663
USER	winnersNet	END	1605034231676
REQUEST		FullReviewPage	1605034227804	1605034232292	OK	 
ERROR	request_75: Failed to build request: Resource winners/netPackage/winnersnet/0075_request.txt not found 	1605034232292
REQUEST		FullReviewPage	1605034228423	1605034232391	OK	 
ERROR	request_75: Failed to build request: Resource winners/netPackage/winnersnet/0075_request.txt not found 	1605034232391
REQUEST		FullReviewPage	1605034228132	1605034232643	OK	 
ERROR	request_75: Failed to build request: Resource winners/netPackage/winnersnet/0075_request.txt not found 	1605034232644
USER	winnersNet	END	1605034232716
USER	winnersNet	END	1605034232745
REQUEST		FullReviewPage	1605034228730	1605034232781	OK	 
ERROR	request_75: Failed to build request: Resource winners/netPackage/winnersnet/0075_request.txt not found 	1605034232781
USER	winnersNet	END	1605034233093
REQUEST		FullReviewPage	1605034227630	1605034233134	OK	 
ERROR	request_75: Failed to build request: Resource winners/netPackage/winnersnet/0075_request.txt not found 	1605034233135
REQUEST		FullReviewPage	1605034227972	1605034233157	OK	 
ERROR	request_75: Failed to build request: Resource winners/netPackage/winnersnet/0075_request.txt not found 	1605034233157
REQUEST		FullReviewPage	1605034228296	1605034233484	OK	 
ERROR	request_75: Failed to build request: Resource winners/netPackage/winnersnet/0075_request.txt not found 	1605034233485
USER	winnersNet	END	1605034233574
USER	winnersNet	END	1605034233590
USER	winnersNet	END	1605034233771
REQUEST		FullReviewPage	1605034228016	1605034233901	OK	 
ERROR	request_75: Failed to build request: Resource winners/netPackage/winnersnet/0075_request.txt not found 	1605034233901
USER	winnersNet	END	1605034233907
REQUEST		FullReviewPage	1605034227149	1605034233982	OK	 
ERROR	request_75: Failed to build request: Resource winners/netPackage/winnersnet/0075_request.txt not found 	1605034233983
REQUEST		FullReviewPage	1605034228221	1605034234163	OK	 
ERROR	request_75: Failed to build request: Resource winners/netPackage/winnersnet/0075_request.txt not found 	1605034234163
USER	winnersNet	END	1605034234330
USER	winnersNet	END	1605034234341
USER	winnersNet	END	1605034234370
REQUEST		FullReviewPage	1605034229117	1605034234543	OK	 
ERROR	request_75: Failed to build request: Resource winners/netPackage/winnersnet/0075_request.txt not found 	1605034234543
REQUEST		FullReviewPage	1605034233413	1605034234551	OK	 
ERROR	request_75: Failed to build request: Resource winners/netPackage/winnersnet/0075_request.txt not found 	1605034234551
USER	winnersNet	END	1605034235021
USER	winnersNet	END	1605034235029
REQUEST		FullReviewPage	1605034229060	1605034235204	OK	 
ERROR	request_75: Failed to build request: Resource winners/netPackage/winnersnet/0075_request.txt not found 	1605034235204
REQUEST		FullReviewPage	1605034228827	1605034235326	OK	 
ERROR	request_75: Failed to build request: Resource winners/netPackage/winnersnet/0075_request.txt not found 	1605034235327
USER	winnersNet	END	1605034235655
USER	winnersNet	END	1605034235665
REQUEST		FullReviewPage	1605034228323	1605034237268	OK	 
ERROR	request_75: Failed to build request: Resource winners/netPackage/winnersnet/0075_request.txt not found 	1605034237268
USER	winnersNet	END	1605034237765
REQUEST		FullReviewPage	1605034226434	1605034246631	OK	 
ERROR	request_75: Failed to build request: Resource winners/netPackage/winnersnet/0075_request.txt not found 	1605034246632
USER	winnersNet	END	1605034247182
