RUN	winnersNet21	winnersnet21	1605041635229	 	3.4.1
USER	winnersNet2	START	1605041637243
REQUEST		request_0	1605041637287	1605041639304	OK	 
ERROR	request_25: Failed to build request: Resource winnersNet2/winnersnet2/0025_request.txt not found 	1605041639712
REQUEST		_ssgManifest.js	1605041639783	1605041640204	OK	 
REQUEST		request_13	1605041639786	1605041640437	OK	 
REQUEST		e9daf36223ccd9e6764bf5f28bb8749330afe8c9.ec9c497b4635b030a724.js	1605041639808	1605041640440	OK	 
REQUEST		request_35	1605041639811	1605041640762	OK	 
REQUEST		main-d72b48eac781a8db5404.js	1605041639887	1605041640766	OK	 
REQUEST		framework.21e86a6ca33c219df566.js	1605041639890	1605041640772	OK	 
REQUEST		request_17	1605041639892	1605041640797	OK	 
REQUEST		9222483f0f17f69ca626e1bded5c48501491122a.cd9968df5857edb265ef.js	1605041639914	1605041640804	OK	 
REQUEST		request_1	1605041639918	1605041640813	OK	 
REQUEST		request_9	1605041639922	1605041640822	OK	 
REQUEST		request_3	1605041639925	1605041640866	OK	 
REQUEST		styles.39ea1f1dc7a87033c85a.js	1605041639940	1605041640868	OK	 
REQUEST		request_16	1605041639942	1605041640873	OK	 
REQUEST		request_14	1605041639945	1605041640880	OK	 
REQUEST		request_10	1605041639952	1605041640883	OK	 
REQUEST		polyfills-14f22bd5ea2614ff4fc2.js	1605041639956	1605041640904	OK	 
REQUEST		921dfede6aa2def24e2c7916f7932efe4651736c.d60fca232f7f1991e4f6.js	1605041639960	1605041640910	OK	 
REQUEST		request_18	1605041639966	1605041640916	OK	 
REQUEST		webpack-92ffdb335f65da18282a.js	1605041639988	1605041640919	OK	 
REQUEST		_buildManifest.js	1605041639990	1605041640921	OK	 
REQUEST		e9daf36223ccd9e6764bf5f28bb8749330afe8c9_CSS.ab76aafd.chunk.css	1605041639994	1605041640927	OK	 
REQUEST		index-7c7275ba2ecfcd718789.js	1605041639997	1605041640937	OK	 
REQUEST		97005b1fa8b880470fd00f55381bb707a5353b52.25a82babb89ff2c4d053.js	1605041640010	1605041640950	OK	 
REQUEST		e9daf36223ccd9e6764bf5f28bb8749330afe8c9_CSS.d35057fdc45a97a4d314.js	1605041640013	1605041640952	OK	 
REQUEST		request_30	1605041639884	1605041641047	OK	 
REQUEST		request_38	1605041639911	1605041641049	OK	 
REQUEST		request_37	1605041639986	1605041641050	OK	 
REQUEST		request_12	1605041640004	1605041641062	OK	 
REQUEST		request_15	1605041640006	1605041641066	OK	 
REQUEST		request_8	1605041640094	1605041641070	OK	 
REQUEST		request_7	1605041640109	1605041641073	OK	 
REQUEST		request_6	1605041640115	1605041641077	OK	 
REQUEST		request_19	1605041640134	1605041641100	OK	 
REQUEST		request_33	1605041639962	1605041641101	OK	 
REQUEST		request_32	1605041639964	1605041641103	OK	 
REQUEST		styles.f1131976.chunk.css	1605041640154	1605041641111	OK	 
REQUEST		request_5	1605041640161	1605041641115	OK	 
REQUEST		commons.264192a9efdba1138dce.js	1605041640132	1605041641121	OK	 
REQUEST		request_4	1605041640165	1605041641124	OK	 
REQUEST		request_36	1605041640092	1605041641128	OK	 
REQUEST		_app-1b7d7a8358e2cec6364a.js	1605041640167	1605041641136	OK	 
REQUEST		request_40	1605041640097	1605041641139	OK	 
REQUEST		android-chrome-affiliates.png	1605041640102	1605041641173	OK	 
REQUEST		request_2	1605041640118	1605041641178	OK	 
REQUEST		request_29	1605041640105	1605041641182	OK	 
REQUEST		request_28	1605041640107	1605041641184	OK	 
REQUEST		request_11	1605041640127	1605041641202	OK	 
REQUEST		request_20	1605041639949	1605041641255	OK	 
REQUEST		request_21	1605041640158	1605041641259	OK	 
REQUEST		favicon.ico	1605041640111	1605041641369	KO	status.find.in(200,201,202,203,204,205,206,207,208,209,304), found 404
REQUEST		android-chrome-affiliates.png	1605041640129	1605041641389	OK	 
REQUEST		request_34	1605041640150	1605041641392	OK	 
REQUEST		request_31	1605041640147	1605041641410	OK	 
REQUEST		request_22	1605041640100	1605041641474	OK	 
REQUEST		request_24	1605041639984	1605041641710	OK	 
REQUEST		request_23	1605041640113	1605041641838	OK	 
REQUEST		request_26	1605041640163	1605041641936	OK	 
REQUEST		request_27	1605041640121	1605041642058	OK	 
REQUEST		request_39	1605041640016	1605041642303	OK	 
REQUEST		request_44	1605041642309	1605041643062	OK	 
REQUEST		AAAAAAAAAAAAAAAAAAAA	1605041643063	1605041643270	OK	 
ERROR	request_49: Failed to build request: Resource winnersNet2/winnersnet2/0049_request.txt not found 	1605041643274
REQUEST		request_48	1605041643283	1605041643318	OK	 
REQUEST		request_51	1605041643278	1605041646319	OK	 
REQUEST		request_46	1605041643276	1605041646402	OK	 
REQUEST		request_50	1605041643280	1605041647288	OK	 
REQUEST		request_52	1605041647289	1605041647327	OK	 
REQUEST		request_54	1605041647334	1605041647374	OK	 
REQUEST		request_67	1605041647339	1605041647377	OK	 
REQUEST		request_59	1605041647336	1605041647378	OK	 
REQUEST		request_61	1605041647341	1605041647379	OK	 
REQUEST		request_55	1605041647351	1605041647399	OK	 
REQUEST		request_58	1605041647355	1605041647402	OK	 
REQUEST		request_53	1605041647361	1605041647410	OK	 
REQUEST		request_56	1605041647353	1605041647413	OK	 
REQUEST		request_60	1605041647359	1605041647415	OK	 
REQUEST		request_57	1605041647357	1605041647457	OK	 
REQUEST		request_66	1605041647344	1605041647612	OK	 
REQUEST		request_64	1605041647338	1605041647887	OK	 
REQUEST		request_63	1605041647345	1605041647978	OK	 
REQUEST		request_65	1605041647347	1605041647980	OK	 
REQUEST		request_62	1605041647349	1605041647981	OK	 
REQUEST		request_69	1605041647982	1605041648018	OK	 
REQUEST		request_70	1605041648020	1605041649172	OK	 
REQUEST		request_71	1605041649172	1605041649208	OK	 
REQUEST		request_72	1605041649210	1605041650735	OK	 
REQUEST		request_73	1605041649212	1605041651104	OK	 
ERROR	request_80: Failed to build request: Resource winnersNet2/winnersnet2/0080_request.txt not found 	1605041651106
REQUEST		request_78	1605041651111	1605041651149	OK	 
REQUEST		request_76	1605041651113	1605041651150	OK	 
REQUEST		request_81	1605041651110	1605041651703	OK	 
REQUEST		request_79	1605041651108	1605041651709	OK	 
REQUEST		request_75	1605041651117	1605041651712	OK	 
REQUEST		request_82	1605041651114	1605041652184	OK	 
REQUEST		request_83	1605041652185	1605041652606	OK	 
REQUEST		request_87	1605041652615	1605041652867	OK	 
REQUEST		request_88	1605041652610	1605041652993	OK	 
REQUEST		request_91	1605041652617	1605041653005	OK	 
REQUEST		request_89	1605041652609	1605041653010	OK	 
REQUEST		request_93	1605041652614	1605041653015	OK	 
REQUEST		request_90	1605041652619	1605041653020	OK	 
REQUEST		request_84	1605041652622	1605041653046	OK	 
REQUEST		request_92	1605041652624	1605041653048	OK	 
REQUEST		request_85	1605041652621	1605041653054	OK	 
REQUEST		request_86	1605041652612	1605041653056	OK	 
REQUEST		request_96	1605041653058	1605041654959	OK	 
ERROR	request_102: Failed to build request: Resource winnersNet2/winnersnet2/0102_request.txt not found 	1605041654960
REQUEST		request_97	1605041654967	1605041655059	OK	 
REQUEST		request_101	1605041654962	1605041655605	OK	 
REQUEST		request_99	1605041654969	1605041655691	OK	 
USER	winnersNet2	END	1605041655738
