RUN	winnersNet	winnersnet	1605032260837	 	3.4.1
USER	winnersNet	START	1605032262762
USER	winnersNet	START	1605032262762
USER	winnersNet	START	1605032262761
USER	winnersNet	START	1605032263086
USER	winnersNet	START	1605032263087
USER	winnersNet	START	1605032263084
USER	winnersNet	START	1605032262762
USER	winnersNet	START	1605032262762
USER	winnersNet	START	1605032262762
USER	winnersNet	START	1605032262761
USER	winnersNet	START	1605032263092
USER	winnersNet	START	1605032263095
USER	winnersNet	START	1605032263094
USER	winnersNet	START	1605032263097
USER	winnersNet	START	1605032263098
USER	winnersNet	START	1605032262762
USER	winnersNet	START	1605032263092
USER	winnersNet	START	1605032263102
USER	winnersNet	START	1605032263102
USER	winnersNet	START	1605032263104
REQUEST		HomePage	1605032262820	1605032264000	OK	 
ERROR	request_21: Failed to build request: Resource winners/netPackage/winnersnet/0021_request.txt not found 	1605032264247
REQUEST		HomePage	1605032263092	1605032264556	OK	 
REQUEST		HomePage	1605032262820	1605032264557	OK	 
ERROR	request_21: Failed to build request: Resource winners/netPackage/winnersnet/0021_request.txt not found 	1605032264560
ERROR	request_21: Failed to build request: Resource winners/netPackage/winnersnet/0021_request.txt not found 	1605032264564
REQUEST		HomePage	1605032262818	1605032264561	OK	 
ERROR	request_21: Failed to build request: Resource winners/netPackage/winnersnet/0021_request.txt not found 	1605032264569
REQUEST		HomePage	1605032262820	1605032264581	OK	 
REQUEST		HomePage	1605032263103	1605032264583	OK	 
ERROR	request_21: Failed to build request: Resource winners/netPackage/winnersnet/0021_request.txt not found 	1605032264585
ERROR	request_21: Failed to build request: Resource winners/netPackage/winnersnet/0021_request.txt not found 	1605032264589
REQUEST		HomePage	1605032263088	1605032264595	OK	 
ERROR	request_21: Failed to build request: Resource winners/netPackage/winnersnet/0021_request.txt not found 	1605032264599
REQUEST		HomePage	1605032262820	1605032264607	OK	 
ERROR	request_21: Failed to build request: Resource winners/netPackage/winnersnet/0021_request.txt not found 	1605032264611
REQUEST		HomePage	1605032263095	1605032265130	OK	 
ERROR	request_21: Failed to build request: Resource winners/netPackage/winnersnet/0021_request.txt not found 	1605032265152
REQUEST		HomePage	1605032262822	1605032265256	OK	 
ERROR	request_21: Failed to build request: Resource winners/netPackage/winnersnet/0021_request.txt not found 	1605032265262
REQUEST		HomePage	1605032262821	1605032265326	OK	 
ERROR	request_21: Failed to build request: Resource winners/netPackage/winnersnet/0021_request.txt not found 	1605032265332
REQUEST		HomePage	1605032263084	1605032265357	OK	 
ERROR	request_21: Failed to build request: Resource winners/netPackage/winnersnet/0021_request.txt not found 	1605032265359
REQUEST		HomePage	1605032263103	1605032265413	OK	 
ERROR	request_21: Failed to build request: Resource winners/netPackage/winnersnet/0021_request.txt not found 	1605032265416
REQUEST		HomePage	1605032263105	1605032265623	OK	 
ERROR	request_21: Failed to build request: Resource winners/netPackage/winnersnet/0021_request.txt not found 	1605032265626
REQUEST		HomePage	1605032263099	1605032265710	OK	 
ERROR	request_21: Failed to build request: Resource winners/netPackage/winnersnet/0021_request.txt not found 	1605032265712
REQUEST		HomePage	1605032263087	1605032265874	OK	 
ERROR	request_21: Failed to build request: Resource winners/netPackage/winnersnet/0021_request.txt not found 	1605032265877
REQUEST		HomePage	1605032263093	1605032265915	OK	 
ERROR	request_21: Failed to build request: Resource winners/netPackage/winnersnet/0021_request.txt not found 	1605032265918
REQUEST		HomePage	1605032263097	1605032266349	OK	 
ERROR	request_21: Failed to build request: Resource winners/netPackage/winnersnet/0021_request.txt not found 	1605032266354
REQUEST		HomePage	1605032262820	1605032266567	OK	 
ERROR	request_21: Failed to build request: Resource winners/netPackage/winnersnet/0021_request.txt not found 	1605032266570
REQUEST		HomePage	1605032263095	1605032267096	OK	 
ERROR	request_21: Failed to build request: Resource winners/netPackage/winnersnet/0021_request.txt not found 	1605032267122
ERROR	request_47: Failed to build request: Resource winners/netPackage/winnersnet/0047_request.txt not found 	1605032301634
ERROR	request_50: Failed to build request: Resource winners/netPackage/winnersnet/0050_request.txt not found 	1605032301634
ERROR	request_53: Failed to build request: Resource winners/netPackage/winnersnet/0053_request.txt not found 	1605032301635
ERROR	request_57: Failed to build request: Resource winners/netPackage/winnersnet/0057_request.txt not found 	1605032301635
ERROR	request_60: Failed to build request: Resource winners/netPackage/winnersnet/0060_request.txt not found 	1605032301635
ERROR	request_63: Failed to build request: Resource winners/netPackage/winnersnet/0063_request.txt not found 	1605032301635
ERROR	request_66: Failed to build request: Resource winners/netPackage/winnersnet/0066_request.txt not found 	1605032301636
ERROR	request_47: Failed to build request: Resource winners/netPackage/winnersnet/0047_request.txt not found 	1605032302788
ERROR	request_50: Failed to build request: Resource winners/netPackage/winnersnet/0050_request.txt not found 	1605032302789
ERROR	request_53: Failed to build request: Resource winners/netPackage/winnersnet/0053_request.txt not found 	1605032302790
ERROR	request_57: Failed to build request: Resource winners/netPackage/winnersnet/0057_request.txt not found 	1605032302790
ERROR	request_60: Failed to build request: Resource winners/netPackage/winnersnet/0060_request.txt not found 	1605032302791
ERROR	request_63: Failed to build request: Resource winners/netPackage/winnersnet/0063_request.txt not found 	1605032302791
ERROR	request_66: Failed to build request: Resource winners/netPackage/winnersnet/0066_request.txt not found 	1605032302791
ERROR	request_47: Failed to build request: Resource winners/netPackage/winnersnet/0047_request.txt not found 	1605032302947
ERROR	request_50: Failed to build request: Resource winners/netPackage/winnersnet/0050_request.txt not found 	1605032302947
ERROR	request_53: Failed to build request: Resource winners/netPackage/winnersnet/0053_request.txt not found 	1605032302947
ERROR	request_57: Failed to build request: Resource winners/netPackage/winnersnet/0057_request.txt not found 	1605032302947
ERROR	request_60: Failed to build request: Resource winners/netPackage/winnersnet/0060_request.txt not found 	1605032302948
ERROR	request_63: Failed to build request: Resource winners/netPackage/winnersnet/0063_request.txt not found 	1605032302948
ERROR	request_66: Failed to build request: Resource winners/netPackage/winnersnet/0066_request.txt not found 	1605032302948
ERROR	request_47: Failed to build request: Resource winners/netPackage/winnersnet/0047_request.txt not found 	1605032303519
ERROR	request_50: Failed to build request: Resource winners/netPackage/winnersnet/0050_request.txt not found 	1605032303519
ERROR	request_53: Failed to build request: Resource winners/netPackage/winnersnet/0053_request.txt not found 	1605032303520
ERROR	request_57: Failed to build request: Resource winners/netPackage/winnersnet/0057_request.txt not found 	1605032303520
ERROR	request_60: Failed to build request: Resource winners/netPackage/winnersnet/0060_request.txt not found 	1605032303521
ERROR	request_63: Failed to build request: Resource winners/netPackage/winnersnet/0063_request.txt not found 	1605032303521
ERROR	request_66: Failed to build request: Resource winners/netPackage/winnersnet/0066_request.txt not found 	1605032303521
ERROR	request_47: Failed to build request: Resource winners/netPackage/winnersnet/0047_request.txt not found 	1605032304019
ERROR	request_50: Failed to build request: Resource winners/netPackage/winnersnet/0050_request.txt not found 	1605032304019
ERROR	request_53: Failed to build request: Resource winners/netPackage/winnersnet/0053_request.txt not found 	1605032304019
ERROR	request_57: Failed to build request: Resource winners/netPackage/winnersnet/0057_request.txt not found 	1605032304019
ERROR	request_60: Failed to build request: Resource winners/netPackage/winnersnet/0060_request.txt not found 	1605032304020
ERROR	request_63: Failed to build request: Resource winners/netPackage/winnersnet/0063_request.txt not found 	1605032304020
ERROR	request_66: Failed to build request: Resource winners/netPackage/winnersnet/0066_request.txt not found 	1605032304020
ERROR	request_47: Failed to build request: Resource winners/netPackage/winnersnet/0047_request.txt not found 	1605032305382
ERROR	request_50: Failed to build request: Resource winners/netPackage/winnersnet/0050_request.txt not found 	1605032305382
ERROR	request_53: Failed to build request: Resource winners/netPackage/winnersnet/0053_request.txt not found 	1605032305382
ERROR	request_57: Failed to build request: Resource winners/netPackage/winnersnet/0057_request.txt not found 	1605032305382
ERROR	request_60: Failed to build request: Resource winners/netPackage/winnersnet/0060_request.txt not found 	1605032305382
ERROR	request_63: Failed to build request: Resource winners/netPackage/winnersnet/0063_request.txt not found 	1605032305382
ERROR	request_66: Failed to build request: Resource winners/netPackage/winnersnet/0066_request.txt not found 	1605032305383
ERROR	request_47: Failed to build request: Resource winners/netPackage/winnersnet/0047_request.txt not found 	1605032305933
ERROR	request_50: Failed to build request: Resource winners/netPackage/winnersnet/0050_request.txt not found 	1605032305933
ERROR	request_53: Failed to build request: Resource winners/netPackage/winnersnet/0053_request.txt not found 	1605032305933
ERROR	request_57: Failed to build request: Resource winners/netPackage/winnersnet/0057_request.txt not found 	1605032305934
ERROR	request_60: Failed to build request: Resource winners/netPackage/winnersnet/0060_request.txt not found 	1605032305934
ERROR	request_63: Failed to build request: Resource winners/netPackage/winnersnet/0063_request.txt not found 	1605032305934
ERROR	request_66: Failed to build request: Resource winners/netPackage/winnersnet/0066_request.txt not found 	1605032305934
ERROR	request_47: Failed to build request: Resource winners/netPackage/winnersnet/0047_request.txt not found 	1605032306863
ERROR	request_50: Failed to build request: Resource winners/netPackage/winnersnet/0050_request.txt not found 	1605032306864
ERROR	request_53: Failed to build request: Resource winners/netPackage/winnersnet/0053_request.txt not found 	1605032306864
ERROR	request_57: Failed to build request: Resource winners/netPackage/winnersnet/0057_request.txt not found 	1605032306864
ERROR	request_60: Failed to build request: Resource winners/netPackage/winnersnet/0060_request.txt not found 	1605032306864
ERROR	request_63: Failed to build request: Resource winners/netPackage/winnersnet/0063_request.txt not found 	1605032306864
ERROR	request_66: Failed to build request: Resource winners/netPackage/winnersnet/0066_request.txt not found 	1605032306864
ERROR	request_47: Failed to build request: Resource winners/netPackage/winnersnet/0047_request.txt not found 	1605032308106
ERROR	request_50: Failed to build request: Resource winners/netPackage/winnersnet/0050_request.txt not found 	1605032308106
ERROR	request_53: Failed to build request: Resource winners/netPackage/winnersnet/0053_request.txt not found 	1605032308107
ERROR	request_57: Failed to build request: Resource winners/netPackage/winnersnet/0057_request.txt not found 	1605032308107
ERROR	request_60: Failed to build request: Resource winners/netPackage/winnersnet/0060_request.txt not found 	1605032308107
ERROR	request_63: Failed to build request: Resource winners/netPackage/winnersnet/0063_request.txt not found 	1605032308107
ERROR	request_66: Failed to build request: Resource winners/netPackage/winnersnet/0066_request.txt not found 	1605032308108
ERROR	request_47: Failed to build request: Resource winners/netPackage/winnersnet/0047_request.txt not found 	1605032308890
ERROR	request_50: Failed to build request: Resource winners/netPackage/winnersnet/0050_request.txt not found 	1605032308890
ERROR	request_53: Failed to build request: Resource winners/netPackage/winnersnet/0053_request.txt not found 	1605032308891
ERROR	request_57: Failed to build request: Resource winners/netPackage/winnersnet/0057_request.txt not found 	1605032308891
ERROR	request_60: Failed to build request: Resource winners/netPackage/winnersnet/0060_request.txt not found 	1605032308891
ERROR	request_63: Failed to build request: Resource winners/netPackage/winnersnet/0063_request.txt not found 	1605032308891
ERROR	request_66: Failed to build request: Resource winners/netPackage/winnersnet/0066_request.txt not found 	1605032308891
ERROR	request_47: Failed to build request: Resource winners/netPackage/winnersnet/0047_request.txt not found 	1605032309300
ERROR	request_50: Failed to build request: Resource winners/netPackage/winnersnet/0050_request.txt not found 	1605032309300
ERROR	request_53: Failed to build request: Resource winners/netPackage/winnersnet/0053_request.txt not found 	1605032309301
ERROR	request_57: Failed to build request: Resource winners/netPackage/winnersnet/0057_request.txt not found 	1605032309301
ERROR	request_60: Failed to build request: Resource winners/netPackage/winnersnet/0060_request.txt not found 	1605032309301
ERROR	request_63: Failed to build request: Resource winners/netPackage/winnersnet/0063_request.txt not found 	1605032309301
ERROR	request_66: Failed to build request: Resource winners/netPackage/winnersnet/0066_request.txt not found 	1605032309301
ERROR	request_47: Failed to build request: Resource winners/netPackage/winnersnet/0047_request.txt not found 	1605032313008
ERROR	request_50: Failed to build request: Resource winners/netPackage/winnersnet/0050_request.txt not found 	1605032313008
ERROR	request_53: Failed to build request: Resource winners/netPackage/winnersnet/0053_request.txt not found 	1605032313008
ERROR	request_57: Failed to build request: Resource winners/netPackage/winnersnet/0057_request.txt not found 	1605032313008
ERROR	request_60: Failed to build request: Resource winners/netPackage/winnersnet/0060_request.txt not found 	1605032313009
ERROR	request_63: Failed to build request: Resource winners/netPackage/winnersnet/0063_request.txt not found 	1605032313009
ERROR	request_66: Failed to build request: Resource winners/netPackage/winnersnet/0066_request.txt not found 	1605032313009
ERROR	request_47: Failed to build request: Resource winners/netPackage/winnersnet/0047_request.txt not found 	1605032313842
ERROR	request_50: Failed to build request: Resource winners/netPackage/winnersnet/0050_request.txt not found 	1605032313842
ERROR	request_53: Failed to build request: Resource winners/netPackage/winnersnet/0053_request.txt not found 	1605032313842
ERROR	request_57: Failed to build request: Resource winners/netPackage/winnersnet/0057_request.txt not found 	1605032313842
ERROR	request_60: Failed to build request: Resource winners/netPackage/winnersnet/0060_request.txt not found 	1605032313842
ERROR	request_63: Failed to build request: Resource winners/netPackage/winnersnet/0063_request.txt not found 	1605032313842
ERROR	request_66: Failed to build request: Resource winners/netPackage/winnersnet/0066_request.txt not found 	1605032313843
ERROR	request_47: Failed to build request: Resource winners/netPackage/winnersnet/0047_request.txt not found 	1605032314519
ERROR	request_50: Failed to build request: Resource winners/netPackage/winnersnet/0050_request.txt not found 	1605032314519
ERROR	request_53: Failed to build request: Resource winners/netPackage/winnersnet/0053_request.txt not found 	1605032314520
ERROR	request_57: Failed to build request: Resource winners/netPackage/winnersnet/0057_request.txt not found 	1605032314520
ERROR	request_60: Failed to build request: Resource winners/netPackage/winnersnet/0060_request.txt not found 	1605032314520
ERROR	request_63: Failed to build request: Resource winners/netPackage/winnersnet/0063_request.txt not found 	1605032314520
ERROR	request_66: Failed to build request: Resource winners/netPackage/winnersnet/0066_request.txt not found 	1605032314520
ERROR	request_47: Failed to build request: Resource winners/netPackage/winnersnet/0047_request.txt not found 	1605032314716
ERROR	request_50: Failed to build request: Resource winners/netPackage/winnersnet/0050_request.txt not found 	1605032314716
ERROR	request_53: Failed to build request: Resource winners/netPackage/winnersnet/0053_request.txt not found 	1605032314716
ERROR	request_57: Failed to build request: Resource winners/netPackage/winnersnet/0057_request.txt not found 	1605032314717
ERROR	request_60: Failed to build request: Resource winners/netPackage/winnersnet/0060_request.txt not found 	1605032314717
ERROR	request_63: Failed to build request: Resource winners/netPackage/winnersnet/0063_request.txt not found 	1605032314717
ERROR	request_66: Failed to build request: Resource winners/netPackage/winnersnet/0066_request.txt not found 	1605032314717
ERROR	request_47: Failed to build request: Resource winners/netPackage/winnersnet/0047_request.txt not found 	1605032315485
ERROR	request_50: Failed to build request: Resource winners/netPackage/winnersnet/0050_request.txt not found 	1605032315485
ERROR	request_53: Failed to build request: Resource winners/netPackage/winnersnet/0053_request.txt not found 	1605032315485
ERROR	request_57: Failed to build request: Resource winners/netPackage/winnersnet/0057_request.txt not found 	1605032315485
ERROR	request_60: Failed to build request: Resource winners/netPackage/winnersnet/0060_request.txt not found 	1605032315486
ERROR	request_63: Failed to build request: Resource winners/netPackage/winnersnet/0063_request.txt not found 	1605032315486
ERROR	request_66: Failed to build request: Resource winners/netPackage/winnersnet/0066_request.txt not found 	1605032315486
ERROR	request_47: Failed to build request: Resource winners/netPackage/winnersnet/0047_request.txt not found 	1605032315690
ERROR	request_50: Failed to build request: Resource winners/netPackage/winnersnet/0050_request.txt not found 	1605032315690
ERROR	request_53: Failed to build request: Resource winners/netPackage/winnersnet/0053_request.txt not found 	1605032315690
ERROR	request_57: Failed to build request: Resource winners/netPackage/winnersnet/0057_request.txt not found 	1605032315691
ERROR	request_60: Failed to build request: Resource winners/netPackage/winnersnet/0060_request.txt not found 	1605032315691
ERROR	request_63: Failed to build request: Resource winners/netPackage/winnersnet/0063_request.txt not found 	1605032315691
ERROR	request_66: Failed to build request: Resource winners/netPackage/winnersnet/0066_request.txt not found 	1605032315691
REQUEST		FullReviewPage	1605032323261	1605032326170	OK	 
ERROR	request_75: Failed to build request: Resource winners/netPackage/winnersnet/0075_request.txt not found 	1605032326174
USER	winnersNet	END	1605032326550
REQUEST		FullReviewPage	1605032325236	1605032326763	OK	 
ERROR	request_75: Failed to build request: Resource winners/netPackage/winnersnet/0075_request.txt not found 	1605032326765
REQUEST		FullReviewPage	1605032324558	1605032327405	OK	 
ERROR	request_75: Failed to build request: Resource winners/netPackage/winnersnet/0075_request.txt not found 	1605032327407
REQUEST		FullReviewPage	1605032324752	1605032327683	OK	 
ERROR	request_75: Failed to build request: Resource winners/netPackage/winnersnet/0075_request.txt not found 	1605032327684
USER	winnersNet	END	1605032327731
USER	winnersNet	END	1605032327894
USER	winnersNet	END	1605032327908
REQUEST		FullReviewPage	1605032326076	1605032328322	OK	 
ERROR	request_75: Failed to build request: Resource winners/netPackage/winnersnet/0075_request.txt not found 	1605032328324
REQUEST		FullReviewPage	1605032326832	1605032328676	OK	 
ERROR	request_75: Failed to build request: Resource winners/netPackage/winnersnet/0075_request.txt not found 	1605032328677
USER	winnersNet	END	1605032328982
USER	winnersNet	END	1605032328994
REQUEST		FullReviewPage	1605032327366	1605032329292	OK	 
ERROR	request_75: Failed to build request: Resource winners/netPackage/winnersnet/0075_request.txt not found 	1605032329293
REQUEST		FullReviewPage	1605032328700	1605032330112	OK	 
ERROR	request_75: Failed to build request: Resource winners/netPackage/winnersnet/0075_request.txt not found 	1605032330113
USER	winnersNet	END	1605032330212
USER	winnersNet	END	1605032330776
REQUEST		FullReviewPage	1605032329967	1605032331219	OK	 
ERROR	request_75: Failed to build request: Resource winners/netPackage/winnersnet/0075_request.txt not found 	1605032331220
USER	winnersNet	END	1605032331666
REQUEST		FullReviewPage	1605032330118	1605032331830	OK	 
ERROR	request_75: Failed to build request: Resource winners/netPackage/winnersnet/0075_request.txt not found 	1605032331831
USER	winnersNet	END	1605032332363
REQUEST		FullReviewPage	1605032330944	1605032332665	OK	 
ERROR	request_75: Failed to build request: Resource winners/netPackage/winnersnet/0075_request.txt not found 	1605032332666
USER	winnersNet	END	1605032333158
ERROR	request_47: Failed to build request: Resource winners/netPackage/winnersnet/0047_request.txt not found 	1605032334665
ERROR	request_50: Failed to build request: Resource winners/netPackage/winnersnet/0050_request.txt not found 	1605032334666
ERROR	request_53: Failed to build request: Resource winners/netPackage/winnersnet/0053_request.txt not found 	1605032334666
ERROR	request_57: Failed to build request: Resource winners/netPackage/winnersnet/0057_request.txt not found 	1605032334667
ERROR	request_60: Failed to build request: Resource winners/netPackage/winnersnet/0060_request.txt not found 	1605032334667
ERROR	request_63: Failed to build request: Resource winners/netPackage/winnersnet/0063_request.txt not found 	1605032334668
ERROR	request_66: Failed to build request: Resource winners/netPackage/winnersnet/0066_request.txt not found 	1605032334668
ERROR	request_47: Failed to build request: Resource winners/netPackage/winnersnet/0047_request.txt not found 	1605032335284
ERROR	request_50: Failed to build request: Resource winners/netPackage/winnersnet/0050_request.txt not found 	1605032335284
ERROR	request_53: Failed to build request: Resource winners/netPackage/winnersnet/0053_request.txt not found 	1605032335284
ERROR	request_57: Failed to build request: Resource winners/netPackage/winnersnet/0057_request.txt not found 	1605032335284
ERROR	request_60: Failed to build request: Resource winners/netPackage/winnersnet/0060_request.txt not found 	1605032335284
ERROR	request_63: Failed to build request: Resource winners/netPackage/winnersnet/0063_request.txt not found 	1605032335285
ERROR	request_66: Failed to build request: Resource winners/netPackage/winnersnet/0066_request.txt not found 	1605032335285
ERROR	request_47: Failed to build request: Resource winners/netPackage/winnersnet/0047_request.txt not found 	1605032335633
ERROR	request_50: Failed to build request: Resource winners/netPackage/winnersnet/0050_request.txt not found 	1605032335634
ERROR	request_53: Failed to build request: Resource winners/netPackage/winnersnet/0053_request.txt not found 	1605032335634
ERROR	request_57: Failed to build request: Resource winners/netPackage/winnersnet/0057_request.txt not found 	1605032335634
ERROR	request_60: Failed to build request: Resource winners/netPackage/winnersnet/0060_request.txt not found 	1605032335634
ERROR	request_63: Failed to build request: Resource winners/netPackage/winnersnet/0063_request.txt not found 	1605032335634
ERROR	request_66: Failed to build request: Resource winners/netPackage/winnersnet/0066_request.txt not found 	1605032335634
REQUEST		FullReviewPage	1605032335644	1605032336980	OK	 
ERROR	request_75: Failed to build request: Resource winners/netPackage/winnersnet/0075_request.txt not found 	1605032336980
USER	winnersNet	END	1605032337424
REQUEST		FullReviewPage	1605032336081	1605032338174	OK	 
ERROR	request_75: Failed to build request: Resource winners/netPackage/winnersnet/0075_request.txt not found 	1605032338174
USER	winnersNet	END	1605032338494
REQUEST		FullReviewPage	1605032336558	1605032338494	OK	 
ERROR	request_75: Failed to build request: Resource winners/netPackage/winnersnet/0075_request.txt not found 	1605032338497
REQUEST		FullReviewPage	1605032336645	1605032338695	OK	 
ERROR	request_75: Failed to build request: Resource winners/netPackage/winnersnet/0075_request.txt not found 	1605032338697
REQUEST		FullReviewPage	1605032337679	1605032338934	OK	 
ERROR	request_75: Failed to build request: Resource winners/netPackage/winnersnet/0075_request.txt not found 	1605032338934
USER	winnersNet	END	1605032339198
USER	winnersNet	END	1605032339221
REQUEST		FullReviewPage	1605032337582	1605032339279	OK	 
ERROR	request_75: Failed to build request: Resource winners/netPackage/winnersnet/0075_request.txt not found 	1605032339280
USER	winnersNet	END	1605032339622
USER	winnersNet	END	1605032339717
REQUEST		FullReviewPage	1605032356393	1605032357903	OK	 
ERROR	request_75: Failed to build request: Resource winners/netPackage/winnersnet/0075_request.txt not found 	1605032357904
USER	winnersNet	END	1605032358353
REQUEST		FullReviewPage	1605032357362	1605032358928	OK	 
ERROR	request_75: Failed to build request: Resource winners/netPackage/winnersnet/0075_request.txt not found 	1605032358930
USER	winnersNet	END	1605032359404
REQUEST		FullReviewPage	1605032357614	1605032359594	OK	 
ERROR	request_75: Failed to build request: Resource winners/netPackage/winnersnet/0075_request.txt not found 	1605032359596
USER	winnersNet	END	1605032360171
