RUN	winnersNet	winnersnet	1605027927814	 	3.4.1
USER	winnersNet	START	1605027930789
REQUEST		request_0	1605027930833	1605027932499	OK	 
ERROR	request_21: Failed to build request: Resource winners/netPackage/winnersnet/0021_request.txt not found 	1605027933840
REQUEST		styles.39ea1f1dc7a87033c85a.js	1605027933872	1605027934937	OK	 
REQUEST		request_1	1605027933961	1605027935444	OK	 
REQUEST		request_25	1605027934271	1605027935453	OK	 
REQUEST		request_7	1605027934286	1605027935455	OK	 
REQUEST		request_2	1605027934325	1605027935473	OK	 
REQUEST		request_9	1605027934355	1605027935660	OK	 
REQUEST		request_4	1605027934364	1605027935668	OK	 
REQUEST		request_6	1605027934374	1605027935680	OK	 
REQUEST		request_10	1605027934385	1605027935686	OK	 
REQUEST		request_39	1605027933875	1605027935818	OK	 
REQUEST		android-chrome-affiliates.png	1605027933973	1605027935821	OK	 
REQUEST		request_24	1605027933977	1605027935823	OK	 
REQUEST		main-d72b48eac781a8db5404.js	1605027933979	1605027935825	OK	 
REQUEST		request_20	1605027934269	1605027935832	OK	 
REQUEST		request_11	1605027934275	1605027935835	OK	 
REQUEST		android-chrome-affiliates.png	1605027934279	1605027935839	OK	 
REQUEST		polyfills-14f22bd5ea2614ff4fc2.js	1605027934281	1605027935857	OK	 
REQUEST		index-7c7275ba2ecfcd718789.js	1605027934283	1605027935860	OK	 
REQUEST		request_37	1605027934314	1605027935863	OK	 
REQUEST		request_36	1605027934334	1605027935869	OK	 
REQUEST		request_38	1605027934336	1605027935872	OK	 
REQUEST		request_40	1605027934338	1605027935874	OK	 
REQUEST		favicon.ico	1605027934343	1605027935878	KO	status.find.in(200,201,202,203,204,205,206,207,208,209,304), found 404
REQUEST		request_34	1605027934345	1605027935901	OK	 
REQUEST		request_42	1605027934370	1605027935915	OK	 
REQUEST		request_31	1605027934372	1605027935918	OK	 
REQUEST		request_35	1605027934383	1605027935921	OK	 
REQUEST		request_3	1605027934398	1605027935930	OK	 
REQUEST		request_18	1605027934407	1605027935952	OK	 
REQUEST		request_27	1605027934285	1605027935977	OK	 
REQUEST		webpack-92ffdb335f65da18282a.js	1605027934321	1605027935992	OK	 
REQUEST		_ssgManifest.js	1605027934353	1605027935997	OK	 
REQUEST		request_33	1605027934395	1605027936016	OK	 
REQUEST		request_5	1605027934419	1605027936089	OK	 
REQUEST		commons.264192a9efdba1138dce.js	1605027934273	1605027936195	OK	 
REQUEST		framework.21e86a6ca33c219df566.js	1605027934277	1605027936207	OK	 
REQUEST		request_44	1605027934313	1605027936231	OK	 
REQUEST		_app-1b7d7a8358e2cec6364a.js	1605027934316	1605027936238	OK	 
REQUEST		request_28	1605027934318	1605027936242	OK	 
REQUEST		e9daf36223ccd9e6764bf5f28bb8749330afe8c9_CSS.ab76aafd.chunk.css	1605027934340	1605027936250	OK	 
REQUEST		request_8	1605027934347	1605027936378	OK	 
REQUEST		_buildManifest.js	1605027934362	1605027936379	OK	 
REQUEST		921dfede6aa2def24e2c7916f7932efe4651736c.d60fca232f7f1991e4f6.js	1605027934387	1605027936381	OK	 
REQUEST		request_19	1605027934389	1605027936384	OK	 
REQUEST		request_43	1605027934390	1605027936386	OK	 
REQUEST		request_16	1605027934392	1605027936401	OK	 
REQUEST		e9daf36223ccd9e6764bf5f28bb8749330afe8c9_CSS.d35057fdc45a97a4d314.js	1605027934393	1605027936406	OK	 
REQUEST		request_13	1605027934397	1605027936408	OK	 
REQUEST		9222483f0f17f69ca626e1bded5c48501491122a.cd9968df5857edb265ef.js	1605027934402	1605027936412	OK	 
REQUEST		request_32	1605027934416	1605027936414	OK	 
REQUEST		97005b1fa8b880470fd00f55381bb707a5353b52.25a82babb89ff2c4d053.js	1605027934319	1605027936424	OK	 
REQUEST		request_14	1605027934323	1605027936429	OK	 
REQUEST		request_12	1605027934400	1605027936435	OK	 
REQUEST		e9daf36223ccd9e6764bf5f28bb8749330afe8c9.ec9c497b4635b030a724.js	1605027934403	1605027936439	OK	 
REQUEST		request_17	1605027934404	1605027936442	OK	 
REQUEST		request_30	1605027934406	1605027936444	OK	 
REQUEST		request_26	1605027934421	1605027936451	OK	 
REQUEST		request_15	1605027933982	1605027936504	OK	 
REQUEST		styles.f1131976.chunk.css	1605027934424	1605027936550	OK	 
REQUEST		request_29	1605027933984	1605027936731	OK	 
REQUEST		request_23	1605027934415	1605027937215	OK	 
REQUEST		request_22	1605027934418	1605027938561	OK	 
REQUEST		request_41	1605027934341	1605027939298	OK	 
ERROR	request_47: Failed to build request: Resource winners/netPackage/winnersnet/0047_request.txt not found 	1605027941313
ERROR	request_50: Failed to build request: Resource winners/netPackage/winnersnet/0050_request.txt not found 	1605027941315
ERROR	request_53: Failed to build request: Resource winners/netPackage/winnersnet/0053_request.txt not found 	1605027941317
ERROR	request_57: Failed to build request: Resource winners/netPackage/winnersnet/0057_request.txt not found 	1605027941319
ERROR	request_60: Failed to build request: Resource winners/netPackage/winnersnet/0060_request.txt not found 	1605027941320
ERROR	request_63: Failed to build request: Resource winners/netPackage/winnersnet/0063_request.txt not found 	1605027941322
ERROR	request_66: Failed to build request: Resource winners/netPackage/winnersnet/0066_request.txt not found 	1605027941323
REQUEST		request_49	1605027941352	1605027941396	OK	 
REQUEST		request_46	1605027941373	1605027941410	OK	 
REQUEST		request_55	1605027941376	1605027941556	OK	 
REQUEST		request_58	1605027941378	1605027941558	OK	 
REQUEST		request_52	1605027941380	1605027941560	OK	 
REQUEST		request_62	1605027941391	1605027941562	OK	 
REQUEST		request_65	1605027941387	1605027941609	OK	 
REQUEST		request_67	1605027941356	1605027941630	OK	 
REQUEST		request_68	1605027941334	1605027941692	OK	 
REQUEST		request_54	1605027941343	1605027941773	OK	 
REQUEST		request_56	1605027941366	1605027941874	OK	 
REQUEST		request_59	1605027941354	1605027942018	OK	 
REQUEST		request_48	1605027941349	1605027942031	OK	 
REQUEST		request_51	1605027941371	1605027942464	OK	 
REQUEST		request_61	1605027941389	1605027942479	OK	 
REQUEST		request_64	1605027941382	1605027942480	OK	 
REQUEST		request_71	1605027947484	1605027949347	OK	 
ERROR	request_75: Failed to build request: Resource winners/netPackage/winnersnet/0075_request.txt not found 	1605027949350
REQUEST		request_74	1605027949361	1605027949409	OK	 
REQUEST		request_76	1605027949356	1605027949621	OK	 
USER	winnersNet	END	1605027949807
