RUN	winnersNet2	winnersnet2	1605077168904	 	3.4.1
USER	winnersNet2	START	1605077172589
USER	winnersNet2	START	1605077172589
USER	winnersNet2	START	1605077173278
USER	winnersNet2	START	1605077172591
USER	winnersNet2	START	1605077172590
USER	winnersNet2	START	1605077173282
USER	winnersNet2	START	1605077173294
USER	winnersNet2	START	1605077173293
USER	winnersNet2	START	1605077172591
USER	winnersNet2	START	1605077173282
USER	winnersNet2	START	1605077172590
USER	winnersNet2	START	1605077172589
USER	winnersNet2	START	1605077173302
USER	winnersNet2	START	1605077172589
USER	winnersNet2	START	1605077173309
USER	winnersNet2	START	1605077173309
USER	winnersNet2	START	1605077173312
USER	winnersNet2	START	1605077173313
USER	winnersNet2	START	1605077173320
USER	winnersNet2	START	1605077173304
USER	winnersNet2	START	1605077173323
USER	winnersNet2	START	1605077173323
USER	winnersNet2	START	1605077173327
USER	winnersNet2	START	1605077173328
USER	winnersNet2	START	1605077173302
USER	winnersNet2	START	1605077173333
USER	winnersNet2	START	1605077173316
USER	winnersNet2	START	1605077173299
USER	winnersNet2	START	1605077173337
USER	winnersNet2	START	1605077173338
USER	winnersNet2	START	1605077173341
USER	winnersNet2	START	1605077173298
USER	winnersNet2	START	1605077173336
USER	winnersNet2	START	1605077173345
USER	winnersNet2	START	1605077173345
USER	winnersNet2	START	1605077173347
USER	winnersNet2	START	1605077173319
USER	winnersNet2	START	1605077173351
USER	winnersNet2	START	1605077173348
USER	winnersNet2	START	1605077173331
USER	winnersNet2	START	1605077173298
USER	winnersNet2	START	1605077173334
USER	winnersNet2	START	1605077173359
USER	winnersNet2	START	1605077173362
USER	winnersNet2	START	1605077173353
USER	winnersNet2	START	1605077173363
USER	winnersNet2	START	1605077173366
USER	winnersNet2	START	1605077173356
USER	winnersNet2	START	1605077173351
USER	winnersNet2	START	1605077173370
USER	winnersNet2	START	1605077173370
USER	winnersNet2	START	1605077173375
USER	winnersNet2	START	1605077173379
USER	winnersNet2	START	1605077173383
USER	winnersNet2	START	1605077173359
USER	winnersNet2	START	1605077173387
USER	winnersNet2	START	1605077173391
USER	winnersNet2	START	1605077173341
USER	winnersNet2	START	1605077173395
USER	winnersNet2	START	1605077173373
USER	winnersNet2	START	1605077173399
USER	winnersNet2	START	1605077173399
USER	winnersNet2	START	1605077173402
USER	winnersNet2	START	1605077173355
USER	winnersNet2	START	1605077173367
USER	winnersNet2	START	1605077173409
USER	winnersNet2	START	1605077173413
USER	winnersNet2	START	1605077173414
USER	winnersNet2	START	1605077173422
USER	winnersNet2	START	1605077173379
USER	winnersNet2	START	1605077173427
USER	winnersNet2	START	1605077173405
USER	winnersNet2	START	1605077173406
USER	winnersNet2	START	1605077173444
USER	winnersNet2	START	1605077173446
REQUEST		HomePage	1605077172714	1605077174093	OK	 
REQUEST		HomePage	1605077172711	1605077174127	OK	 
REQUEST		HomePage	1605077173331	1605077174099	OK	 
REQUEST		HomePage	1605077172714	1605077174094	OK	 
REQUEST		HomePage	1605077172713	1605077174125	OK	 
REQUEST		HomePage	1605077172709	1605077174098	OK	 
REQUEST		HomePage	1605077172715	1605077174294	OK	 
REQUEST		HomePage	1605077173279	1605077174440	OK	 
REQUEST		HomePage	1605077173309	1605077174453	OK	 
REQUEST		HomePage	1605077173320	1605077174485	OK	 
REQUEST		HomePage	1605077172714	1605077174545	OK	 
REQUEST		HomePage	1605077173295	1605077174563	OK	 
REQUEST		HomePage	1605077173295	1605077174720	OK	 
REQUEST		HomePage	1605077173300	1605077174765	OK	 
REQUEST		HomePage	1605077173339	1605077174800	OK	 
REQUEST		HomePage	1605077173324	1605077174854	OK	 
REQUEST		HomePage	1605077173328	1605077174879	OK	 
REQUEST		HomePage	1605077173283	1605077174892	OK	 
REQUEST		HomePage	1605077173356	1605077174920	OK	 
REQUEST		HomePage	1605077173313	1605077174938	OK	 
REQUEST		HomePage	1605077173317	1605077174982	OK	 
REQUEST		HomePage	1605077173299	1605077174608	OK	 
REQUEST		HomePage	1605077173385	1605077175117	OK	 
REQUEST		HomePage	1605077173388	1605077175130	OK	 
REQUEST		HomePage	1605077173342	1605077175393	OK	 
REQUEST		HomePage	1605077173283	1605077175934	OK	 
REQUEST		HomePage	1605077172712	1605077175936	OK	 
REQUEST		HomePage	1605077173303	1605077175946	OK	 
REQUEST		HomePage	1605077173310	1605077175955	OK	 
REQUEST		HomePage	1605077173305	1605077175969	OK	 
REQUEST		HomePage	1605077173392	1605077176014	OK	 
REQUEST		HomePage	1605077173396	1605077176041	OK	 
REQUEST		HomePage	1605077173338	1605077176059	OK	 
REQUEST		HomePage	1605077173342	1605077176102	OK	 
REQUEST		HomePage	1605077173360	1605077176132	OK	 
REQUEST		HomePage	1605077173402	1605077176146	OK	 
REQUEST		HomePage	1605077173406	1605077176156	OK	 
REQUEST		HomePage	1605077173324	1605077176171	OK	 
REQUEST		HomePage	1605077173329	1605077176180	OK	 
REQUEST		HomePage	1605077173333	1605077176194	OK	 
REQUEST		HomePage	1605077173344	1605077176206	OK	 
REQUEST		HomePage	1605077173363	1605077176221	OK	 
REQUEST		HomePage	1605077173345	1605077176241	OK	 
REQUEST		HomePage	1605077173357	1605077176261	OK	 
REQUEST		HomePage	1605077173377	1605077176293	OK	 
REQUEST		HomePage	1605077173400	1605077176316	OK	 
REQUEST		HomePage	1605077173316	1605077176484	OK	 
REQUEST		HomePage	1605077173320	1605077176509	OK	 
REQUEST		HomePage	1605077173354	1605077176520	OK	 
REQUEST		HomePage	1605077173360	1605077176565	OK	 
REQUEST		HomePage	1605077173348	1605077176576	OK	 
REQUEST		HomePage	1605077173364	1605077176584	OK	 
REQUEST		HomePage	1605077173352	1605077176601	OK	 
REQUEST		HomePage	1605077173450	1605077176639	OK	 
REQUEST		HomePage	1605077173307	1605077176639	OK	 
REQUEST		HomePage	1605077173346	1605077176661	OK	 
REQUEST		HomePage	1605077173349	1605077176669	OK	 
REQUEST		HomePage	1605077173368	1605077176678	OK	 
REQUEST		HomePage	1605077173371	1605077176689	OK	 
REQUEST		HomePage	1605077173368	1605077176708	OK	 
REQUEST		HomePage	1605077173415	1605077176735	OK	 
REQUEST		HomePage	1605077173400	1605077176752	OK	 
REQUEST		HomePage	1605077173411	1605077176786	OK	 
REQUEST		HomePage	1605077173423	1605077176814	OK	 
REQUEST		HomePage	1605077173356	1605077176875	OK	 
REQUEST		HomePage	1605077173367	1605077176896	OK	 
REQUEST		HomePage	1605077173414	1605077176899	OK	 
REQUEST		HomePage	1605077173370	1605077176968	OK	 
REQUEST		HomePage	1605077173374	1605077177006	OK	 
REQUEST		HomePage	1605077173403	1605077177043	OK	 
REQUEST		HomePage	1605077173429	1605077177062	OK	 
REQUEST		HomePage	1605077173441	1605077177094	OK	 
REQUEST		HomePage	1605077173380	1605077177130	OK	 
REQUEST		HomePage	1605077173384	1605077177157	OK	 
REQUEST		HomePage	1605077173445	1605077177199	OK	 
ERROR	request_33: Failed to build request: Resource winners2package/winnersnet2/0033_request.txt not found 	1605077187695
ERROR	request_33: Failed to build request: Resource winners2package/winnersnet2/0033_request.txt not found 	1605077187695
ERROR	request_33: Failed to build request: Resource winners2package/winnersnet2/0033_request.txt not found 	1605077187697
ERROR	request_33: Failed to build request: Resource winners2package/winnersnet2/0033_request.txt not found 	1605077187703
ERROR	request_33: Failed to build request: Resource winners2package/winnersnet2/0033_request.txt not found 	1605077187716
ERROR	request_33: Failed to build request: Resource winners2package/winnersnet2/0033_request.txt not found 	1605077187727
ERROR	request_33: Failed to build request: Resource winners2package/winnersnet2/0033_request.txt not found 	1605077187739
ERROR	request_33: Failed to build request: Resource winners2package/winnersnet2/0033_request.txt not found 	1605077187789
ERROR	request_33: Failed to build request: Resource winners2package/winnersnet2/0033_request.txt not found 	1605077189042
ERROR	request_33: Failed to build request: Resource winners2package/winnersnet2/0033_request.txt not found 	1605077189476
ERROR	request_33: Failed to build request: Resource winners2package/winnersnet2/0033_request.txt not found 	1605077189547
ERROR	request_33: Failed to build request: Resource winners2package/winnersnet2/0033_request.txt not found 	1605077189578
ERROR	request_33: Failed to build request: Resource winners2package/winnersnet2/0033_request.txt not found 	1605077189621
ERROR	request_33: Failed to build request: Resource winners2package/winnersnet2/0033_request.txt not found 	1605077189717
ERROR	request_33: Failed to build request: Resource winners2package/winnersnet2/0033_request.txt not found 	1605077189766
ERROR	request_33: Failed to build request: Resource winners2package/winnersnet2/0033_request.txt not found 	1605077190000
ERROR	request_33: Failed to build request: Resource winners2package/winnersnet2/0033_request.txt not found 	1605077190125
ERROR	request_33: Failed to build request: Resource winners2package/winnersnet2/0033_request.txt not found 	1605077190194
ERROR	request_33: Failed to build request: Resource winners2package/winnersnet2/0033_request.txt not found 	1605077190598
ERROR	request_33: Failed to build request: Resource winners2package/winnersnet2/0033_request.txt not found 	1605077190603
ERROR	request_33: Failed to build request: Resource winners2package/winnersnet2/0033_request.txt not found 	1605077190676
ERROR	request_33: Failed to build request: Resource winners2package/winnersnet2/0033_request.txt not found 	1605077190687
ERROR	request_33: Failed to build request: Resource winners2package/winnersnet2/0033_request.txt not found 	1605077190881
ERROR	request_33: Failed to build request: Resource winners2package/winnersnet2/0033_request.txt not found 	1605077190946
ERROR	request_33: Failed to build request: Resource winners2package/winnersnet2/0033_request.txt not found 	1605077191027
ERROR	request_33: Failed to build request: Resource winners2package/winnersnet2/0033_request.txt not found 	1605077191122
ERROR	request_33: Failed to build request: Resource winners2package/winnersnet2/0033_request.txt not found 	1605077191146
ERROR	request_33: Failed to build request: Resource winners2package/winnersnet2/0033_request.txt not found 	1605077191181
ERROR	request_33: Failed to build request: Resource winners2package/winnersnet2/0033_request.txt not found 	1605077191257
ERROR	request_33: Failed to build request: Resource winners2package/winnersnet2/0033_request.txt not found 	1605077191281
ERROR	request_33: Failed to build request: Resource winners2package/winnersnet2/0033_request.txt not found 	1605077191379
ERROR	request_33: Failed to build request: Resource winners2package/winnersnet2/0033_request.txt not found 	1605077191496
ERROR	request_33: Failed to build request: Resource winners2package/winnersnet2/0033_request.txt not found 	1605077191511
ERROR	request_33: Failed to build request: Resource winners2package/winnersnet2/0033_request.txt not found 	1605077191536
ERROR	request_33: Failed to build request: Resource winners2package/winnersnet2/0033_request.txt not found 	1605077191558
ERROR	request_33: Failed to build request: Resource winners2package/winnersnet2/0033_request.txt not found 	1605077191645
ERROR	request_33: Failed to build request: Resource winners2package/winnersnet2/0033_request.txt not found 	1605077191698
ERROR	request_33: Failed to build request: Resource winners2package/winnersnet2/0033_request.txt not found 	1605077191793
ERROR	request_33: Failed to build request: Resource winners2package/winnersnet2/0033_request.txt not found 	1605077191822
ERROR	request_33: Failed to build request: Resource winners2package/winnersnet2/0033_request.txt not found 	1605077192074
ERROR	request_33: Failed to build request: Resource winners2package/winnersnet2/0033_request.txt not found 	1605077192139
ERROR	request_33: Failed to build request: Resource winners2package/winnersnet2/0033_request.txt not found 	1605077192148
ERROR	request_33: Failed to build request: Resource winners2package/winnersnet2/0033_request.txt not found 	1605077192267
ERROR	request_33: Failed to build request: Resource winners2package/winnersnet2/0033_request.txt not found 	1605077192325
ERROR	request_33: Failed to build request: Resource winners2package/winnersnet2/0033_request.txt not found 	1605077192355
ERROR	request_33: Failed to build request: Resource winners2package/winnersnet2/0033_request.txt not found 	1605077192358
ERROR	request_33: Failed to build request: Resource winners2package/winnersnet2/0033_request.txt not found 	1605077192430
ERROR	request_33: Failed to build request: Resource winners2package/winnersnet2/0033_request.txt not found 	1605077192620
ERROR	request_33: Failed to build request: Resource winners2package/winnersnet2/0033_request.txt not found 	1605077192724
ERROR	request_33: Failed to build request: Resource winners2package/winnersnet2/0033_request.txt not found 	1605077192888
ERROR	request_33: Failed to build request: Resource winners2package/winnersnet2/0033_request.txt not found 	1605077192923
ERROR	request_33: Failed to build request: Resource winners2package/winnersnet2/0033_request.txt not found 	1605077193259
ERROR	request_33: Failed to build request: Resource winners2package/winnersnet2/0033_request.txt not found 	1605077193356
ERROR	request_33: Failed to build request: Resource winners2package/winnersnet2/0033_request.txt not found 	1605077193432
ERROR	request_33: Failed to build request: Resource winners2package/winnersnet2/0033_request.txt not found 	1605077193609
ERROR	request_33: Failed to build request: Resource winners2package/winnersnet2/0033_request.txt not found 	1605077193894
ERROR	request_33: Failed to build request: Resource winners2package/winnersnet2/0033_request.txt not found 	1605077193902
ERROR	request_33: Failed to build request: Resource winners2package/winnersnet2/0033_request.txt not found 	1605077193994
ERROR	request_33: Failed to build request: Resource winners2package/winnersnet2/0033_request.txt not found 	1605077194289
ERROR	request_33: Failed to build request: Resource winners2package/winnersnet2/0033_request.txt not found 	1605077194328
ERROR	request_33: Failed to build request: Resource winners2package/winnersnet2/0033_request.txt not found 	1605077194382
ERROR	request_33: Failed to build request: Resource winners2package/winnersnet2/0033_request.txt not found 	1605077194570
ERROR	request_33: Failed to build request: Resource winners2package/winnersnet2/0033_request.txt not found 	1605077194753
ERROR	request_33: Failed to build request: Resource winners2package/winnersnet2/0033_request.txt not found 	1605077194842
ERROR	request_33: Failed to build request: Resource winners2package/winnersnet2/0033_request.txt not found 	1605077195108
ERROR	request_33: Failed to build request: Resource winners2package/winnersnet2/0033_request.txt not found 	1605077195176
ERROR	request_33: Failed to build request: Resource winners2package/winnersnet2/0033_request.txt not found 	1605077195200
ERROR	request_33: Failed to build request: Resource winners2package/winnersnet2/0033_request.txt not found 	1605077195271
ERROR	request_33: Failed to build request: Resource winners2package/winnersnet2/0033_request.txt not found 	1605077195504
ERROR	request_33: Failed to build request: Resource winners2package/winnersnet2/0033_request.txt not found 	1605077195511
ERROR	request_33: Failed to build request: Resource winners2package/winnersnet2/0033_request.txt not found 	1605077195732
ERROR	request_33: Failed to build request: Resource winners2package/winnersnet2/0033_request.txt not found 	1605077195801
ERROR	request_33: Failed to build request: Resource winners2package/winnersnet2/0033_request.txt not found 	1605077195819
ERROR	request_33: Failed to build request: Resource winners2package/winnersnet2/0033_request.txt not found 	1605077196035
ERROR	request_33: Failed to build request: Resource winners2package/winnersnet2/0033_request.txt not found 	1605077196284
ERROR	request_52: Failed to build request: Resource winners2package/winnersnet2/0052_request.txt not found 	1605077230241
ERROR	request_52: Failed to build request: Resource winners2package/winnersnet2/0052_request.txt not found 	1605077231985
ERROR	request_52: Failed to build request: Resource winners2package/winnersnet2/0052_request.txt not found 	1605077235097
ERROR	request_52: Failed to build request: Resource winners2package/winnersnet2/0052_request.txt not found 	1605077236346
ERROR	request_52: Failed to build request: Resource winners2package/winnersnet2/0052_request.txt not found 	1605077236357
ERROR	request_52: Failed to build request: Resource winners2package/winnersnet2/0052_request.txt not found 	1605077236372
ERROR	request_52: Failed to build request: Resource winners2package/winnersnet2/0052_request.txt not found 	1605077237845
ERROR	request_52: Failed to build request: Resource winners2package/winnersnet2/0052_request.txt not found 	1605077238041
ERROR	request_52: Failed to build request: Resource winners2package/winnersnet2/0052_request.txt not found 	1605077238052
ERROR	request_52: Failed to build request: Resource winners2package/winnersnet2/0052_request.txt not found 	1605077238237
ERROR	request_52: Failed to build request: Resource winners2package/winnersnet2/0052_request.txt not found 	1605077238645
ERROR	request_52: Failed to build request: Resource winners2package/winnersnet2/0052_request.txt not found 	1605077238762
ERROR	request_52: Failed to build request: Resource winners2package/winnersnet2/0052_request.txt not found 	1605077239596
ERROR	request_52: Failed to build request: Resource winners2package/winnersnet2/0052_request.txt not found 	1605077241349
ERROR	request_52: Failed to build request: Resource winners2package/winnersnet2/0052_request.txt not found 	1605077241671
ERROR	request_52: Failed to build request: Resource winners2package/winnersnet2/0052_request.txt not found 	1605077242742
ERROR	request_52: Failed to build request: Resource winners2package/winnersnet2/0052_request.txt not found 	1605077242863
ERROR	request_52: Failed to build request: Resource winners2package/winnersnet2/0052_request.txt not found 	1605077243286
ERROR	request_52: Failed to build request: Resource winners2package/winnersnet2/0052_request.txt not found 	1605077243618
ERROR	request_52: Failed to build request: Resource winners2package/winnersnet2/0052_request.txt not found 	1605077244352
ERROR	request_52: Failed to build request: Resource winners2package/winnersnet2/0052_request.txt not found 	1605077244687
ERROR	request_52: Failed to build request: Resource winners2package/winnersnet2/0052_request.txt not found 	1605077244905
ERROR	request_52: Failed to build request: Resource winners2package/winnersnet2/0052_request.txt not found 	1605077245326
ERROR	request_52: Failed to build request: Resource winners2package/winnersnet2/0052_request.txt not found 	1605077246710
ERROR	request_52: Failed to build request: Resource winners2package/winnersnet2/0052_request.txt not found 	1605077247099
ERROR	request_52: Failed to build request: Resource winners2package/winnersnet2/0052_request.txt not found 	1605077247284
ERROR	request_52: Failed to build request: Resource winners2package/winnersnet2/0052_request.txt not found 	1605077247300
ERROR	request_52: Failed to build request: Resource winners2package/winnersnet2/0052_request.txt not found 	1605077247309
ERROR	request_52: Failed to build request: Resource winners2package/winnersnet2/0052_request.txt not found 	1605077247475
ERROR	request_52: Failed to build request: Resource winners2package/winnersnet2/0052_request.txt not found 	1605077247672
ERROR	request_52: Failed to build request: Resource winners2package/winnersnet2/0052_request.txt not found 	1605077247732
ERROR	request_52: Failed to build request: Resource winners2package/winnersnet2/0052_request.txt not found 	1605077247751
ERROR	request_52: Failed to build request: Resource winners2package/winnersnet2/0052_request.txt not found 	1605077247816
ERROR	request_52: Failed to build request: Resource winners2package/winnersnet2/0052_request.txt not found 	1605077247821
ERROR	request_52: Failed to build request: Resource winners2package/winnersnet2/0052_request.txt not found 	1605077247824
ERROR	request_52: Failed to build request: Resource winners2package/winnersnet2/0052_request.txt not found 	1605077247829
ERROR	request_52: Failed to build request: Resource winners2package/winnersnet2/0052_request.txt not found 	1605077247829
ERROR	request_52: Failed to build request: Resource winners2package/winnersnet2/0052_request.txt not found 	1605077247856
ERROR	request_52: Failed to build request: Resource winners2package/winnersnet2/0052_request.txt not found 	1605077247899
ERROR	request_52: Failed to build request: Resource winners2package/winnersnet2/0052_request.txt not found 	1605077248071
ERROR	request_52: Failed to build request: Resource winners2package/winnersnet2/0052_request.txt not found 	1605077248117
ERROR	request_52: Failed to build request: Resource winners2package/winnersnet2/0052_request.txt not found 	1605077248141
ERROR	request_52: Failed to build request: Resource winners2package/winnersnet2/0052_request.txt not found 	1605077248143
ERROR	request_52: Failed to build request: Resource winners2package/winnersnet2/0052_request.txt not found 	1605077248195
ERROR	request_52: Failed to build request: Resource winners2package/winnersnet2/0052_request.txt not found 	1605077248199
ERROR	request_52: Failed to build request: Resource winners2package/winnersnet2/0052_request.txt not found 	1605077248211
ERROR	request_52: Failed to build request: Resource winners2package/winnersnet2/0052_request.txt not found 	1605077248223
ERROR	request_52: Failed to build request: Resource winners2package/winnersnet2/0052_request.txt not found 	1605077248537
ERROR	request_52: Failed to build request: Resource winners2package/winnersnet2/0052_request.txt not found 	1605077248580
ERROR	request_52: Failed to build request: Resource winners2package/winnersnet2/0052_request.txt not found 	1605077248604
ERROR	request_52: Failed to build request: Resource winners2package/winnersnet2/0052_request.txt not found 	1605077248656
ERROR	request_52: Failed to build request: Resource winners2package/winnersnet2/0052_request.txt not found 	1605077249172
ERROR	request_52: Failed to build request: Resource winners2package/winnersnet2/0052_request.txt not found 	1605077250303
ERROR	request_52: Failed to build request: Resource winners2package/winnersnet2/0052_request.txt not found 	1605077250310
ERROR	request_52: Failed to build request: Resource winners2package/winnersnet2/0052_request.txt not found 	1605077250557
ERROR	request_52: Failed to build request: Resource winners2package/winnersnet2/0052_request.txt not found 	1605077251258
ERROR	request_52: Failed to build request: Resource winners2package/winnersnet2/0052_request.txt not found 	1605077251444
ERROR	request_52: Failed to build request: Resource winners2package/winnersnet2/0052_request.txt not found 	1605077251661
ERROR	request_52: Failed to build request: Resource winners2package/winnersnet2/0052_request.txt not found 	1605077252015
ERROR	request_52: Failed to build request: Resource winners2package/winnersnet2/0052_request.txt not found 	1605077252114
ERROR	request_52: Failed to build request: Resource winners2package/winnersnet2/0052_request.txt not found 	1605077252331
ERROR	request_52: Failed to build request: Resource winners2package/winnersnet2/0052_request.txt not found 	1605077252418
ERROR	request_52: Failed to build request: Resource winners2package/winnersnet2/0052_request.txt not found 	1605077252448
ERROR	request_52: Failed to build request: Resource winners2package/winnersnet2/0052_request.txt not found 	1605077252563
ERROR	request_52: Failed to build request: Resource winners2package/winnersnet2/0052_request.txt not found 	1605077252570
ERROR	request_52: Failed to build request: Resource winners2package/winnersnet2/0052_request.txt not found 	1605077252761
ERROR	request_52: Failed to build request: Resource winners2package/winnersnet2/0052_request.txt not found 	1605077253035
ERROR	request_52: Failed to build request: Resource winners2package/winnersnet2/0052_request.txt not found 	1605077254499
ERROR	request_52: Failed to build request: Resource winners2package/winnersnet2/0052_request.txt not found 	1605077256096
REQUEST		ViewRecommendedBookmakersPage	1605077259658	1605077259696	OK	 
ERROR	request_52: Failed to build request: Resource winners2package/winnersnet2/0052_request.txt not found 	1605077260549
ERROR	request_52: Failed to build request: Resource winners2package/winnersnet2/0052_request.txt not found 	1605077260731
ERROR	request_74: Failed to build request: Resource winners2package/winnersnet2/0074_request.txt not found 	1605077261457
ERROR	request_52: Failed to build request: Resource winners2package/winnersnet2/0052_request.txt not found 	1605077266343
ERROR	request_52: Failed to build request: Resource winners2package/winnersnet2/0052_request.txt not found 	1605077266641
ERROR	request_52: Failed to build request: Resource winners2package/winnersnet2/0052_request.txt not found 	1605077266650
ERROR	request_52: Failed to build request: Resource winners2package/winnersnet2/0052_request.txt not found 	1605077267081
REQUEST		ViewRecommendedBookmakersPage	1605077276617	1605077276654	OK	 
REQUEST		ViewRecommendedBookmakersPage	1605077277798	1605077277833	OK	 
REQUEST		ViewRecommendedBookmakersPage	1605077278881	1605077278914	OK	 
ERROR	request_74: Failed to build request: Resource winners2package/winnersnet2/0074_request.txt not found 	1605077279403
ERROR	request_74: Failed to build request: Resource winners2package/winnersnet2/0074_request.txt not found 	1605077281464
REQUEST		ViewRecommendedBookmakersPage	1605077287025	1605077287062	OK	 
REQUEST		ViewRecommendedBookmakersPage	1605077295330	1605077295363	OK	 
REQUEST		ViewRecommendedBookmakersPage	1605077305236	1605077305395	OK	 
REQUEST		ViewRecommendedBookmakersPage	1605077307405	1605077307441	OK	 
REQUEST		ViewRecommendedBookmakersPage	1605077307548	1605077307583	OK	 
REQUEST		ViewRecommendedBookmakersPage	1605077309143	1605077309182	OK	 
ERROR	request_74: Failed to build request: Resource winners2package/winnersnet2/0074_request.txt not found 	1605077311264
REQUEST		ViewRecommendedBookmakersPage	1605077311346	1605077311381	OK	 
REQUEST		ViewRecommendedBookmakersPage	1605077311546	1605077311583	OK	 
REQUEST		ViewRecommendedBookmakersPage	1605077312233	1605077312270	OK	 
REQUEST		ViewRecommendedBookmakersPage	1605077313070	1605077313105	OK	 
ERROR	request_74: Failed to build request: Resource winners2package/winnersnet2/0074_request.txt not found 	1605077315275
REQUEST		ViewRecommendedBookmakersPage	1605077316373	1605077316409	OK	 
REQUEST		ViewRecommendedBookmakersPage	1605077316772	1605077316811	OK	 
REQUEST		ViewRecommendedBookmakersPage	1605077317615	1605077317754	OK	 
REQUEST		ViewRecommendedBookmakersPage	1605077317863	1605077317910	OK	 
REQUEST		ViewRecommendedBookmakersPage	1605077320628	1605077320664	OK	 
REQUEST		ViewRecommendedBookmakersPage	1605077320836	1605077320871	OK	 
REQUEST		ViewRecommendedBookmakersPage	1605077321103	1605077321137	OK	 
REQUEST		ViewRecommendedBookmakersPage	1605077322099	1605077322134	OK	 
REQUEST		ViewRecommendedBookmakersPage	1605077322607	1605077322645	OK	 
REQUEST		ViewRecommendedBookmakersPage	1605077322842	1605077322877	OK	 
REQUEST		ViewRecommendedBookmakersPage	1605077324013	1605077324048	OK	 
REQUEST		ViewRecommendedBookmakersPage	1605077325452	1605077325489	OK	 
REQUEST		ViewRecommendedBookmakersPage	1605077325479	1605077325513	OK	 
REQUEST		ViewRecommendedBookmakersPage	1605077326526	1605077326560	OK	 
REQUEST		ViewRecommendedBookmakersPage	1605077327970	1605077328004	OK	 
ERROR	request_74: Failed to build request: Resource winners2package/winnersnet2/0074_request.txt not found 	1605077329142
REQUEST		ViewRecommendedBookmakersPage	1605077329477	1605077329635	OK	 
REQUEST		ViewRecommendedBookmakersPage	1605077330278	1605077330321	OK	 
REQUEST		ViewRecommendedBookmakersPage	1605077331281	1605077331319	OK	 
REQUEST		ViewRecommendedBookmakersPage	1605077331282	1605077331333	OK	 
REQUEST		ViewRecommendedBookmakersPage	1605077331585	1605077331621	OK	 
REQUEST		ViewRecommendedBookmakersPage	1605077331655	1605077331690	OK	 
REQUEST		ViewRecommendedBookmakersPage	1605077331987	1605077332022	OK	 
ERROR	request_74: Failed to build request: Resource winners2package/winnersnet2/0074_request.txt not found 	1605077335505
REQUEST		ViewRecommendedBookmakersPage	1605077336626	1605077336799	OK	 
ERROR	request_74: Failed to build request: Resource winners2package/winnersnet2/0074_request.txt not found 	1605077338189
ERROR	request_74: Failed to build request: Resource winners2package/winnersnet2/0074_request.txt not found 	1605077338684
ERROR	request_74: Failed to build request: Resource winners2package/winnersnet2/0074_request.txt not found 	1605077339888
ERROR	request_74: Failed to build request: Resource winners2package/winnersnet2/0074_request.txt not found 	1605077343773
REQUEST		ViewRecommendedBookmakersPage	1605077346409	1605077346570	OK	 
ERROR	request_74: Failed to build request: Resource winners2package/winnersnet2/0074_request.txt not found 	1605077348119
REQUEST		ViewRecommendedBookmakersPage	1605077355842	1605077356007	OK	 
ERROR	request_74: Failed to build request: Resource winners2package/winnersnet2/0074_request.txt not found 	1605077356471
REQUEST		FullReviewPage	1605077328087	1605077359636	OK	 
ERROR	request_84: Failed to build request: Resource winners2package/winnersnet2/0084_request.txt not found 	1605077359646
ERROR	request_74: Failed to build request: Resource winners2package/winnersnet2/0074_request.txt not found 	1605077360128
REQUEST		ViewRecommendedBookmakersPage	1605077365313	1605077365348	OK	 
REQUEST		ViewRecommendedBookmakersPage	1605077365565	1605077365600	OK	 
REQUEST		ViewRecommendedBookmakersPage	1605077366290	1605077366472	OK	 
REQUEST		ViewRecommendedBookmakersPage	1605077366941	1605077366976	OK	 
REQUEST		ViewRecommendedBookmakersPage	1605077367176	1605077367213	OK	 
REQUEST		ViewRecommendedBookmakersPage	1605077367349	1605077367412	OK	 
ERROR	request_74: Failed to build request: Resource winners2package/winnersnet2/0074_request.txt not found 	1605077367592
REQUEST		ViewRecommendedBookmakersPage	1605077368869	1605077368906	OK	 
ERROR	request_74: Failed to build request: Resource winners2package/winnersnet2/0074_request.txt not found 	1605077369022
REQUEST		ViewRecommendedBookmakersPage	1605077369030	1605077369066	OK	 
ERROR	request_74: Failed to build request: Resource winners2package/winnersnet2/0074_request.txt not found 	1605077369118
REQUEST		ViewRecommendedBookmakersPage	1605077369730	1605077369881	OK	 
REQUEST		ViewRecommendedBookmakersPage	1605077370269	1605077370305	OK	 
REQUEST		ViewRecommendedBookmakersPage	1605077370322	1605077370480	OK	 
REQUEST		ViewRecommendedBookmakersPage	1605077370640	1605077370683	OK	 
REQUEST		ViewRecommendedBookmakersPage	1605077370830	1605077370864	OK	 
REQUEST		ViewRecommendedBookmakersPage	1605077370839	1605077371000	OK	 
REQUEST		ViewRecommendedBookmakersPage	1605077370918	1605077371097	OK	 
REQUEST		ViewRecommendedBookmakersPage	1605077371082	1605077371246	OK	 
REQUEST		ViewRecommendedBookmakersPage	1605077371159	1605077371304	OK	 
REQUEST		ViewRecommendedBookmakersPage	1605077371154	1605077371316	OK	 
REQUEST		ViewRecommendedBookmakersPage	1605077371209	1605077371372	OK	 
REQUEST		ViewRecommendedBookmakersPage	1605077371235	1605077371410	OK	 
REQUEST		ViewRecommendedBookmakersPage	1605077371551	1605077371700	OK	 
REQUEST		ViewRecommendedBookmakersPage	1605077371588	1605077371761	OK	 
ERROR	request_74: Failed to build request: Resource winners2package/winnersnet2/0074_request.txt not found 	1605077372718
REQUEST		ViewRecommendedBookmakersPage	1605077373320	1605077373459	OK	 
REQUEST		ViewRecommendedBookmakersPage	1605077373314	1605077373473	OK	 
ERROR	request_74: Failed to build request: Resource winners2package/winnersnet2/0074_request.txt not found 	1605077373486
REQUEST		ViewRecommendedBookmakersPage	1605077373576	1605077373725	OK	 
ERROR	request_74: Failed to build request: Resource winners2package/winnersnet2/0074_request.txt not found 	1605077374319
REQUEST		ViewRecommendedBookmakersPage	1605077374618	1605077374769	OK	 
REQUEST		ViewRecommendedBookmakersPage	1605077374623	1605077374790	OK	 
REQUEST		ViewRecommendedBookmakersPage	1605077374674	1605077374832	OK	 
ERROR	request_74: Failed to build request: Resource winners2package/winnersnet2/0074_request.txt not found 	1605077375042
REQUEST		ViewRecommendedBookmakersPage	1605077375338	1605077375496	OK	 
REQUEST		ViewRecommendedBookmakersPage	1605077375429	1605077375591	OK	 
REQUEST		ViewRecommendedBookmakersPage	1605077375582	1605077375734	OK	 
REQUEST		ViewRecommendedBookmakersPage	1605077376044	1605077376199	OK	 
ERROR	request_74: Failed to build request: Resource winners2package/winnersnet2/0074_request.txt not found 	1605077377239
ERROR	request_74: Failed to build request: Resource winners2package/winnersnet2/0074_request.txt not found 	1605077377632
ERROR	request_74: Failed to build request: Resource winners2package/winnersnet2/0074_request.txt not found 	1605077378098
ERROR	request_74: Failed to build request: Resource winners2package/winnersnet2/0074_request.txt not found 	1605077378523
ERROR	request_74: Failed to build request: Resource winners2package/winnersnet2/0074_request.txt not found 	1605077378798
ERROR	request_74: Failed to build request: Resource winners2package/winnersnet2/0074_request.txt not found 	1605077378867
ERROR	request_74: Failed to build request: Resource winners2package/winnersnet2/0074_request.txt not found 	1605077379140
ERROR	request_74: Failed to build request: Resource winners2package/winnersnet2/0074_request.txt not found 	1605077380587
ERROR	request_74: Failed to build request: Resource winners2package/winnersnet2/0074_request.txt not found 	1605077381388
REQUEST		ViewRecommendedBookmakersPage	1605077381980	1605077382014	OK	 
REQUEST		ViewRecommendedBookmakersPage	1605077382047	1605077382084	OK	 
ERROR	request_74: Failed to build request: Resource winners2package/winnersnet2/0074_request.txt not found 	1605077382494
ERROR	request_74: Failed to build request: Resource winners2package/winnersnet2/0074_request.txt not found 	1605077382641
REQUEST		ViewRecommendedBookmakersPage	1605077383947	1605077383982	OK	 
ERROR	request_74: Failed to build request: Resource winners2package/winnersnet2/0074_request.txt not found 	1605077384077
ERROR	request_74: Failed to build request: Resource winners2package/winnersnet2/0074_request.txt not found 	1605077384375
ERROR	request_74: Failed to build request: Resource winners2package/winnersnet2/0074_request.txt not found 	1605077384464
ERROR	request_74: Failed to build request: Resource winners2package/winnersnet2/0074_request.txt not found 	1605077384491
ERROR	request_74: Failed to build request: Resource winners2package/winnersnet2/0074_request.txt not found 	1605077384510
ERROR	request_74: Failed to build request: Resource winners2package/winnersnet2/0074_request.txt not found 	1605077384753
REQUEST		ViewRecommendedBookmakersPage	1605077384841	1605077384876	OK	 
REQUEST		FullReviewPage	1605077325465	1605077385465	KO	i.g.h.c.i.RequestTimeoutException: Request timeout to winners.net/52.84.112.13:443 after 60000 ms
ERROR	request_74: Failed to build request: Resource winners2package/winnersnet2/0074_request.txt not found 	1605077385906
ERROR	request_74: Failed to build request: Resource winners2package/winnersnet2/0074_request.txt not found 	1605077386500
ERROR	request_74: Failed to build request: Resource winners2package/winnersnet2/0074_request.txt not found 	1605077387161
ERROR	request_74: Failed to build request: Resource winners2package/winnersnet2/0074_request.txt not found 	1605077387236
ERROR	request_74: Failed to build request: Resource winners2package/winnersnet2/0074_request.txt not found 	1605077387575
ERROR	request_74: Failed to build request: Resource winners2package/winnersnet2/0074_request.txt not found 	1605077387787
ERROR	request_74: Failed to build request: Resource winners2package/winnersnet2/0074_request.txt not found 	1605077389250
ERROR	request_74: Failed to build request: Resource winners2package/winnersnet2/0074_request.txt not found 	1605077389591
USER	winnersNet2	END	1605077390241
ERROR	request_74: Failed to build request: Resource winners2package/winnersnet2/0074_request.txt not found 	1605077391112
REQUEST		FullReviewPage	1605077332474	1605077392475	KO	i.g.h.c.i.RequestTimeoutException: Request timeout to winners.net/52.84.112.107:443 after 60000 ms
REQUEST		FullReviewPage	1605077343416	1605077399960	OK	 
ERROR	request_84: Failed to build request: Resource winners2package/winnersnet2/0084_request.txt not found 	1605077399962
ERROR	request_74: Failed to build request: Resource winners2package/winnersnet2/0074_request.txt not found 	1605077401474
ERROR	request_74: Failed to build request: Resource winners2package/winnersnet2/0074_request.txt not found 	1605077403379
ERROR	request_74: Failed to build request: Resource winners2package/winnersnet2/0074_request.txt not found 	1605077403402
REQUEST		FullReviewPage	1605077375341	1605077404378	OK	 
ERROR	request_84: Failed to build request: Resource winners2package/winnersnet2/0084_request.txt not found 	1605077404378
ERROR	request_74: Failed to build request: Resource winners2package/winnersnet2/0074_request.txt not found 	1605077404414
ERROR	request_74: Failed to build request: Resource winners2package/winnersnet2/0074_request.txt not found 	1605077405552
REQUEST		FullReviewPage	1605077347874	1605077405723	OK	 
ERROR	request_84: Failed to build request: Resource winners2package/winnersnet2/0084_request.txt not found 	1605077405723
ERROR	request_74: Failed to build request: Resource winners2package/winnersnet2/0074_request.txt not found 	1605077405744
ERROR	request_74: Failed to build request: Resource winners2package/winnersnet2/0074_request.txt not found 	1605077406126
ERROR	request_74: Failed to build request: Resource winners2package/winnersnet2/0074_request.txt not found 	1605077407802
REQUEST		FullReviewPage	1605077347961	1605077407963	KO	i.g.h.c.i.RequestTimeoutException: Request timeout to winners.net/52.84.112.129:443 after 60000 ms
ERROR	request_74: Failed to build request: Resource winners2package/winnersnet2/0074_request.txt not found 	1605077408036
ERROR	request_74: Failed to build request: Resource winners2package/winnersnet2/0074_request.txt not found 	1605077408041
ERROR	request_74: Failed to build request: Resource winners2package/winnersnet2/0074_request.txt not found 	1605077408205
REQUEST		FullReviewPage	1605077397077	1605077408301	OK	 
ERROR	request_84: Failed to build request: Resource winners2package/winnersnet2/0084_request.txt not found 	1605077408302
ERROR	request_74: Failed to build request: Resource winners2package/winnersnet2/0074_request.txt not found 	1605077409232
ERROR	request_74: Failed to build request: Resource winners2package/winnersnet2/0074_request.txt not found 	1605077410088
ERROR	request_74: Failed to build request: Resource winners2package/winnersnet2/0074_request.txt not found 	1605077410285
ERROR	request_74: Failed to build request: Resource winners2package/winnersnet2/0074_request.txt not found 	1605077410510
ERROR	request_74: Failed to build request: Resource winners2package/winnersnet2/0074_request.txt not found 	1605077410905
REQUEST		FullReviewPage	1605077400037	1605077410950	OK	 
ERROR	request_84: Failed to build request: Resource winners2package/winnersnet2/0084_request.txt not found 	1605077410951
ERROR	request_74: Failed to build request: Resource winners2package/winnersnet2/0074_request.txt not found 	1605077411058
ERROR	request_74: Failed to build request: Resource winners2package/winnersnet2/0074_request.txt not found 	1605077412050
ERROR	request_74: Failed to build request: Resource winners2package/winnersnet2/0074_request.txt not found 	1605077413852
ERROR	request_74: Failed to build request: Resource winners2package/winnersnet2/0074_request.txt not found 	1605077414848
REQUEST		FullReviewPage	1605077405118	1605077414853	OK	 
ERROR	request_84: Failed to build request: Resource winners2package/winnersnet2/0084_request.txt not found 	1605077414854
USER	winnersNet2	END	1605077415474
ERROR	request_74: Failed to build request: Resource winners2package/winnersnet2/0074_request.txt not found 	1605077416033
REQUEST		FullReviewPage	1605077407685	1605077416327	OK	 
ERROR	request_84: Failed to build request: Resource winners2package/winnersnet2/0084_request.txt not found 	1605077416328
ERROR	request_74: Failed to build request: Resource winners2package/winnersnet2/0074_request.txt not found 	1605077416641
ERROR	request_74: Failed to build request: Resource winners2package/winnersnet2/0074_request.txt not found 	1605077416739
ERROR	request_74: Failed to build request: Resource winners2package/winnersnet2/0074_request.txt not found 	1605077416828
ERROR	request_74: Failed to build request: Resource winners2package/winnersnet2/0074_request.txt not found 	1605077416844
REQUEST		FullReviewPage	1605077408078	1605077417867	OK	 
ERROR	request_84: Failed to build request: Resource winners2package/winnersnet2/0084_request.txt not found 	1605077417867
REQUEST		FullReviewPage	1605077358474	1605077418485	KO	i.g.h.c.i.RequestTimeoutException: Request timeout to winners.net/52.84.112.41:443 after 60000 ms
REQUEST		FullReviewPage	1605077393668	1605077419967	OK	 
ERROR	request_84: Failed to build request: Resource winners2package/winnersnet2/0084_request.txt not found 	1605077419968
ERROR	request_74: Failed to build request: Resource winners2package/winnersnet2/0074_request.txt not found 	1605077420142
ERROR	request_74: Failed to build request: Resource winners2package/winnersnet2/0074_request.txt not found 	1605077420653
REQUEST		FullReviewPage	1605077393375	1605077420868	OK	 
ERROR	request_84: Failed to build request: Resource winners2package/winnersnet2/0084_request.txt not found 	1605077420869
ERROR	request_74: Failed to build request: Resource winners2package/winnersnet2/0074_request.txt not found 	1605077420960
REQUEST		FullReviewPage	1605077362467	1605077422468	KO	i.g.h.c.i.RequestTimeoutException: Request timeout to winners.net/52.84.112.107:443 after 60000 ms
USER	winnersNet2	END	1605077422480
REQUEST		FullReviewPage	1605077398218	1605077423626	OK	 
ERROR	request_84: Failed to build request: Resource winners2package/winnersnet2/0084_request.txt not found 	1605077423627
REQUEST		FullReviewPage	1605077400162	1605077424847	OK	 
ERROR	request_84: Failed to build request: Resource winners2package/winnersnet2/0084_request.txt not found 	1605077424849
REQUEST		FullReviewPage	1605077365264	1605077425266	KO	i.g.h.c.i.RequestTimeoutException: Request timeout to winners.net/52.84.112.129:443 after 60000 ms
REQUEST		FullReviewPage	1605077397180	1605077425322	OK	 
ERROR	request_84: Failed to build request: Resource winners2package/winnersnet2/0084_request.txt not found 	1605077425323
REQUEST		FullReviewPage	1605077399948	1605077425833	OK	 
ERROR	request_84: Failed to build request: Resource winners2package/winnersnet2/0084_request.txt not found 	1605077425834
REQUEST		FullReviewPage	1605077401265	1605077426065	OK	 
ERROR	request_84: Failed to build request: Resource winners2package/winnersnet2/0084_request.txt not found 	1605077426065
REQUEST		FullReviewPage	1605077405387	1605077427261	OK	 
ERROR	request_84: Failed to build request: Resource winners2package/winnersnet2/0084_request.txt not found 	1605077427262
REQUEST		FullReviewPage	1605077412698	1605077428360	OK	 
ERROR	request_84: Failed to build request: Resource winners2package/winnersnet2/0084_request.txt not found 	1605077428360
REQUEST		FullReviewPage	1605077403279	1605077428380	OK	 
ERROR	request_84: Failed to build request: Resource winners2package/winnersnet2/0084_request.txt not found 	1605077428381
REQUEST		FullReviewPage	1605077407267	1605077428487	OK	 
ERROR	request_84: Failed to build request: Resource winners2package/winnersnet2/0084_request.txt not found 	1605077428488
REQUEST		FullReviewPage	1605077407481	1605077428966	OK	 
ERROR	request_84: Failed to build request: Resource winners2package/winnersnet2/0084_request.txt not found 	1605077428966
REQUEST		FullReviewPage	1605077390400	1605077429675	OK	 
ERROR	request_84: Failed to build request: Resource winners2package/winnersnet2/0084_request.txt not found 	1605077429676
REQUEST		FullReviewPage	1605077411963	1605077430450	OK	 
ERROR	request_84: Failed to build request: Resource winners2package/winnersnet2/0084_request.txt not found 	1605077430451
USER	winnersNet2	END	1605077430511
REQUEST		FullReviewPage	1605077420721	1605077430919	OK	 
ERROR	request_84: Failed to build request: Resource winners2package/winnersnet2/0084_request.txt not found 	1605077430920
REQUEST		FullReviewPage	1605077422087	1605077432194	OK	 
ERROR	request_84: Failed to build request: Resource winners2package/winnersnet2/0084_request.txt not found 	1605077432195
REQUEST		FullReviewPage	1605077420535	1605077432582	OK	 
ERROR	request_84: Failed to build request: Resource winners2package/winnersnet2/0084_request.txt not found 	1605077432583
REQUEST		FullReviewPage	1605077403851	1605077433146	OK	 
ERROR	request_84: Failed to build request: Resource winners2package/winnersnet2/0084_request.txt not found 	1605077433147
REQUEST		FullReviewPage	1605077422236	1605077433421	OK	 
ERROR	request_84: Failed to build request: Resource winners2package/winnersnet2/0084_request.txt not found 	1605077433422
REQUEST		FullReviewPage	1605077422870	1605077433681	OK	 
ERROR	request_84: Failed to build request: Resource winners2package/winnersnet2/0084_request.txt not found 	1605077433682
REQUEST		FullReviewPage	1605077420768	1605077434352	OK	 
ERROR	request_84: Failed to build request: Resource winners2package/winnersnet2/0084_request.txt not found 	1605077434353
REQUEST		FullReviewPage	1605077421364	1605077434521	OK	 
ERROR	request_84: Failed to build request: Resource winners2package/winnersnet2/0084_request.txt not found 	1605077434523
USER	winnersNet2	END	1605077434795
REQUEST		FullReviewPage	1605077410430	1605077435579	OK	 
ERROR	request_84: Failed to build request: Resource winners2package/winnersnet2/0084_request.txt not found 	1605077435580
REQUEST		FullReviewPage	1605077407893	1605077435783	OK	 
ERROR	request_84: Failed to build request: Resource winners2package/winnersnet2/0084_request.txt not found 	1605077435784
USER	winnersNet2	END	1605077436223
REQUEST		FullReviewPage	1605077391516	1605077436275	OK	 
ERROR	request_84: Failed to build request: Resource winners2package/winnersnet2/0084_request.txt not found 	1605077436276
REQUEST		FullReviewPage	1605077426528	1605077436549	OK	 
ERROR	request_84: Failed to build request: Resource winners2package/winnersnet2/0084_request.txt not found 	1605077436550
REQUEST		FullReviewPage	1605077415883	1605077436684	OK	 
ERROR	request_84: Failed to build request: Resource winners2package/winnersnet2/0084_request.txt not found 	1605077436685
REQUEST		FullReviewPage	1605077434117	1605077436910	OK	 
ERROR	request_84: Failed to build request: Resource winners2package/winnersnet2/0084_request.txt not found 	1605077436912
REQUEST		FullReviewPage	1605077416978	1605077437575	OK	 
ERROR	request_84: Failed to build request: Resource winners2package/winnersnet2/0084_request.txt not found 	1605077437575
USER	winnersNet2	END	1605077437965
REQUEST		FullReviewPage	1605077417814	1605077438068	OK	 
ERROR	request_84: Failed to build request: Resource winners2package/winnersnet2/0084_request.txt not found 	1605077438069
REQUEST		FullReviewPage	1605077416087	1605077438072	OK	 
ERROR	request_84: Failed to build request: Resource winners2package/winnersnet2/0084_request.txt not found 	1605077438073
REQUEST		FullReviewPage	1605077425685	1605077438121	OK	 
ERROR	request_84: Failed to build request: Resource winners2package/winnersnet2/0084_request.txt not found 	1605077438121
REQUEST		FullReviewPage	1605077427351	1605077438386	OK	 
ERROR	request_84: Failed to build request: Resource winners2package/winnersnet2/0084_request.txt not found 	1605077438387
USER	winnersNet2	END	1605077438718
REQUEST		FullReviewPage	1605077425918	1605077438877	OK	 
ERROR	request_84: Failed to build request: Resource winners2package/winnersnet2/0084_request.txt not found 	1605077438877
REQUEST		FullReviewPage	1605077391942	1605077439220	OK	 
ERROR	request_84: Failed to build request: Resource winners2package/winnersnet2/0084_request.txt not found 	1605077439221
REQUEST		FullReviewPage	1605077426482	1605077439334	OK	 
ERROR	request_84: Failed to build request: Resource winners2package/winnersnet2/0084_request.txt not found 	1605077439335
REQUEST		FullReviewPage	1605077418560	1605077439690	OK	 
ERROR	request_84: Failed to build request: Resource winners2package/winnersnet2/0084_request.txt not found 	1605077439691
REQUEST		FullReviewPage	1605077429579	1605077440684	OK	 
ERROR	request_84: Failed to build request: Resource winners2package/winnersnet2/0084_request.txt not found 	1605077440684
REQUEST		FullReviewPage	1605077430517	1605077440996	OK	 
ERROR	request_84: Failed to build request: Resource winners2package/winnersnet2/0084_request.txt not found 	1605077440997
USER	winnersNet2	END	1605077441356
REQUEST		FullReviewPage	1605077423898	1605077441605	OK	 
ERROR	request_84: Failed to build request: Resource winners2package/winnersnet2/0084_request.txt not found 	1605077441606
REQUEST		FullReviewPage	1605077424831	1605077441788	OK	 
ERROR	request_84: Failed to build request: Resource winners2package/winnersnet2/0084_request.txt not found 	1605077441788
REQUEST		FullReviewPage	1605077423996	1605077441981	OK	 
ERROR	request_84: Failed to build request: Resource winners2package/winnersnet2/0084_request.txt not found 	1605077441981
REQUEST		FullReviewPage	1605077426046	1605077442505	OK	 
ERROR	request_84: Failed to build request: Resource winners2package/winnersnet2/0084_request.txt not found 	1605077442506
REQUEST		FullReviewPage	1605077432873	1605077442847	OK	 
ERROR	request_84: Failed to build request: Resource winners2package/winnersnet2/0084_request.txt not found 	1605077442848
REQUEST		FullReviewPage	1605077395769	1605077443254	OK	 
ERROR	request_84: Failed to build request: Resource winners2package/winnersnet2/0084_request.txt not found 	1605077443254
REQUEST		FullReviewPage	1605077432886	1605077443509	OK	 
ERROR	request_84: Failed to build request: Resource winners2package/winnersnet2/0084_request.txt not found 	1605077443510
REQUEST		FullReviewPage	1605077439011	1605077443895	OK	 
ERROR	request_84: Failed to build request: Resource winners2package/winnersnet2/0084_request.txt not found 	1605077443895
REQUEST		FullReviewPage	1605077427543	1605077444054	OK	 
ERROR	request_84: Failed to build request: Resource winners2package/winnersnet2/0084_request.txt not found 	1605077444055
REQUEST		FullReviewPage	1605077431385	1605077444344	OK	 
ERROR	request_84: Failed to build request: Resource winners2package/winnersnet2/0084_request.txt not found 	1605077444346
REQUEST		FullReviewPage	1605077431622	1605077444383	OK	 
ERROR	request_84: Failed to build request: Resource winners2package/winnersnet2/0084_request.txt not found 	1605077444383
REQUEST		FullReviewPage	1605077431712	1605077445023	OK	 
ERROR	request_84: Failed to build request: Resource winners2package/winnersnet2/0084_request.txt not found 	1605077445024
USER	winnersNet2	END	1605077445272
REQUEST		FullReviewPage	1605077434407	1605077445419	OK	 
ERROR	request_84: Failed to build request: Resource winners2package/winnersnet2/0084_request.txt not found 	1605077445420
REQUEST		FullReviewPage	1605077435994	1605077445723	OK	 
ERROR	request_84: Failed to build request: Resource winners2package/winnersnet2/0084_request.txt not found 	1605077445723
REQUEST		FullReviewPage	1605077435229	1605077445939	OK	 
ERROR	request_84: Failed to build request: Resource winners2package/winnersnet2/0084_request.txt not found 	1605077445940
REQUEST		FullReviewPage	1605077399813	1605077446027	OK	 
ERROR	request_84: Failed to build request: Resource winners2package/winnersnet2/0084_request.txt not found 	1605077446028
REQUEST		FullReviewPage	1605077435725	1605077446265	OK	 
ERROR	request_84: Failed to build request: Resource winners2package/winnersnet2/0084_request.txt not found 	1605077446265
REQUEST		FullReviewPage	1605077438855	1605077446598	OK	 
ERROR	request_84: Failed to build request: Resource winners2package/winnersnet2/0084_request.txt not found 	1605077446598
REQUEST		FullReviewPage	1605077430743	1605077446718	OK	 
ERROR	request_84: Failed to build request: Resource winners2package/winnersnet2/0084_request.txt not found 	1605077446718
USER	winnersNet2	END	1605077446747
REQUEST		FullReviewPage	1605077436111	1605077447086	OK	 
ERROR	request_84: Failed to build request: Resource winners2package/winnersnet2/0084_request.txt not found 	1605077447087
REQUEST		FullReviewPage	1605077430447	1605077447352	OK	 
ERROR	request_84: Failed to build request: Resource winners2package/winnersnet2/0084_request.txt not found 	1605077447352
USER	winnersNet2	END	1605077448256
USER	winnersNet2	END	1605077448488
USER	winnersNet2	END	1605077450363
USER	winnersNet2	END	1605077451354
USER	winnersNet2	END	1605077452471
USER	winnersNet2	END	1605077454057
USER	winnersNet2	END	1605077455257
USER	winnersNet2	END	1605077455267
USER	winnersNet2	END	1605077455750
USER	winnersNet2	END	1605077456245
USER	winnersNet2	END	1605077456247
USER	winnersNet2	END	1605077457689
USER	winnersNet2	END	1605077458757
USER	winnersNet2	END	1605077458761
USER	winnersNet2	END	1605077458772
USER	winnersNet2	END	1605077459205
USER	winnersNet2	END	1605077460148
USER	winnersNet2	END	1605077460868
USER	winnersNet2	END	1605077461331
USER	winnersNet2	END	1605077462657
USER	winnersNet2	END	1605077462660
USER	winnersNet2	END	1605077463553
USER	winnersNet2	END	1605077463557
USER	winnersNet2	END	1605077464082
USER	winnersNet2	END	1605077464759
USER	winnersNet2	END	1605077464767
USER	winnersNet2	END	1605077466011
USER	winnersNet2	END	1605077466030
USER	winnersNet2	END	1605077466882
USER	winnersNet2	END	1605077466883
USER	winnersNet2	END	1605077466888
USER	winnersNet2	END	1605077467301
USER	winnersNet2	END	1605077468068
USER	winnersNet2	END	1605077468478
USER	winnersNet2	END	1605077468479
USER	winnersNet2	END	1605077468485
USER	winnersNet2	END	1605077468509
USER	winnersNet2	END	1605077469285
USER	winnersNet2	END	1605077469712
USER	winnersNet2	END	1605077469716
USER	winnersNet2	END	1605077470102
USER	winnersNet2	END	1605077471089
USER	winnersNet2	END	1605077471090
USER	winnersNet2	END	1605077472033
USER	winnersNet2	END	1605077472037
USER	winnersNet2	END	1605077472436
USER	winnersNet2	END	1605077472924
USER	winnersNet2	END	1605077472978
USER	winnersNet2	END	1605077473781
USER	winnersNet2	END	1605077473782
USER	winnersNet2	END	1605077474291
USER	winnersNet2	END	1605077474293
USER	winnersNet2	END	1605077474769
USER	winnersNet2	END	1605077474782
USER	winnersNet2	END	1605077475436
USER	winnersNet2	END	1605077475817
USER	winnersNet2	END	1605077475823
USER	winnersNet2	END	1605077476351
USER	winnersNet2	END	1605077476352
USER	winnersNet2	END	1605077476356
USER	winnersNet2	END	1605077477013
USER	winnersNet2	END	1605077477018
USER	winnersNet2	END	1605077477504
USER	winnersNet2	END	1605077477511
