RUN	winnersNet	winnersnet	1605075631465	 	3.4.1
USER	winnersNet	START	1605075635513
USER	winnersNet	START	1605075635561
USER	winnersNet	START	1605075635543
USER	winnersNet	START	1605075635502
USER	winnersNet	START	1605075636336
USER	winnersNet	START	1605075636340
USER	winnersNet	START	1605075636352
USER	winnersNet	START	1605075636356
USER	winnersNet	START	1605075636363
USER	winnersNet	START	1605075636358
USER	winnersNet	START	1605075635541
USER	winnersNet	START	1605075636375
USER	winnersNet	START	1605075636369
USER	winnersNet	START	1605075636380
USER	winnersNet	START	1605075635510
USER	winnersNet	START	1605075636317
USER	winnersNet	START	1605075635560
USER	winnersNet	START	1605075635563
USER	winnersNet	START	1605075636408
USER	winnersNet	START	1605075636392
USER	winnersNet	START	1605075636393
USER	winnersNet	START	1605075636380
USER	winnersNet	START	1605075636418
USER	winnersNet	START	1605075636417
USER	winnersNet	START	1605075636414
USER	winnersNet	START	1605075636419
USER	winnersNet	START	1605075636431
USER	winnersNet	START	1605075636432
USER	winnersNet	START	1605075636439
USER	winnersNet	START	1605075636425
USER	winnersNet	START	1605075636427
USER	winnersNet	START	1605075636444
USER	winnersNet	START	1605075636449
USER	winnersNet	START	1605075636450
USER	winnersNet	START	1605075636450
USER	winnersNet	START	1605075636453
USER	winnersNet	START	1605075636442
USER	winnersNet	START	1605075636453
USER	winnersNet	START	1605075636454
USER	winnersNet	START	1605075636464
USER	winnersNet	START	1605075636467
USER	winnersNet	START	1605075636369
USER	winnersNet	START	1605075636402
USER	winnersNet	START	1605075636394
USER	winnersNet	START	1605075636479
USER	winnersNet	START	1605075636479
USER	winnersNet	START	1605075636482
USER	winnersNet	START	1605075636482
USER	winnersNet	START	1605075636482
USER	winnersNet	START	1605075636487
USER	winnersNet	START	1605075636487
USER	winnersNet	START	1605075636490
USER	winnersNet	START	1605075636491
USER	winnersNet	START	1605075636494
USER	winnersNet	START	1605075636498
USER	winnersNet	START	1605075636490
USER	winnersNet	START	1605075636503
USER	winnersNet	START	1605075636507
USER	winnersNet	START	1605075636511
USER	winnersNet	START	1605075636501
USER	winnersNet	START	1605075636517
USER	winnersNet	START	1605075636311
USER	winnersNet	START	1605075636534
USER	winnersNet	START	1605075636474
USER	winnersNet	START	1605075636539
USER	winnersNet	START	1605075636540
USER	winnersNet	START	1605075636554
USER	winnersNet	START	1605075636559
USER	winnersNet	START	1605075636457
USER	winnersNet	START	1605075636564
USER	winnersNet	START	1605075636568
USER	winnersNet	START	1605075636568
USER	winnersNet	START	1605075636572
USER	winnersNet	START	1605075636467
USER	winnersNet	START	1605075636515
REQUEST		HomePage	1605075636443	1605075638930	OK	 
REQUEST		HomePage	1605075635639	1605075638285	OK	 
ERROR	request_21: Failed to build request: Resource winners/netPackage/winnersnet/0021_request.txt not found 	1605075639447
ERROR	request_21: Failed to build request: Resource winners/netPackage/winnersnet/0021_request.txt not found 	1605075639448
REQUEST		HomePage	1605075635637	1605075640342	OK	 
REQUEST		HomePage	1605075635638	1605075640343	OK	 
ERROR	request_21: Failed to build request: Resource winners/netPackage/winnersnet/0021_request.txt not found 	1605075640348
REQUEST		HomePage	1605075635630	1605075640349	OK	 
ERROR	request_21: Failed to build request: Resource winners/netPackage/winnersnet/0021_request.txt not found 	1605075640355
ERROR	request_21: Failed to build request: Resource winners/netPackage/winnersnet/0021_request.txt not found 	1605075640363
REQUEST		HomePage	1605075636404	1605075640390	OK	 
REQUEST		HomePage	1605075635630	1605075640392	OK	 
ERROR	request_21: Failed to build request: Resource winners/netPackage/winnersnet/0021_request.txt not found 	1605075640395
ERROR	request_21: Failed to build request: Resource winners/netPackage/winnersnet/0021_request.txt not found 	1605075640397
REQUEST		HomePage	1605075635632	1605075640403	OK	 
ERROR	request_21: Failed to build request: Resource winners/netPackage/winnersnet/0021_request.txt not found 	1605075640407
REQUEST		HomePage	1605075635632	1605075640757	OK	 
ERROR	request_21: Failed to build request: Resource winners/netPackage/winnersnet/0021_request.txt not found 	1605075640763
REQUEST		HomePage	1605075636347	1605075640911	OK	 
ERROR	request_21: Failed to build request: Resource winners/netPackage/winnersnet/0021_request.txt not found 	1605075641195
REQUEST		HomePage	1605075635630	1605075641436	OK	 
ERROR	request_21: Failed to build request: Resource winners/netPackage/winnersnet/0021_request.txt not found 	1605075641441
REQUEST		HomePage	1605075636394	1605075641852	OK	 
ERROR	request_21: Failed to build request: Resource winners/netPackage/winnersnet/0021_request.txt not found 	1605075641864
REQUEST		HomePage	1605075636355	1605075642019	OK	 
ERROR	request_21: Failed to build request: Resource winners/netPackage/winnersnet/0021_request.txt not found 	1605075642028
REQUEST		HomePage	1605075636312	1605075642419	OK	 
ERROR	request_21: Failed to build request: Resource winners/netPackage/winnersnet/0021_request.txt not found 	1605075642425
REQUEST		HomePage	1605075636377	1605075642433	OK	 
ERROR	request_21: Failed to build request: Resource winners/netPackage/winnersnet/0021_request.txt not found 	1605075642436
REQUEST		HomePage	1605075636410	1605075642461	OK	 
ERROR	request_21: Failed to build request: Resource winners/netPackage/winnersnet/0021_request.txt not found 	1605075642473
REQUEST		HomePage	1605075636319	1605075642530	OK	 
ERROR	request_21: Failed to build request: Resource winners/netPackage/winnersnet/0021_request.txt not found 	1605075642535
REQUEST		HomePage	1605075636337	1605075642617	OK	 
ERROR	request_21: Failed to build request: Resource winners/netPackage/winnersnet/0021_request.txt not found 	1605075642620
REQUEST		HomePage	1605075636480	1605075642648	OK	 
REQUEST		HomePage	1605075636364	1605075642650	OK	 
ERROR	request_21: Failed to build request: Resource winners/netPackage/winnersnet/0021_request.txt not found 	1605075642651
ERROR	request_21: Failed to build request: Resource winners/netPackage/winnersnet/0021_request.txt not found 	1605075642652
REQUEST		HomePage	1605075636420	1605075642958	OK	 
ERROR	request_21: Failed to build request: Resource winners/netPackage/winnersnet/0021_request.txt not found 	1605075642962
REQUEST		HomePage	1605075636382	1605075643110	OK	 
ERROR	request_21: Failed to build request: Resource winners/netPackage/winnersnet/0021_request.txt not found 	1605075643115
REQUEST		HomePage	1605075636358	1605075643134	OK	 
ERROR	request_21: Failed to build request: Resource winners/netPackage/winnersnet/0021_request.txt not found 	1605075643136
REQUEST		HomePage	1605075636420	1605075643154	OK	 
ERROR	request_21: Failed to build request: Resource winners/netPackage/winnersnet/0021_request.txt not found 	1605075643156
REQUEST		HomePage	1605075636487	1605075643216	OK	 
ERROR	request_21: Failed to build request: Resource winners/netPackage/winnersnet/0021_request.txt not found 	1605075643220
REQUEST		HomePage	1605075636535	1605075643254	OK	 
REQUEST		HomePage	1605075636400	1605075643258	OK	 
ERROR	request_21: Failed to build request: Resource winners/netPackage/winnersnet/0021_request.txt not found 	1605075643260
ERROR	request_21: Failed to build request: Resource winners/netPackage/winnersnet/0021_request.txt not found 	1605075643269
REQUEST		HomePage	1605075636399	1605075643320	OK	 
ERROR	request_21: Failed to build request: Resource winners/netPackage/winnersnet/0021_request.txt not found 	1605075643322
REQUEST		HomePage	1605075636429	1605075643520	OK	 
ERROR	request_21: Failed to build request: Resource winners/netPackage/winnersnet/0021_request.txt not found 	1605075643523
REQUEST		HomePage	1605075636364	1605075643623	OK	 
ERROR	request_21: Failed to build request: Resource winners/netPackage/winnersnet/0021_request.txt not found 	1605075643626
REQUEST		HomePage	1605075636480	1605075643631	OK	 
ERROR	request_21: Failed to build request: Resource winners/netPackage/winnersnet/0021_request.txt not found 	1605075643635
REQUEST		HomePage	1605075636541	1605075643652	OK	 
ERROR	request_21: Failed to build request: Resource winners/netPackage/winnersnet/0021_request.txt not found 	1605075643654
REQUEST		HomePage	1605075636491	1605075643741	OK	 
ERROR	request_21: Failed to build request: Resource winners/netPackage/winnersnet/0021_request.txt not found 	1605075643747
REQUEST		HomePage	1605075636432	1605075643753	OK	 
ERROR	request_21: Failed to build request: Resource winners/netPackage/winnersnet/0021_request.txt not found 	1605075643755
REQUEST		HomePage	1605075636395	1605075643827	OK	 
ERROR	request_21: Failed to build request: Resource winners/netPackage/winnersnet/0021_request.txt not found 	1605075643829
REQUEST		HomePage	1605075636483	1605075644011	OK	 
ERROR	request_21: Failed to build request: Resource winners/netPackage/winnersnet/0021_request.txt not found 	1605075644013
REQUEST		HomePage	1605075636441	1605075644063	OK	 
ERROR	request_21: Failed to build request: Resource winners/netPackage/winnersnet/0021_request.txt not found 	1605075644067
REQUEST		HomePage	1605075636483	1605075644095	OK	 
ERROR	request_21: Failed to build request: Resource winners/netPackage/winnersnet/0021_request.txt not found 	1605075644097
REQUEST		HomePage	1605075636556	1605075644212	OK	 
ERROR	request_21: Failed to build request: Resource winners/netPackage/winnersnet/0021_request.txt not found 	1605075644214
REQUEST		HomePage	1605075636450	1605075644215	OK	 
ERROR	request_21: Failed to build request: Resource winners/netPackage/winnersnet/0021_request.txt not found 	1605075644217
REQUEST		HomePage	1605075636375	1605075644305	OK	 
ERROR	request_21: Failed to build request: Resource winners/netPackage/winnersnet/0021_request.txt not found 	1605075644307
REQUEST		HomePage	1605075636422	1605075644345	OK	 
ERROR	request_21: Failed to build request: Resource winners/netPackage/winnersnet/0021_request.txt not found 	1605075644348
REQUEST		HomePage	1605075636504	1605075644360	OK	 
ERROR	request_21: Failed to build request: Resource winners/netPackage/winnersnet/0021_request.txt not found 	1605075644366
REQUEST		HomePage	1605075636488	1605075644413	OK	 
ERROR	request_21: Failed to build request: Resource winners/netPackage/winnersnet/0021_request.txt not found 	1605075644415
REQUEST		HomePage	1605075636445	1605075644439	OK	 
ERROR	request_21: Failed to build request: Resource winners/netPackage/winnersnet/0021_request.txt not found 	1605075644441
REQUEST		HomePage	1605075636455	1605075644506	OK	 
ERROR	request_21: Failed to build request: Resource winners/netPackage/winnersnet/0021_request.txt not found 	1605075644509
REQUEST		HomePage	1605075636560	1605075644630	OK	 
ERROR	request_21: Failed to build request: Resource winners/netPackage/winnersnet/0021_request.txt not found 	1605075644632
REQUEST		HomePage	1605075636384	1605075644708	OK	 
ERROR	request_21: Failed to build request: Resource winners/netPackage/winnersnet/0021_request.txt not found 	1605075644709
REQUEST		HomePage	1605075636447	1605075644733	OK	 
ERROR	request_21: Failed to build request: Resource winners/netPackage/winnersnet/0021_request.txt not found 	1605075644735
REQUEST		HomePage	1605075636488	1605075644770	OK	 
ERROR	request_21: Failed to build request: Resource winners/netPackage/winnersnet/0021_request.txt not found 	1605075644773
REQUEST		HomePage	1605075636508	1605075644772	OK	 
ERROR	request_21: Failed to build request: Resource winners/netPackage/winnersnet/0021_request.txt not found 	1605075644774
REQUEST		HomePage	1605075636451	1605075644788	OK	 
ERROR	request_21: Failed to build request: Resource winners/netPackage/winnersnet/0021_request.txt not found 	1605075644790
REQUEST		HomePage	1605075636491	1605075644812	OK	 
ERROR	request_21: Failed to build request: Resource winners/netPackage/winnersnet/0021_request.txt not found 	1605075644815
REQUEST		HomePage	1605075636465	1605075644904	OK	 
ERROR	request_21: Failed to build request: Resource winners/netPackage/winnersnet/0021_request.txt not found 	1605075644907
REQUEST		HomePage	1605075636460	1605075644983	OK	 
ERROR	request_21: Failed to build request: Resource winners/netPackage/winnersnet/0021_request.txt not found 	1605075644985
REQUEST		HomePage	1605075636566	1605075645134	OK	 
ERROR	request_21: Failed to build request: Resource winners/netPackage/winnersnet/0021_request.txt not found 	1605075645136
REQUEST		HomePage	1605075636512	1605075645157	OK	 
ERROR	request_21: Failed to build request: Resource winners/netPackage/winnersnet/0021_request.txt not found 	1605075645166
REQUEST		HomePage	1605075636427	1605075645212	OK	 
ERROR	request_21: Failed to build request: Resource winners/netPackage/winnersnet/0021_request.txt not found 	1605075645214
REQUEST		HomePage	1605075636451	1605075645298	OK	 
ERROR	request_21: Failed to build request: Resource winners/netPackage/winnersnet/0021_request.txt not found 	1605075645303
REQUEST		HomePage	1605075636492	1605075645414	OK	 
ERROR	request_21: Failed to build request: Resource winners/netPackage/winnersnet/0021_request.txt not found 	1605075645419
REQUEST		HomePage	1605075636495	1605075645465	OK	 
ERROR	request_21: Failed to build request: Resource winners/netPackage/winnersnet/0021_request.txt not found 	1605075645467
REQUEST		HomePage	1605075636469	1605075645477	OK	 
ERROR	request_21: Failed to build request: Resource winners/netPackage/winnersnet/0021_request.txt not found 	1605075645480
REQUEST		HomePage	1605075636570	1605075645555	OK	 
ERROR	request_21: Failed to build request: Resource winners/netPackage/winnersnet/0021_request.txt not found 	1605075645557
REQUEST		HomePage	1605075636434	1605075645610	OK	 
ERROR	request_21: Failed to build request: Resource winners/netPackage/winnersnet/0021_request.txt not found 	1605075645626
REQUEST		HomePage	1605075636454	1605075645650	OK	 
ERROR	request_21: Failed to build request: Resource winners/netPackage/winnersnet/0021_request.txt not found 	1605075645651
REQUEST		HomePage	1605075636468	1605075645731	OK	 
ERROR	request_21: Failed to build request: Resource winners/netPackage/winnersnet/0021_request.txt not found 	1605075645734
REQUEST		HomePage	1605075636499	1605075645806	OK	 
ERROR	request_21: Failed to build request: Resource winners/netPackage/winnersnet/0021_request.txt not found 	1605075645808
REQUEST		HomePage	1605075636528	1605075645867	OK	 
ERROR	request_21: Failed to build request: Resource winners/netPackage/winnersnet/0021_request.txt not found 	1605075645869
REQUEST		HomePage	1605075636458	1605075646014	OK	 
ERROR	request_21: Failed to build request: Resource winners/netPackage/winnersnet/0021_request.txt not found 	1605075646015
REQUEST		HomePage	1605075636475	1605075646112	OK	 
ERROR	request_21: Failed to build request: Resource winners/netPackage/winnersnet/0021_request.txt not found 	1605075646113
REQUEST		HomePage	1605075636502	1605075646237	OK	 
ERROR	request_21: Failed to build request: Resource winners/netPackage/winnersnet/0021_request.txt not found 	1605075646240
REQUEST		HomePage	1605075636574	1605075646311	OK	 
ERROR	request_21: Failed to build request: Resource winners/netPackage/winnersnet/0021_request.txt not found 	1605075646313
REQUEST		HomePage	1605075636569	1605075646582	OK	 
ERROR	request_21: Failed to build request: Resource winners/netPackage/winnersnet/0021_request.txt not found 	1605075646584
REQUEST		HomePage	1605075636518	1605075646612	OK	 
ERROR	request_21: Failed to build request: Resource winners/netPackage/winnersnet/0021_request.txt not found 	1605075646614
REQUEST		HomePage	1605075636543	1605075646652	OK	 
ERROR	request_21: Failed to build request: Resource winners/netPackage/winnersnet/0021_request.txt not found 	1605075646655
ERROR	request_47: Failed to build request: Resource winners/netPackage/winnersnet/0047_request.txt not found 	1605075731222
ERROR	request_50: Failed to build request: Resource winners/netPackage/winnersnet/0050_request.txt not found 	1605075731226
ERROR	request_53: Failed to build request: Resource winners/netPackage/winnersnet/0053_request.txt not found 	1605075731228
ERROR	request_57: Failed to build request: Resource winners/netPackage/winnersnet/0057_request.txt not found 	1605075731230
ERROR	request_60: Failed to build request: Resource winners/netPackage/winnersnet/0060_request.txt not found 	1605075731231
ERROR	request_63: Failed to build request: Resource winners/netPackage/winnersnet/0063_request.txt not found 	1605075731231
ERROR	request_66: Failed to build request: Resource winners/netPackage/winnersnet/0066_request.txt not found 	1605075731233
ERROR	request_47: Failed to build request: Resource winners/netPackage/winnersnet/0047_request.txt not found 	1605075732020
ERROR	request_50: Failed to build request: Resource winners/netPackage/winnersnet/0050_request.txt not found 	1605075732021
ERROR	request_53: Failed to build request: Resource winners/netPackage/winnersnet/0053_request.txt not found 	1605075732021
ERROR	request_57: Failed to build request: Resource winners/netPackage/winnersnet/0057_request.txt not found 	1605075732021
ERROR	request_60: Failed to build request: Resource winners/netPackage/winnersnet/0060_request.txt not found 	1605075732021
ERROR	request_63: Failed to build request: Resource winners/netPackage/winnersnet/0063_request.txt not found 	1605075732022
ERROR	request_66: Failed to build request: Resource winners/netPackage/winnersnet/0066_request.txt not found 	1605075732022
ERROR	request_47: Failed to build request: Resource winners/netPackage/winnersnet/0047_request.txt not found 	1605075732112
ERROR	request_50: Failed to build request: Resource winners/netPackage/winnersnet/0050_request.txt not found 	1605075732113
ERROR	request_53: Failed to build request: Resource winners/netPackage/winnersnet/0053_request.txt not found 	1605075732113
ERROR	request_57: Failed to build request: Resource winners/netPackage/winnersnet/0057_request.txt not found 	1605075732114
ERROR	request_60: Failed to build request: Resource winners/netPackage/winnersnet/0060_request.txt not found 	1605075732114
ERROR	request_63: Failed to build request: Resource winners/netPackage/winnersnet/0063_request.txt not found 	1605075732115
ERROR	request_66: Failed to build request: Resource winners/netPackage/winnersnet/0066_request.txt not found 	1605075732115
ERROR	request_47: Failed to build request: Resource winners/netPackage/winnersnet/0047_request.txt not found 	1605075732390
ERROR	request_50: Failed to build request: Resource winners/netPackage/winnersnet/0050_request.txt not found 	1605075732391
ERROR	request_53: Failed to build request: Resource winners/netPackage/winnersnet/0053_request.txt not found 	1605075732391
ERROR	request_57: Failed to build request: Resource winners/netPackage/winnersnet/0057_request.txt not found 	1605075732391
ERROR	request_60: Failed to build request: Resource winners/netPackage/winnersnet/0060_request.txt not found 	1605075732391
ERROR	request_63: Failed to build request: Resource winners/netPackage/winnersnet/0063_request.txt not found 	1605075732391
ERROR	request_66: Failed to build request: Resource winners/netPackage/winnersnet/0066_request.txt not found 	1605075732392
ERROR	request_47: Failed to build request: Resource winners/netPackage/winnersnet/0047_request.txt not found 	1605075732510
ERROR	request_50: Failed to build request: Resource winners/netPackage/winnersnet/0050_request.txt not found 	1605075732510
ERROR	request_53: Failed to build request: Resource winners/netPackage/winnersnet/0053_request.txt not found 	1605075732510
ERROR	request_57: Failed to build request: Resource winners/netPackage/winnersnet/0057_request.txt not found 	1605075732510
ERROR	request_60: Failed to build request: Resource winners/netPackage/winnersnet/0060_request.txt not found 	1605075732511
ERROR	request_63: Failed to build request: Resource winners/netPackage/winnersnet/0063_request.txt not found 	1605075732511
ERROR	request_66: Failed to build request: Resource winners/netPackage/winnersnet/0066_request.txt not found 	1605075732511
ERROR	request_47: Failed to build request: Resource winners/netPackage/winnersnet/0047_request.txt not found 	1605075733025
ERROR	request_50: Failed to build request: Resource winners/netPackage/winnersnet/0050_request.txt not found 	1605075733025
ERROR	request_53: Failed to build request: Resource winners/netPackage/winnersnet/0053_request.txt not found 	1605075733026
ERROR	request_57: Failed to build request: Resource winners/netPackage/winnersnet/0057_request.txt not found 	1605075733026
ERROR	request_60: Failed to build request: Resource winners/netPackage/winnersnet/0060_request.txt not found 	1605075733026
ERROR	request_63: Failed to build request: Resource winners/netPackage/winnersnet/0063_request.txt not found 	1605075733026
ERROR	request_66: Failed to build request: Resource winners/netPackage/winnersnet/0066_request.txt not found 	1605075733026
ERROR	request_47: Failed to build request: Resource winners/netPackage/winnersnet/0047_request.txt not found 	1605075733207
ERROR	request_50: Failed to build request: Resource winners/netPackage/winnersnet/0050_request.txt not found 	1605075733208
ERROR	request_53: Failed to build request: Resource winners/netPackage/winnersnet/0053_request.txt not found 	1605075733208
ERROR	request_57: Failed to build request: Resource winners/netPackage/winnersnet/0057_request.txt not found 	1605075733208
ERROR	request_60: Failed to build request: Resource winners/netPackage/winnersnet/0060_request.txt not found 	1605075733208
ERROR	request_63: Failed to build request: Resource winners/netPackage/winnersnet/0063_request.txt not found 	1605075733208
ERROR	request_66: Failed to build request: Resource winners/netPackage/winnersnet/0066_request.txt not found 	1605075733209
ERROR	request_47: Failed to build request: Resource winners/netPackage/winnersnet/0047_request.txt not found 	1605075733474
ERROR	request_50: Failed to build request: Resource winners/netPackage/winnersnet/0050_request.txt not found 	1605075733474
ERROR	request_53: Failed to build request: Resource winners/netPackage/winnersnet/0053_request.txt not found 	1605075733474
ERROR	request_57: Failed to build request: Resource winners/netPackage/winnersnet/0057_request.txt not found 	1605075733475
ERROR	request_60: Failed to build request: Resource winners/netPackage/winnersnet/0060_request.txt not found 	1605075733475
ERROR	request_63: Failed to build request: Resource winners/netPackage/winnersnet/0063_request.txt not found 	1605075733475
ERROR	request_66: Failed to build request: Resource winners/netPackage/winnersnet/0066_request.txt not found 	1605075733475
ERROR	request_47: Failed to build request: Resource winners/netPackage/winnersnet/0047_request.txt not found 	1605075734730
ERROR	request_50: Failed to build request: Resource winners/netPackage/winnersnet/0050_request.txt not found 	1605075734731
ERROR	request_53: Failed to build request: Resource winners/netPackage/winnersnet/0053_request.txt not found 	1605075734732
ERROR	request_57: Failed to build request: Resource winners/netPackage/winnersnet/0057_request.txt not found 	1605075734733
ERROR	request_60: Failed to build request: Resource winners/netPackage/winnersnet/0060_request.txt not found 	1605075734733
ERROR	request_63: Failed to build request: Resource winners/netPackage/winnersnet/0063_request.txt not found 	1605075734733
ERROR	request_66: Failed to build request: Resource winners/netPackage/winnersnet/0066_request.txt not found 	1605075734734
ERROR	request_47: Failed to build request: Resource winners/netPackage/winnersnet/0047_request.txt not found 	1605075735364
ERROR	request_50: Failed to build request: Resource winners/netPackage/winnersnet/0050_request.txt not found 	1605075735364
ERROR	request_53: Failed to build request: Resource winners/netPackage/winnersnet/0053_request.txt not found 	1605075735364
ERROR	request_57: Failed to build request: Resource winners/netPackage/winnersnet/0057_request.txt not found 	1605075735365
ERROR	request_60: Failed to build request: Resource winners/netPackage/winnersnet/0060_request.txt not found 	1605075735365
ERROR	request_63: Failed to build request: Resource winners/netPackage/winnersnet/0063_request.txt not found 	1605075735365
ERROR	request_66: Failed to build request: Resource winners/netPackage/winnersnet/0066_request.txt not found 	1605075735365
ERROR	request_47: Failed to build request: Resource winners/netPackage/winnersnet/0047_request.txt not found 	1605075735505
ERROR	request_50: Failed to build request: Resource winners/netPackage/winnersnet/0050_request.txt not found 	1605075735505
ERROR	request_53: Failed to build request: Resource winners/netPackage/winnersnet/0053_request.txt not found 	1605075735506
ERROR	request_57: Failed to build request: Resource winners/netPackage/winnersnet/0057_request.txt not found 	1605075735506
ERROR	request_60: Failed to build request: Resource winners/netPackage/winnersnet/0060_request.txt not found 	1605075735506
ERROR	request_63: Failed to build request: Resource winners/netPackage/winnersnet/0063_request.txt not found 	1605075735506
ERROR	request_66: Failed to build request: Resource winners/netPackage/winnersnet/0066_request.txt not found 	1605075735506
ERROR	request_47: Failed to build request: Resource winners/netPackage/winnersnet/0047_request.txt not found 	1605075735800
ERROR	request_50: Failed to build request: Resource winners/netPackage/winnersnet/0050_request.txt not found 	1605075735800
ERROR	request_53: Failed to build request: Resource winners/netPackage/winnersnet/0053_request.txt not found 	1605075735800
ERROR	request_57: Failed to build request: Resource winners/netPackage/winnersnet/0057_request.txt not found 	1605075735800
ERROR	request_60: Failed to build request: Resource winners/netPackage/winnersnet/0060_request.txt not found 	1605075735800
ERROR	request_63: Failed to build request: Resource winners/netPackage/winnersnet/0063_request.txt not found 	1605075735800
ERROR	request_66: Failed to build request: Resource winners/netPackage/winnersnet/0066_request.txt not found 	1605075735801
ERROR	request_47: Failed to build request: Resource winners/netPackage/winnersnet/0047_request.txt not found 	1605075735834
ERROR	request_50: Failed to build request: Resource winners/netPackage/winnersnet/0050_request.txt not found 	1605075735834
ERROR	request_53: Failed to build request: Resource winners/netPackage/winnersnet/0053_request.txt not found 	1605075735835
ERROR	request_57: Failed to build request: Resource winners/netPackage/winnersnet/0057_request.txt not found 	1605075735835
ERROR	request_60: Failed to build request: Resource winners/netPackage/winnersnet/0060_request.txt not found 	1605075735835
ERROR	request_63: Failed to build request: Resource winners/netPackage/winnersnet/0063_request.txt not found 	1605075735835
ERROR	request_66: Failed to build request: Resource winners/netPackage/winnersnet/0066_request.txt not found 	1605075735835
ERROR	request_47: Failed to build request: Resource winners/netPackage/winnersnet/0047_request.txt not found 	1605075736071
ERROR	request_50: Failed to build request: Resource winners/netPackage/winnersnet/0050_request.txt not found 	1605075736071
ERROR	request_53: Failed to build request: Resource winners/netPackage/winnersnet/0053_request.txt not found 	1605075736072
ERROR	request_57: Failed to build request: Resource winners/netPackage/winnersnet/0057_request.txt not found 	1605075736072
ERROR	request_60: Failed to build request: Resource winners/netPackage/winnersnet/0060_request.txt not found 	1605075736072
ERROR	request_63: Failed to build request: Resource winners/netPackage/winnersnet/0063_request.txt not found 	1605075736072
ERROR	request_66: Failed to build request: Resource winners/netPackage/winnersnet/0066_request.txt not found 	1605075736072
ERROR	request_47: Failed to build request: Resource winners/netPackage/winnersnet/0047_request.txt not found 	1605075736080
ERROR	request_50: Failed to build request: Resource winners/netPackage/winnersnet/0050_request.txt not found 	1605075736080
ERROR	request_53: Failed to build request: Resource winners/netPackage/winnersnet/0053_request.txt not found 	1605075736080
ERROR	request_57: Failed to build request: Resource winners/netPackage/winnersnet/0057_request.txt not found 	1605075736081
ERROR	request_60: Failed to build request: Resource winners/netPackage/winnersnet/0060_request.txt not found 	1605075736081
ERROR	request_63: Failed to build request: Resource winners/netPackage/winnersnet/0063_request.txt not found 	1605075736081
ERROR	request_66: Failed to build request: Resource winners/netPackage/winnersnet/0066_request.txt not found 	1605075736081
ERROR	request_47: Failed to build request: Resource winners/netPackage/winnersnet/0047_request.txt not found 	1605075736333
ERROR	request_50: Failed to build request: Resource winners/netPackage/winnersnet/0050_request.txt not found 	1605075736333
ERROR	request_53: Failed to build request: Resource winners/netPackage/winnersnet/0053_request.txt not found 	1605075736333
ERROR	request_57: Failed to build request: Resource winners/netPackage/winnersnet/0057_request.txt not found 	1605075736334
ERROR	request_60: Failed to build request: Resource winners/netPackage/winnersnet/0060_request.txt not found 	1605075736334
ERROR	request_63: Failed to build request: Resource winners/netPackage/winnersnet/0063_request.txt not found 	1605075736335
ERROR	request_66: Failed to build request: Resource winners/netPackage/winnersnet/0066_request.txt not found 	1605075736335
ERROR	request_47: Failed to build request: Resource winners/netPackage/winnersnet/0047_request.txt not found 	1605075736475
ERROR	request_50: Failed to build request: Resource winners/netPackage/winnersnet/0050_request.txt not found 	1605075736475
ERROR	request_53: Failed to build request: Resource winners/netPackage/winnersnet/0053_request.txt not found 	1605075736475
ERROR	request_57: Failed to build request: Resource winners/netPackage/winnersnet/0057_request.txt not found 	1605075736475
ERROR	request_60: Failed to build request: Resource winners/netPackage/winnersnet/0060_request.txt not found 	1605075736476
ERROR	request_63: Failed to build request: Resource winners/netPackage/winnersnet/0063_request.txt not found 	1605075736477
ERROR	request_66: Failed to build request: Resource winners/netPackage/winnersnet/0066_request.txt not found 	1605075736477
ERROR	request_47: Failed to build request: Resource winners/netPackage/winnersnet/0047_request.txt not found 	1605075736535
ERROR	request_50: Failed to build request: Resource winners/netPackage/winnersnet/0050_request.txt not found 	1605075736535
ERROR	request_53: Failed to build request: Resource winners/netPackage/winnersnet/0053_request.txt not found 	1605075736535
ERROR	request_57: Failed to build request: Resource winners/netPackage/winnersnet/0057_request.txt not found 	1605075736535
ERROR	request_60: Failed to build request: Resource winners/netPackage/winnersnet/0060_request.txt not found 	1605075736535
ERROR	request_63: Failed to build request: Resource winners/netPackage/winnersnet/0063_request.txt not found 	1605075736536
ERROR	request_66: Failed to build request: Resource winners/netPackage/winnersnet/0066_request.txt not found 	1605075736536
ERROR	request_47: Failed to build request: Resource winners/netPackage/winnersnet/0047_request.txt not found 	1605075736808
ERROR	request_50: Failed to build request: Resource winners/netPackage/winnersnet/0050_request.txt not found 	1605075736808
ERROR	request_53: Failed to build request: Resource winners/netPackage/winnersnet/0053_request.txt not found 	1605075736808
ERROR	request_57: Failed to build request: Resource winners/netPackage/winnersnet/0057_request.txt not found 	1605075736808
ERROR	request_60: Failed to build request: Resource winners/netPackage/winnersnet/0060_request.txt not found 	1605075736809
ERROR	request_63: Failed to build request: Resource winners/netPackage/winnersnet/0063_request.txt not found 	1605075736809
ERROR	request_66: Failed to build request: Resource winners/netPackage/winnersnet/0066_request.txt not found 	1605075736809
ERROR	request_47: Failed to build request: Resource winners/netPackage/winnersnet/0047_request.txt not found 	1605075737065
ERROR	request_50: Failed to build request: Resource winners/netPackage/winnersnet/0050_request.txt not found 	1605075737065
ERROR	request_53: Failed to build request: Resource winners/netPackage/winnersnet/0053_request.txt not found 	1605075737065
ERROR	request_57: Failed to build request: Resource winners/netPackage/winnersnet/0057_request.txt not found 	1605075737066
ERROR	request_60: Failed to build request: Resource winners/netPackage/winnersnet/0060_request.txt not found 	1605075737066
ERROR	request_63: Failed to build request: Resource winners/netPackage/winnersnet/0063_request.txt not found 	1605075737066
ERROR	request_66: Failed to build request: Resource winners/netPackage/winnersnet/0066_request.txt not found 	1605075737066
ERROR	request_47: Failed to build request: Resource winners/netPackage/winnersnet/0047_request.txt not found 	1605075737753
ERROR	request_50: Failed to build request: Resource winners/netPackage/winnersnet/0050_request.txt not found 	1605075737753
ERROR	request_53: Failed to build request: Resource winners/netPackage/winnersnet/0053_request.txt not found 	1605075737753
ERROR	request_57: Failed to build request: Resource winners/netPackage/winnersnet/0057_request.txt not found 	1605075737753
ERROR	request_60: Failed to build request: Resource winners/netPackage/winnersnet/0060_request.txt not found 	1605075737753
ERROR	request_63: Failed to build request: Resource winners/netPackage/winnersnet/0063_request.txt not found 	1605075737753
ERROR	request_66: Failed to build request: Resource winners/netPackage/winnersnet/0066_request.txt not found 	1605075737754
ERROR	request_47: Failed to build request: Resource winners/netPackage/winnersnet/0047_request.txt not found 	1605075737817
ERROR	request_50: Failed to build request: Resource winners/netPackage/winnersnet/0050_request.txt not found 	1605075737817
ERROR	request_53: Failed to build request: Resource winners/netPackage/winnersnet/0053_request.txt not found 	1605075737817
ERROR	request_57: Failed to build request: Resource winners/netPackage/winnersnet/0057_request.txt not found 	1605075737818
ERROR	request_60: Failed to build request: Resource winners/netPackage/winnersnet/0060_request.txt not found 	1605075737818
ERROR	request_63: Failed to build request: Resource winners/netPackage/winnersnet/0063_request.txt not found 	1605075737818
ERROR	request_66: Failed to build request: Resource winners/netPackage/winnersnet/0066_request.txt not found 	1605075737818
ERROR	request_47: Failed to build request: Resource winners/netPackage/winnersnet/0047_request.txt not found 	1605075737826
ERROR	request_50: Failed to build request: Resource winners/netPackage/winnersnet/0050_request.txt not found 	1605075737827
ERROR	request_53: Failed to build request: Resource winners/netPackage/winnersnet/0053_request.txt not found 	1605075737827
ERROR	request_57: Failed to build request: Resource winners/netPackage/winnersnet/0057_request.txt not found 	1605075737827
ERROR	request_60: Failed to build request: Resource winners/netPackage/winnersnet/0060_request.txt not found 	1605075737827
ERROR	request_63: Failed to build request: Resource winners/netPackage/winnersnet/0063_request.txt not found 	1605075737828
ERROR	request_66: Failed to build request: Resource winners/netPackage/winnersnet/0066_request.txt not found 	1605075737829
ERROR	request_47: Failed to build request: Resource winners/netPackage/winnersnet/0047_request.txt not found 	1605075737878
ERROR	request_50: Failed to build request: Resource winners/netPackage/winnersnet/0050_request.txt not found 	1605075737879
ERROR	request_53: Failed to build request: Resource winners/netPackage/winnersnet/0053_request.txt not found 	1605075737879
ERROR	request_57: Failed to build request: Resource winners/netPackage/winnersnet/0057_request.txt not found 	1605075737879
ERROR	request_60: Failed to build request: Resource winners/netPackage/winnersnet/0060_request.txt not found 	1605075737879
ERROR	request_63: Failed to build request: Resource winners/netPackage/winnersnet/0063_request.txt not found 	1605075737879
ERROR	request_66: Failed to build request: Resource winners/netPackage/winnersnet/0066_request.txt not found 	1605075737879
ERROR	request_47: Failed to build request: Resource winners/netPackage/winnersnet/0047_request.txt not found 	1605075737929
ERROR	request_50: Failed to build request: Resource winners/netPackage/winnersnet/0050_request.txt not found 	1605075737930
ERROR	request_53: Failed to build request: Resource winners/netPackage/winnersnet/0053_request.txt not found 	1605075737930
ERROR	request_57: Failed to build request: Resource winners/netPackage/winnersnet/0057_request.txt not found 	1605075737930
ERROR	request_60: Failed to build request: Resource winners/netPackage/winnersnet/0060_request.txt not found 	1605075737930
ERROR	request_63: Failed to build request: Resource winners/netPackage/winnersnet/0063_request.txt not found 	1605075737930
ERROR	request_66: Failed to build request: Resource winners/netPackage/winnersnet/0066_request.txt not found 	1605075737930
ERROR	request_47: Failed to build request: Resource winners/netPackage/winnersnet/0047_request.txt not found 	1605075738107
ERROR	request_50: Failed to build request: Resource winners/netPackage/winnersnet/0050_request.txt not found 	1605075738108
ERROR	request_53: Failed to build request: Resource winners/netPackage/winnersnet/0053_request.txt not found 	1605075738108
ERROR	request_57: Failed to build request: Resource winners/netPackage/winnersnet/0057_request.txt not found 	1605075738108
ERROR	request_60: Failed to build request: Resource winners/netPackage/winnersnet/0060_request.txt not found 	1605075738108
ERROR	request_63: Failed to build request: Resource winners/netPackage/winnersnet/0063_request.txt not found 	1605075738108
ERROR	request_66: Failed to build request: Resource winners/netPackage/winnersnet/0066_request.txt not found 	1605075738109
ERROR	request_47: Failed to build request: Resource winners/netPackage/winnersnet/0047_request.txt not found 	1605075738258
ERROR	request_50: Failed to build request: Resource winners/netPackage/winnersnet/0050_request.txt not found 	1605075738258
ERROR	request_53: Failed to build request: Resource winners/netPackage/winnersnet/0053_request.txt not found 	1605075738259
ERROR	request_57: Failed to build request: Resource winners/netPackage/winnersnet/0057_request.txt not found 	1605075738259
ERROR	request_60: Failed to build request: Resource winners/netPackage/winnersnet/0060_request.txt not found 	1605075738259
ERROR	request_63: Failed to build request: Resource winners/netPackage/winnersnet/0063_request.txt not found 	1605075738259
ERROR	request_66: Failed to build request: Resource winners/netPackage/winnersnet/0066_request.txt not found 	1605075738260
ERROR	request_47: Failed to build request: Resource winners/netPackage/winnersnet/0047_request.txt not found 	1605075739204
ERROR	request_50: Failed to build request: Resource winners/netPackage/winnersnet/0050_request.txt not found 	1605075739204
ERROR	request_53: Failed to build request: Resource winners/netPackage/winnersnet/0053_request.txt not found 	1605075739204
ERROR	request_57: Failed to build request: Resource winners/netPackage/winnersnet/0057_request.txt not found 	1605075739204
ERROR	request_60: Failed to build request: Resource winners/netPackage/winnersnet/0060_request.txt not found 	1605075739205
ERROR	request_63: Failed to build request: Resource winners/netPackage/winnersnet/0063_request.txt not found 	1605075739205
ERROR	request_66: Failed to build request: Resource winners/netPackage/winnersnet/0066_request.txt not found 	1605075739205
ERROR	request_47: Failed to build request: Resource winners/netPackage/winnersnet/0047_request.txt not found 	1605075739584
ERROR	request_50: Failed to build request: Resource winners/netPackage/winnersnet/0050_request.txt not found 	1605075739584
ERROR	request_53: Failed to build request: Resource winners/netPackage/winnersnet/0053_request.txt not found 	1605075739584
ERROR	request_57: Failed to build request: Resource winners/netPackage/winnersnet/0057_request.txt not found 	1605075739584
ERROR	request_60: Failed to build request: Resource winners/netPackage/winnersnet/0060_request.txt not found 	1605075739584
ERROR	request_63: Failed to build request: Resource winners/netPackage/winnersnet/0063_request.txt not found 	1605075739584
ERROR	request_66: Failed to build request: Resource winners/netPackage/winnersnet/0066_request.txt not found 	1605075739584
ERROR	request_47: Failed to build request: Resource winners/netPackage/winnersnet/0047_request.txt not found 	1605075739854
ERROR	request_50: Failed to build request: Resource winners/netPackage/winnersnet/0050_request.txt not found 	1605075739854
ERROR	request_53: Failed to build request: Resource winners/netPackage/winnersnet/0053_request.txt not found 	1605075739854
ERROR	request_57: Failed to build request: Resource winners/netPackage/winnersnet/0057_request.txt not found 	1605075739855
ERROR	request_60: Failed to build request: Resource winners/netPackage/winnersnet/0060_request.txt not found 	1605075739855
ERROR	request_63: Failed to build request: Resource winners/netPackage/winnersnet/0063_request.txt not found 	1605075739855
ERROR	request_66: Failed to build request: Resource winners/netPackage/winnersnet/0066_request.txt not found 	1605075739855
ERROR	request_47: Failed to build request: Resource winners/netPackage/winnersnet/0047_request.txt not found 	1605075739941
ERROR	request_50: Failed to build request: Resource winners/netPackage/winnersnet/0050_request.txt not found 	1605075739941
ERROR	request_53: Failed to build request: Resource winners/netPackage/winnersnet/0053_request.txt not found 	1605075739941
ERROR	request_57: Failed to build request: Resource winners/netPackage/winnersnet/0057_request.txt not found 	1605075739942
ERROR	request_60: Failed to build request: Resource winners/netPackage/winnersnet/0060_request.txt not found 	1605075739942
ERROR	request_63: Failed to build request: Resource winners/netPackage/winnersnet/0063_request.txt not found 	1605075739942
ERROR	request_66: Failed to build request: Resource winners/netPackage/winnersnet/0066_request.txt not found 	1605075739942
ERROR	request_47: Failed to build request: Resource winners/netPackage/winnersnet/0047_request.txt not found 	1605075740163
ERROR	request_50: Failed to build request: Resource winners/netPackage/winnersnet/0050_request.txt not found 	1605075740163
ERROR	request_53: Failed to build request: Resource winners/netPackage/winnersnet/0053_request.txt not found 	1605075740163
ERROR	request_57: Failed to build request: Resource winners/netPackage/winnersnet/0057_request.txt not found 	1605075740163
ERROR	request_60: Failed to build request: Resource winners/netPackage/winnersnet/0060_request.txt not found 	1605075740163
ERROR	request_63: Failed to build request: Resource winners/netPackage/winnersnet/0063_request.txt not found 	1605075740163
ERROR	request_66: Failed to build request: Resource winners/netPackage/winnersnet/0066_request.txt not found 	1605075740164
ERROR	request_47: Failed to build request: Resource winners/netPackage/winnersnet/0047_request.txt not found 	1605075740189
ERROR	request_50: Failed to build request: Resource winners/netPackage/winnersnet/0050_request.txt not found 	1605075740189
ERROR	request_53: Failed to build request: Resource winners/netPackage/winnersnet/0053_request.txt not found 	1605075740190
ERROR	request_57: Failed to build request: Resource winners/netPackage/winnersnet/0057_request.txt not found 	1605075740190
ERROR	request_60: Failed to build request: Resource winners/netPackage/winnersnet/0060_request.txt not found 	1605075740190
ERROR	request_63: Failed to build request: Resource winners/netPackage/winnersnet/0063_request.txt not found 	1605075740190
ERROR	request_66: Failed to build request: Resource winners/netPackage/winnersnet/0066_request.txt not found 	1605075740190
ERROR	request_47: Failed to build request: Resource winners/netPackage/winnersnet/0047_request.txt not found 	1605075740201
ERROR	request_50: Failed to build request: Resource winners/netPackage/winnersnet/0050_request.txt not found 	1605075740201
ERROR	request_53: Failed to build request: Resource winners/netPackage/winnersnet/0053_request.txt not found 	1605075740202
ERROR	request_57: Failed to build request: Resource winners/netPackage/winnersnet/0057_request.txt not found 	1605075740202
ERROR	request_60: Failed to build request: Resource winners/netPackage/winnersnet/0060_request.txt not found 	1605075740202
ERROR	request_63: Failed to build request: Resource winners/netPackage/winnersnet/0063_request.txt not found 	1605075740202
ERROR	request_66: Failed to build request: Resource winners/netPackage/winnersnet/0066_request.txt not found 	1605075740202
ERROR	request_47: Failed to build request: Resource winners/netPackage/winnersnet/0047_request.txt not found 	1605075740236
ERROR	request_50: Failed to build request: Resource winners/netPackage/winnersnet/0050_request.txt not found 	1605075740237
ERROR	request_53: Failed to build request: Resource winners/netPackage/winnersnet/0053_request.txt not found 	1605075740237
ERROR	request_57: Failed to build request: Resource winners/netPackage/winnersnet/0057_request.txt not found 	1605075740237
ERROR	request_60: Failed to build request: Resource winners/netPackage/winnersnet/0060_request.txt not found 	1605075740237
ERROR	request_63: Failed to build request: Resource winners/netPackage/winnersnet/0063_request.txt not found 	1605075740238
ERROR	request_66: Failed to build request: Resource winners/netPackage/winnersnet/0066_request.txt not found 	1605075740238
ERROR	request_47: Failed to build request: Resource winners/netPackage/winnersnet/0047_request.txt not found 	1605075740272
ERROR	request_50: Failed to build request: Resource winners/netPackage/winnersnet/0050_request.txt not found 	1605075740272
ERROR	request_53: Failed to build request: Resource winners/netPackage/winnersnet/0053_request.txt not found 	1605075740272
ERROR	request_57: Failed to build request: Resource winners/netPackage/winnersnet/0057_request.txt not found 	1605075740273
ERROR	request_60: Failed to build request: Resource winners/netPackage/winnersnet/0060_request.txt not found 	1605075740273
ERROR	request_63: Failed to build request: Resource winners/netPackage/winnersnet/0063_request.txt not found 	1605075740273
ERROR	request_66: Failed to build request: Resource winners/netPackage/winnersnet/0066_request.txt not found 	1605075740273
ERROR	request_47: Failed to build request: Resource winners/netPackage/winnersnet/0047_request.txt not found 	1605075740557
ERROR	request_50: Failed to build request: Resource winners/netPackage/winnersnet/0050_request.txt not found 	1605075740557
ERROR	request_53: Failed to build request: Resource winners/netPackage/winnersnet/0053_request.txt not found 	1605075740557
ERROR	request_57: Failed to build request: Resource winners/netPackage/winnersnet/0057_request.txt not found 	1605075740558
ERROR	request_60: Failed to build request: Resource winners/netPackage/winnersnet/0060_request.txt not found 	1605075740558
ERROR	request_63: Failed to build request: Resource winners/netPackage/winnersnet/0063_request.txt not found 	1605075740558
ERROR	request_66: Failed to build request: Resource winners/netPackage/winnersnet/0066_request.txt not found 	1605075740558
ERROR	request_47: Failed to build request: Resource winners/netPackage/winnersnet/0047_request.txt not found 	1605075740765
ERROR	request_50: Failed to build request: Resource winners/netPackage/winnersnet/0050_request.txt not found 	1605075740765
ERROR	request_53: Failed to build request: Resource winners/netPackage/winnersnet/0053_request.txt not found 	1605075740765
ERROR	request_57: Failed to build request: Resource winners/netPackage/winnersnet/0057_request.txt not found 	1605075740766
ERROR	request_60: Failed to build request: Resource winners/netPackage/winnersnet/0060_request.txt not found 	1605075740766
ERROR	request_63: Failed to build request: Resource winners/netPackage/winnersnet/0063_request.txt not found 	1605075740766
ERROR	request_66: Failed to build request: Resource winners/netPackage/winnersnet/0066_request.txt not found 	1605075740766
ERROR	request_47: Failed to build request: Resource winners/netPackage/winnersnet/0047_request.txt not found 	1605075741150
ERROR	request_50: Failed to build request: Resource winners/netPackage/winnersnet/0050_request.txt not found 	1605075741151
ERROR	request_53: Failed to build request: Resource winners/netPackage/winnersnet/0053_request.txt not found 	1605075741151
ERROR	request_57: Failed to build request: Resource winners/netPackage/winnersnet/0057_request.txt not found 	1605075741152
ERROR	request_60: Failed to build request: Resource winners/netPackage/winnersnet/0060_request.txt not found 	1605075741152
ERROR	request_63: Failed to build request: Resource winners/netPackage/winnersnet/0063_request.txt not found 	1605075741153
ERROR	request_66: Failed to build request: Resource winners/netPackage/winnersnet/0066_request.txt not found 	1605075741153
ERROR	request_47: Failed to build request: Resource winners/netPackage/winnersnet/0047_request.txt not found 	1605075741323
ERROR	request_50: Failed to build request: Resource winners/netPackage/winnersnet/0050_request.txt not found 	1605075741323
ERROR	request_53: Failed to build request: Resource winners/netPackage/winnersnet/0053_request.txt not found 	1605075741323
ERROR	request_57: Failed to build request: Resource winners/netPackage/winnersnet/0057_request.txt not found 	1605075741324
ERROR	request_60: Failed to build request: Resource winners/netPackage/winnersnet/0060_request.txt not found 	1605075741324
ERROR	request_63: Failed to build request: Resource winners/netPackage/winnersnet/0063_request.txt not found 	1605075741324
ERROR	request_66: Failed to build request: Resource winners/netPackage/winnersnet/0066_request.txt not found 	1605075741324
ERROR	request_47: Failed to build request: Resource winners/netPackage/winnersnet/0047_request.txt not found 	1605075741405
ERROR	request_50: Failed to build request: Resource winners/netPackage/winnersnet/0050_request.txt not found 	1605075741405
ERROR	request_53: Failed to build request: Resource winners/netPackage/winnersnet/0053_request.txt not found 	1605075741405
ERROR	request_57: Failed to build request: Resource winners/netPackage/winnersnet/0057_request.txt not found 	1605075741406
ERROR	request_60: Failed to build request: Resource winners/netPackage/winnersnet/0060_request.txt not found 	1605075741406
ERROR	request_63: Failed to build request: Resource winners/netPackage/winnersnet/0063_request.txt not found 	1605075741406
ERROR	request_66: Failed to build request: Resource winners/netPackage/winnersnet/0066_request.txt not found 	1605075741406
ERROR	request_47: Failed to build request: Resource winners/netPackage/winnersnet/0047_request.txt not found 	1605075741567
ERROR	request_50: Failed to build request: Resource winners/netPackage/winnersnet/0050_request.txt not found 	1605075741568
ERROR	request_53: Failed to build request: Resource winners/netPackage/winnersnet/0053_request.txt not found 	1605075741568
ERROR	request_57: Failed to build request: Resource winners/netPackage/winnersnet/0057_request.txt not found 	1605075741568
ERROR	request_60: Failed to build request: Resource winners/netPackage/winnersnet/0060_request.txt not found 	1605075741568
ERROR	request_63: Failed to build request: Resource winners/netPackage/winnersnet/0063_request.txt not found 	1605075741569
ERROR	request_66: Failed to build request: Resource winners/netPackage/winnersnet/0066_request.txt not found 	1605075741569
ERROR	request_47: Failed to build request: Resource winners/netPackage/winnersnet/0047_request.txt not found 	1605075741585
ERROR	request_50: Failed to build request: Resource winners/netPackage/winnersnet/0050_request.txt not found 	1605075741586
ERROR	request_53: Failed to build request: Resource winners/netPackage/winnersnet/0053_request.txt not found 	1605075741586
ERROR	request_57: Failed to build request: Resource winners/netPackage/winnersnet/0057_request.txt not found 	1605075741586
ERROR	request_60: Failed to build request: Resource winners/netPackage/winnersnet/0060_request.txt not found 	1605075741586
ERROR	request_63: Failed to build request: Resource winners/netPackage/winnersnet/0063_request.txt not found 	1605075741587
ERROR	request_66: Failed to build request: Resource winners/netPackage/winnersnet/0066_request.txt not found 	1605075741587
ERROR	request_47: Failed to build request: Resource winners/netPackage/winnersnet/0047_request.txt not found 	1605075741595
ERROR	request_50: Failed to build request: Resource winners/netPackage/winnersnet/0050_request.txt not found 	1605075741595
ERROR	request_53: Failed to build request: Resource winners/netPackage/winnersnet/0053_request.txt not found 	1605075741596
ERROR	request_57: Failed to build request: Resource winners/netPackage/winnersnet/0057_request.txt not found 	1605075741596
ERROR	request_60: Failed to build request: Resource winners/netPackage/winnersnet/0060_request.txt not found 	1605075741596
ERROR	request_63: Failed to build request: Resource winners/netPackage/winnersnet/0063_request.txt not found 	1605075741596
ERROR	request_66: Failed to build request: Resource winners/netPackage/winnersnet/0066_request.txt not found 	1605075741597
ERROR	request_47: Failed to build request: Resource winners/netPackage/winnersnet/0047_request.txt not found 	1605075741792
ERROR	request_50: Failed to build request: Resource winners/netPackage/winnersnet/0050_request.txt not found 	1605075741792
ERROR	request_53: Failed to build request: Resource winners/netPackage/winnersnet/0053_request.txt not found 	1605075741792
ERROR	request_57: Failed to build request: Resource winners/netPackage/winnersnet/0057_request.txt not found 	1605075741799
ERROR	request_60: Failed to build request: Resource winners/netPackage/winnersnet/0060_request.txt not found 	1605075741800
ERROR	request_63: Failed to build request: Resource winners/netPackage/winnersnet/0063_request.txt not found 	1605075741802
ERROR	request_66: Failed to build request: Resource winners/netPackage/winnersnet/0066_request.txt not found 	1605075741802
ERROR	request_47: Failed to build request: Resource winners/netPackage/winnersnet/0047_request.txt not found 	1605075742081
ERROR	request_50: Failed to build request: Resource winners/netPackage/winnersnet/0050_request.txt not found 	1605075742081
ERROR	request_53: Failed to build request: Resource winners/netPackage/winnersnet/0053_request.txt not found 	1605075742081
ERROR	request_57: Failed to build request: Resource winners/netPackage/winnersnet/0057_request.txt not found 	1605075742081
ERROR	request_60: Failed to build request: Resource winners/netPackage/winnersnet/0060_request.txt not found 	1605075742082
ERROR	request_63: Failed to build request: Resource winners/netPackage/winnersnet/0063_request.txt not found 	1605075742082
ERROR	request_66: Failed to build request: Resource winners/netPackage/winnersnet/0066_request.txt not found 	1605075742082
ERROR	request_47: Failed to build request: Resource winners/netPackage/winnersnet/0047_request.txt not found 	1605075742094
ERROR	request_50: Failed to build request: Resource winners/netPackage/winnersnet/0050_request.txt not found 	1605075742094
ERROR	request_53: Failed to build request: Resource winners/netPackage/winnersnet/0053_request.txt not found 	1605075742095
ERROR	request_57: Failed to build request: Resource winners/netPackage/winnersnet/0057_request.txt not found 	1605075742095
ERROR	request_60: Failed to build request: Resource winners/netPackage/winnersnet/0060_request.txt not found 	1605075742095
ERROR	request_63: Failed to build request: Resource winners/netPackage/winnersnet/0063_request.txt not found 	1605075742095
ERROR	request_66: Failed to build request: Resource winners/netPackage/winnersnet/0066_request.txt not found 	1605075742095
ERROR	request_47: Failed to build request: Resource winners/netPackage/winnersnet/0047_request.txt not found 	1605075742209
ERROR	request_50: Failed to build request: Resource winners/netPackage/winnersnet/0050_request.txt not found 	1605075742210
ERROR	request_53: Failed to build request: Resource winners/netPackage/winnersnet/0053_request.txt not found 	1605075742210
ERROR	request_57: Failed to build request: Resource winners/netPackage/winnersnet/0057_request.txt not found 	1605075742210
ERROR	request_60: Failed to build request: Resource winners/netPackage/winnersnet/0060_request.txt not found 	1605075742210
ERROR	request_63: Failed to build request: Resource winners/netPackage/winnersnet/0063_request.txt not found 	1605075742211
ERROR	request_66: Failed to build request: Resource winners/netPackage/winnersnet/0066_request.txt not found 	1605075742211
ERROR	request_47: Failed to build request: Resource winners/netPackage/winnersnet/0047_request.txt not found 	1605075742236
ERROR	request_50: Failed to build request: Resource winners/netPackage/winnersnet/0050_request.txt not found 	1605075742237
ERROR	request_53: Failed to build request: Resource winners/netPackage/winnersnet/0053_request.txt not found 	1605075742238
ERROR	request_57: Failed to build request: Resource winners/netPackage/winnersnet/0057_request.txt not found 	1605075742238
ERROR	request_60: Failed to build request: Resource winners/netPackage/winnersnet/0060_request.txt not found 	1605075742238
ERROR	request_63: Failed to build request: Resource winners/netPackage/winnersnet/0063_request.txt not found 	1605075742238
ERROR	request_66: Failed to build request: Resource winners/netPackage/winnersnet/0066_request.txt not found 	1605075742238
ERROR	request_47: Failed to build request: Resource winners/netPackage/winnersnet/0047_request.txt not found 	1605075742281
ERROR	request_50: Failed to build request: Resource winners/netPackage/winnersnet/0050_request.txt not found 	1605075742281
ERROR	request_53: Failed to build request: Resource winners/netPackage/winnersnet/0053_request.txt not found 	1605075742281
ERROR	request_57: Failed to build request: Resource winners/netPackage/winnersnet/0057_request.txt not found 	1605075742282
ERROR	request_60: Failed to build request: Resource winners/netPackage/winnersnet/0060_request.txt not found 	1605075742282
ERROR	request_63: Failed to build request: Resource winners/netPackage/winnersnet/0063_request.txt not found 	1605075742282
ERROR	request_66: Failed to build request: Resource winners/netPackage/winnersnet/0066_request.txt not found 	1605075742282
ERROR	request_47: Failed to build request: Resource winners/netPackage/winnersnet/0047_request.txt not found 	1605075743032
ERROR	request_50: Failed to build request: Resource winners/netPackage/winnersnet/0050_request.txt not found 	1605075743032
ERROR	request_53: Failed to build request: Resource winners/netPackage/winnersnet/0053_request.txt not found 	1605075743032
ERROR	request_57: Failed to build request: Resource winners/netPackage/winnersnet/0057_request.txt not found 	1605075743032
ERROR	request_60: Failed to build request: Resource winners/netPackage/winnersnet/0060_request.txt not found 	1605075743033
ERROR	request_63: Failed to build request: Resource winners/netPackage/winnersnet/0063_request.txt not found 	1605075743033
ERROR	request_66: Failed to build request: Resource winners/netPackage/winnersnet/0066_request.txt not found 	1605075743033
ERROR	request_47: Failed to build request: Resource winners/netPackage/winnersnet/0047_request.txt not found 	1605075743469
ERROR	request_50: Failed to build request: Resource winners/netPackage/winnersnet/0050_request.txt not found 	1605075743470
ERROR	request_53: Failed to build request: Resource winners/netPackage/winnersnet/0053_request.txt not found 	1605075743471
ERROR	request_57: Failed to build request: Resource winners/netPackage/winnersnet/0057_request.txt not found 	1605075743471
ERROR	request_60: Failed to build request: Resource winners/netPackage/winnersnet/0060_request.txt not found 	1605075743472
ERROR	request_63: Failed to build request: Resource winners/netPackage/winnersnet/0063_request.txt not found 	1605075743472
ERROR	request_66: Failed to build request: Resource winners/netPackage/winnersnet/0066_request.txt not found 	1605075743472
ERROR	request_47: Failed to build request: Resource winners/netPackage/winnersnet/0047_request.txt not found 	1605075743692
ERROR	request_50: Failed to build request: Resource winners/netPackage/winnersnet/0050_request.txt not found 	1605075743692
ERROR	request_53: Failed to build request: Resource winners/netPackage/winnersnet/0053_request.txt not found 	1605075743692
ERROR	request_57: Failed to build request: Resource winners/netPackage/winnersnet/0057_request.txt not found 	1605075743693
ERROR	request_60: Failed to build request: Resource winners/netPackage/winnersnet/0060_request.txt not found 	1605075743693
ERROR	request_63: Failed to build request: Resource winners/netPackage/winnersnet/0063_request.txt not found 	1605075743693
ERROR	request_66: Failed to build request: Resource winners/netPackage/winnersnet/0066_request.txt not found 	1605075743693
ERROR	request_47: Failed to build request: Resource winners/netPackage/winnersnet/0047_request.txt not found 	1605075744719
ERROR	request_50: Failed to build request: Resource winners/netPackage/winnersnet/0050_request.txt not found 	1605075744719
ERROR	request_53: Failed to build request: Resource winners/netPackage/winnersnet/0053_request.txt not found 	1605075744719
ERROR	request_57: Failed to build request: Resource winners/netPackage/winnersnet/0057_request.txt not found 	1605075744719
ERROR	request_60: Failed to build request: Resource winners/netPackage/winnersnet/0060_request.txt not found 	1605075744719
ERROR	request_63: Failed to build request: Resource winners/netPackage/winnersnet/0063_request.txt not found 	1605075744720
ERROR	request_66: Failed to build request: Resource winners/netPackage/winnersnet/0066_request.txt not found 	1605075744720
ERROR	request_47: Failed to build request: Resource winners/netPackage/winnersnet/0047_request.txt not found 	1605075744812
ERROR	request_50: Failed to build request: Resource winners/netPackage/winnersnet/0050_request.txt not found 	1605075744812
ERROR	request_53: Failed to build request: Resource winners/netPackage/winnersnet/0053_request.txt not found 	1605075744813
ERROR	request_57: Failed to build request: Resource winners/netPackage/winnersnet/0057_request.txt not found 	1605075744813
ERROR	request_60: Failed to build request: Resource winners/netPackage/winnersnet/0060_request.txt not found 	1605075744813
ERROR	request_63: Failed to build request: Resource winners/netPackage/winnersnet/0063_request.txt not found 	1605075744813
ERROR	request_66: Failed to build request: Resource winners/netPackage/winnersnet/0066_request.txt not found 	1605075744813
ERROR	request_47: Failed to build request: Resource winners/netPackage/winnersnet/0047_request.txt not found 	1605075744840
ERROR	request_50: Failed to build request: Resource winners/netPackage/winnersnet/0050_request.txt not found 	1605075744840
ERROR	request_53: Failed to build request: Resource winners/netPackage/winnersnet/0053_request.txt not found 	1605075744840
ERROR	request_57: Failed to build request: Resource winners/netPackage/winnersnet/0057_request.txt not found 	1605075744840
ERROR	request_60: Failed to build request: Resource winners/netPackage/winnersnet/0060_request.txt not found 	1605075744841
ERROR	request_63: Failed to build request: Resource winners/netPackage/winnersnet/0063_request.txt not found 	1605075744841
ERROR	request_66: Failed to build request: Resource winners/netPackage/winnersnet/0066_request.txt not found 	1605075744841
ERROR	request_47: Failed to build request: Resource winners/netPackage/winnersnet/0047_request.txt not found 	1605075745541
ERROR	request_50: Failed to build request: Resource winners/netPackage/winnersnet/0050_request.txt not found 	1605075745541
ERROR	request_53: Failed to build request: Resource winners/netPackage/winnersnet/0053_request.txt not found 	1605075745542
ERROR	request_57: Failed to build request: Resource winners/netPackage/winnersnet/0057_request.txt not found 	1605075745542
ERROR	request_60: Failed to build request: Resource winners/netPackage/winnersnet/0060_request.txt not found 	1605075745542
ERROR	request_63: Failed to build request: Resource winners/netPackage/winnersnet/0063_request.txt not found 	1605075745542
ERROR	request_66: Failed to build request: Resource winners/netPackage/winnersnet/0066_request.txt not found 	1605075745543
ERROR	request_47: Failed to build request: Resource winners/netPackage/winnersnet/0047_request.txt not found 	1605075745707
ERROR	request_50: Failed to build request: Resource winners/netPackage/winnersnet/0050_request.txt not found 	1605075745707
ERROR	request_53: Failed to build request: Resource winners/netPackage/winnersnet/0053_request.txt not found 	1605075745707
ERROR	request_57: Failed to build request: Resource winners/netPackage/winnersnet/0057_request.txt not found 	1605075745707
ERROR	request_60: Failed to build request: Resource winners/netPackage/winnersnet/0060_request.txt not found 	1605075745707
ERROR	request_63: Failed to build request: Resource winners/netPackage/winnersnet/0063_request.txt not found 	1605075745708
ERROR	request_66: Failed to build request: Resource winners/netPackage/winnersnet/0066_request.txt not found 	1605075745708
ERROR	request_47: Failed to build request: Resource winners/netPackage/winnersnet/0047_request.txt not found 	1605075745906
ERROR	request_50: Failed to build request: Resource winners/netPackage/winnersnet/0050_request.txt not found 	1605075745907
ERROR	request_53: Failed to build request: Resource winners/netPackage/winnersnet/0053_request.txt not found 	1605075745907
ERROR	request_57: Failed to build request: Resource winners/netPackage/winnersnet/0057_request.txt not found 	1605075745907
ERROR	request_60: Failed to build request: Resource winners/netPackage/winnersnet/0060_request.txt not found 	1605075745907
ERROR	request_63: Failed to build request: Resource winners/netPackage/winnersnet/0063_request.txt not found 	1605075745907
ERROR	request_66: Failed to build request: Resource winners/netPackage/winnersnet/0066_request.txt not found 	1605075745907
ERROR	request_47: Failed to build request: Resource winners/netPackage/winnersnet/0047_request.txt not found 	1605075746179
ERROR	request_50: Failed to build request: Resource winners/netPackage/winnersnet/0050_request.txt not found 	1605075746179
ERROR	request_53: Failed to build request: Resource winners/netPackage/winnersnet/0053_request.txt not found 	1605075746179
ERROR	request_57: Failed to build request: Resource winners/netPackage/winnersnet/0057_request.txt not found 	1605075746180
ERROR	request_60: Failed to build request: Resource winners/netPackage/winnersnet/0060_request.txt not found 	1605075746180
ERROR	request_63: Failed to build request: Resource winners/netPackage/winnersnet/0063_request.txt not found 	1605075746180
ERROR	request_66: Failed to build request: Resource winners/netPackage/winnersnet/0066_request.txt not found 	1605075746180
ERROR	request_47: Failed to build request: Resource winners/netPackage/winnersnet/0047_request.txt not found 	1605075746280
ERROR	request_50: Failed to build request: Resource winners/netPackage/winnersnet/0050_request.txt not found 	1605075746280
ERROR	request_53: Failed to build request: Resource winners/netPackage/winnersnet/0053_request.txt not found 	1605075746280
ERROR	request_57: Failed to build request: Resource winners/netPackage/winnersnet/0057_request.txt not found 	1605075746281
ERROR	request_60: Failed to build request: Resource winners/netPackage/winnersnet/0060_request.txt not found 	1605075746281
ERROR	request_63: Failed to build request: Resource winners/netPackage/winnersnet/0063_request.txt not found 	1605075746281
ERROR	request_66: Failed to build request: Resource winners/netPackage/winnersnet/0066_request.txt not found 	1605075746281
ERROR	request_47: Failed to build request: Resource winners/netPackage/winnersnet/0047_request.txt not found 	1605075746343
ERROR	request_50: Failed to build request: Resource winners/netPackage/winnersnet/0050_request.txt not found 	1605075746344
ERROR	request_53: Failed to build request: Resource winners/netPackage/winnersnet/0053_request.txt not found 	1605075746344
ERROR	request_57: Failed to build request: Resource winners/netPackage/winnersnet/0057_request.txt not found 	1605075746344
ERROR	request_60: Failed to build request: Resource winners/netPackage/winnersnet/0060_request.txt not found 	1605075746344
ERROR	request_63: Failed to build request: Resource winners/netPackage/winnersnet/0063_request.txt not found 	1605075746345
ERROR	request_66: Failed to build request: Resource winners/netPackage/winnersnet/0066_request.txt not found 	1605075746345
ERROR	request_47: Failed to build request: Resource winners/netPackage/winnersnet/0047_request.txt not found 	1605075746354
ERROR	request_50: Failed to build request: Resource winners/netPackage/winnersnet/0050_request.txt not found 	1605075746354
ERROR	request_53: Failed to build request: Resource winners/netPackage/winnersnet/0053_request.txt not found 	1605075746354
ERROR	request_57: Failed to build request: Resource winners/netPackage/winnersnet/0057_request.txt not found 	1605075746354
ERROR	request_60: Failed to build request: Resource winners/netPackage/winnersnet/0060_request.txt not found 	1605075746354
ERROR	request_63: Failed to build request: Resource winners/netPackage/winnersnet/0063_request.txt not found 	1605075746355
ERROR	request_66: Failed to build request: Resource winners/netPackage/winnersnet/0066_request.txt not found 	1605075746355
ERROR	request_47: Failed to build request: Resource winners/netPackage/winnersnet/0047_request.txt not found 	1605075746480
ERROR	request_50: Failed to build request: Resource winners/netPackage/winnersnet/0050_request.txt not found 	1605075746487
ERROR	request_53: Failed to build request: Resource winners/netPackage/winnersnet/0053_request.txt not found 	1605075746487
ERROR	request_57: Failed to build request: Resource winners/netPackage/winnersnet/0057_request.txt not found 	1605075746487
ERROR	request_60: Failed to build request: Resource winners/netPackage/winnersnet/0060_request.txt not found 	1605075746488
ERROR	request_63: Failed to build request: Resource winners/netPackage/winnersnet/0063_request.txt not found 	1605075746488
ERROR	request_66: Failed to build request: Resource winners/netPackage/winnersnet/0066_request.txt not found 	1605075746488
ERROR	request_47: Failed to build request: Resource winners/netPackage/winnersnet/0047_request.txt not found 	1605075747198
ERROR	request_50: Failed to build request: Resource winners/netPackage/winnersnet/0050_request.txt not found 	1605075747198
ERROR	request_53: Failed to build request: Resource winners/netPackage/winnersnet/0053_request.txt not found 	1605075747199
ERROR	request_57: Failed to build request: Resource winners/netPackage/winnersnet/0057_request.txt not found 	1605075747199
ERROR	request_60: Failed to build request: Resource winners/netPackage/winnersnet/0060_request.txt not found 	1605075747199
ERROR	request_63: Failed to build request: Resource winners/netPackage/winnersnet/0063_request.txt not found 	1605075747199
ERROR	request_66: Failed to build request: Resource winners/netPackage/winnersnet/0066_request.txt not found 	1605075747200
ERROR	request_47: Failed to build request: Resource winners/netPackage/winnersnet/0047_request.txt not found 	1605075747202
ERROR	request_50: Failed to build request: Resource winners/netPackage/winnersnet/0050_request.txt not found 	1605075747202
ERROR	request_53: Failed to build request: Resource winners/netPackage/winnersnet/0053_request.txt not found 	1605075747202
ERROR	request_57: Failed to build request: Resource winners/netPackage/winnersnet/0057_request.txt not found 	1605075747202
ERROR	request_60: Failed to build request: Resource winners/netPackage/winnersnet/0060_request.txt not found 	1605075747202
ERROR	request_63: Failed to build request: Resource winners/netPackage/winnersnet/0063_request.txt not found 	1605075747202
ERROR	request_66: Failed to build request: Resource winners/netPackage/winnersnet/0066_request.txt not found 	1605075747203
ERROR	request_47: Failed to build request: Resource winners/netPackage/winnersnet/0047_request.txt not found 	1605075747433
ERROR	request_50: Failed to build request: Resource winners/netPackage/winnersnet/0050_request.txt not found 	1605075747433
ERROR	request_53: Failed to build request: Resource winners/netPackage/winnersnet/0053_request.txt not found 	1605075747434
ERROR	request_57: Failed to build request: Resource winners/netPackage/winnersnet/0057_request.txt not found 	1605075747434
ERROR	request_60: Failed to build request: Resource winners/netPackage/winnersnet/0060_request.txt not found 	1605075747435
ERROR	request_63: Failed to build request: Resource winners/netPackage/winnersnet/0063_request.txt not found 	1605075747442
ERROR	request_66: Failed to build request: Resource winners/netPackage/winnersnet/0066_request.txt not found 	1605075747443
ERROR	request_47: Failed to build request: Resource winners/netPackage/winnersnet/0047_request.txt not found 	1605075747645
ERROR	request_50: Failed to build request: Resource winners/netPackage/winnersnet/0050_request.txt not found 	1605075747645
ERROR	request_53: Failed to build request: Resource winners/netPackage/winnersnet/0053_request.txt not found 	1605075747646
ERROR	request_57: Failed to build request: Resource winners/netPackage/winnersnet/0057_request.txt not found 	1605075747646
ERROR	request_60: Failed to build request: Resource winners/netPackage/winnersnet/0060_request.txt not found 	1605075747646
ERROR	request_63: Failed to build request: Resource winners/netPackage/winnersnet/0063_request.txt not found 	1605075747647
ERROR	request_66: Failed to build request: Resource winners/netPackage/winnersnet/0066_request.txt not found 	1605075747647
ERROR	request_47: Failed to build request: Resource winners/netPackage/winnersnet/0047_request.txt not found 	1605075747861
ERROR	request_50: Failed to build request: Resource winners/netPackage/winnersnet/0050_request.txt not found 	1605075747861
ERROR	request_53: Failed to build request: Resource winners/netPackage/winnersnet/0053_request.txt not found 	1605075747861
ERROR	request_57: Failed to build request: Resource winners/netPackage/winnersnet/0057_request.txt not found 	1605075747862
ERROR	request_60: Failed to build request: Resource winners/netPackage/winnersnet/0060_request.txt not found 	1605075747862
ERROR	request_63: Failed to build request: Resource winners/netPackage/winnersnet/0063_request.txt not found 	1605075747862
ERROR	request_66: Failed to build request: Resource winners/netPackage/winnersnet/0066_request.txt not found 	1605075747862
ERROR	request_47: Failed to build request: Resource winners/netPackage/winnersnet/0047_request.txt not found 	1605075748253
ERROR	request_50: Failed to build request: Resource winners/netPackage/winnersnet/0050_request.txt not found 	1605075748253
ERROR	request_53: Failed to build request: Resource winners/netPackage/winnersnet/0053_request.txt not found 	1605075748253
ERROR	request_57: Failed to build request: Resource winners/netPackage/winnersnet/0057_request.txt not found 	1605075748253
ERROR	request_60: Failed to build request: Resource winners/netPackage/winnersnet/0060_request.txt not found 	1605075748254
ERROR	request_63: Failed to build request: Resource winners/netPackage/winnersnet/0063_request.txt not found 	1605075748254
ERROR	request_66: Failed to build request: Resource winners/netPackage/winnersnet/0066_request.txt not found 	1605075748254
ERROR	request_47: Failed to build request: Resource winners/netPackage/winnersnet/0047_request.txt not found 	1605075748257
ERROR	request_50: Failed to build request: Resource winners/netPackage/winnersnet/0050_request.txt not found 	1605075748258
ERROR	request_53: Failed to build request: Resource winners/netPackage/winnersnet/0053_request.txt not found 	1605075748258
ERROR	request_57: Failed to build request: Resource winners/netPackage/winnersnet/0057_request.txt not found 	1605075748258
ERROR	request_60: Failed to build request: Resource winners/netPackage/winnersnet/0060_request.txt not found 	1605075748258
ERROR	request_63: Failed to build request: Resource winners/netPackage/winnersnet/0063_request.txt not found 	1605075748258
ERROR	request_66: Failed to build request: Resource winners/netPackage/winnersnet/0066_request.txt not found 	1605075748258
ERROR	request_47: Failed to build request: Resource winners/netPackage/winnersnet/0047_request.txt not found 	1605075748780
ERROR	request_50: Failed to build request: Resource winners/netPackage/winnersnet/0050_request.txt not found 	1605075748780
ERROR	request_53: Failed to build request: Resource winners/netPackage/winnersnet/0053_request.txt not found 	1605075748780
ERROR	request_57: Failed to build request: Resource winners/netPackage/winnersnet/0057_request.txt not found 	1605075748781
ERROR	request_60: Failed to build request: Resource winners/netPackage/winnersnet/0060_request.txt not found 	1605075748781
ERROR	request_63: Failed to build request: Resource winners/netPackage/winnersnet/0063_request.txt not found 	1605075748781
ERROR	request_66: Failed to build request: Resource winners/netPackage/winnersnet/0066_request.txt not found 	1605075748781
ERROR	request_47: Failed to build request: Resource winners/netPackage/winnersnet/0047_request.txt not found 	1605075749308
ERROR	request_50: Failed to build request: Resource winners/netPackage/winnersnet/0050_request.txt not found 	1605075749308
ERROR	request_53: Failed to build request: Resource winners/netPackage/winnersnet/0053_request.txt not found 	1605075749308
ERROR	request_57: Failed to build request: Resource winners/netPackage/winnersnet/0057_request.txt not found 	1605075749308
ERROR	request_60: Failed to build request: Resource winners/netPackage/winnersnet/0060_request.txt not found 	1605075749308
ERROR	request_63: Failed to build request: Resource winners/netPackage/winnersnet/0063_request.txt not found 	1605075749308
ERROR	request_66: Failed to build request: Resource winners/netPackage/winnersnet/0066_request.txt not found 	1605075749308
ERROR	request_47: Failed to build request: Resource winners/netPackage/winnersnet/0047_request.txt not found 	1605075749309
ERROR	request_50: Failed to build request: Resource winners/netPackage/winnersnet/0050_request.txt not found 	1605075749309
ERROR	request_53: Failed to build request: Resource winners/netPackage/winnersnet/0053_request.txt not found 	1605075749309
ERROR	request_57: Failed to build request: Resource winners/netPackage/winnersnet/0057_request.txt not found 	1605075749309
ERROR	request_60: Failed to build request: Resource winners/netPackage/winnersnet/0060_request.txt not found 	1605075749309
ERROR	request_63: Failed to build request: Resource winners/netPackage/winnersnet/0063_request.txt not found 	1605075749310
ERROR	request_66: Failed to build request: Resource winners/netPackage/winnersnet/0066_request.txt not found 	1605075749310
ERROR	request_47: Failed to build request: Resource winners/netPackage/winnersnet/0047_request.txt not found 	1605075749952
ERROR	request_50: Failed to build request: Resource winners/netPackage/winnersnet/0050_request.txt not found 	1605075749952
ERROR	request_53: Failed to build request: Resource winners/netPackage/winnersnet/0053_request.txt not found 	1605075749953
ERROR	request_57: Failed to build request: Resource winners/netPackage/winnersnet/0057_request.txt not found 	1605075749953
ERROR	request_60: Failed to build request: Resource winners/netPackage/winnersnet/0060_request.txt not found 	1605075749953
ERROR	request_63: Failed to build request: Resource winners/netPackage/winnersnet/0063_request.txt not found 	1605075749953
ERROR	request_66: Failed to build request: Resource winners/netPackage/winnersnet/0066_request.txt not found 	1605075749953
REQUEST		FullReviewPage	1605075765312	1605075766418	KO	status.find.is(200), but actually found 500
REQUEST		FullReviewPage	1605075764520	1605075767857	OK	 
ERROR	request_75: Failed to build request: Resource winners/netPackage/winnersnet/0075_request.txt not found 	1605075767860
REQUEST		FullReviewPage	1605075758942	1605075768437	KO	status.find.is(200), but actually found 500
REQUEST		FullReviewPage	1605075765332	1605075768514	OK	 
ERROR	request_75: Failed to build request: Resource winners/netPackage/winnersnet/0075_request.txt not found 	1605075768515
REQUEST		FullReviewPage	1605075758739	1605075768855	OK	 
ERROR	request_75: Failed to build request: Resource winners/netPackage/winnersnet/0075_request.txt not found 	1605075768856
REQUEST		FullReviewPage	1605075759566	1605075768860	KO	status.find.is(200), but actually found 500
REQUEST		FullReviewPage	1605075760780	1605075769247	KO	status.find.is(200), but actually found 500
REQUEST		FullReviewPage	1605075757613	1605075769909	OK	 
ERROR	request_75: Failed to build request: Resource winners/netPackage/winnersnet/0075_request.txt not found 	1605075769910
REQUEST		FullReviewPage	1605075765288	1605075770011	KO	status.find.is(200), but actually found 500
REQUEST		FullReviewPage	1605075758832	1605075770611	OK	 
ERROR	request_75: Failed to build request: Resource winners/netPackage/winnersnet/0075_request.txt not found 	1605075770612
REQUEST		FullReviewPage	1605075763015	1605075771336	OK	 
ERROR	request_75: Failed to build request: Resource winners/netPackage/winnersnet/0075_request.txt not found 	1605075771336
REQUEST		FullReviewPage	1605075768220	1605075772222	OK	 
ERROR	request_75: Failed to build request: Resource winners/netPackage/winnersnet/0075_request.txt not found 	1605075772223
REQUEST		FullReviewPage	1605075768042	1605075773397	OK	 
ERROR	request_75: Failed to build request: Resource winners/netPackage/winnersnet/0075_request.txt not found 	1605075773398
REQUEST		FullReviewPage	1605075773843	1605075775733	OK	 
ERROR	request_75: Failed to build request: Resource winners/netPackage/winnersnet/0075_request.txt not found 	1605075775734
REQUEST		FullReviewPage	1605075774030	1605075775807	OK	 
ERROR	request_75: Failed to build request: Resource winners/netPackage/winnersnet/0075_request.txt not found 	1605075775808
REQUEST		FullReviewPage	1605075773830	1605075775879	OK	 
ERROR	request_75: Failed to build request: Resource winners/netPackage/winnersnet/0075_request.txt not found 	1605075775879
REQUEST		FullReviewPage	1605075774046	1605075776330	OK	 
ERROR	request_75: Failed to build request: Resource winners/netPackage/winnersnet/0075_request.txt not found 	1605075776331
REQUEST		FullReviewPage	1605075775121	1605075776355	OK	 
ERROR	request_75: Failed to build request: Resource winners/netPackage/winnersnet/0075_request.txt not found 	1605075776356
REQUEST		FullReviewPage	1605075776208	1605075777301	OK	 
ERROR	request_75: Failed to build request: Resource winners/netPackage/winnersnet/0075_request.txt not found 	1605075777301
REQUEST		FullReviewPage	1605075775382	1605075777748	OK	 
ERROR	request_75: Failed to build request: Resource winners/netPackage/winnersnet/0075_request.txt not found 	1605075777748
REQUEST		FullReviewPage	1605075775581	1605075777983	OK	 
ERROR	request_75: Failed to build request: Resource winners/netPackage/winnersnet/0075_request.txt not found 	1605075777983
REQUEST		FullReviewPage	1605075775622	1605075778665	OK	 
ERROR	request_75: Failed to build request: Resource winners/netPackage/winnersnet/0075_request.txt not found 	1605075778666
REQUEST		FullReviewPage	1605075775624	1605075778895	OK	 
ERROR	request_75: Failed to build request: Resource winners/netPackage/winnersnet/0075_request.txt not found 	1605075778896
REQUEST		FullReviewPage	1605075775888	1605075779181	OK	 
ERROR	request_75: Failed to build request: Resource winners/netPackage/winnersnet/0075_request.txt not found 	1605075779182
REQUEST		FullReviewPage	1605075776680	1605075779377	OK	 
ERROR	request_75: Failed to build request: Resource winners/netPackage/winnersnet/0075_request.txt not found 	1605075779377
REQUEST		FullReviewPage	1605075776393	1605075779594	OK	 
ERROR	request_75: Failed to build request: Resource winners/netPackage/winnersnet/0075_request.txt not found 	1605075779595
REQUEST		FullReviewPage	1605075776196	1605075780049	OK	 
ERROR	request_75: Failed to build request: Resource winners/netPackage/winnersnet/0075_request.txt not found 	1605075780049
REQUEST		FullReviewPage	1605075777684	1605075780372	OK	 
ERROR	request_75: Failed to build request: Resource winners/netPackage/winnersnet/0075_request.txt not found 	1605075780373
REQUEST		FullReviewPage	1605075777524	1605075780731	OK	 
ERROR	request_75: Failed to build request: Resource winners/netPackage/winnersnet/0075_request.txt not found 	1605075780732
REQUEST		FullReviewPage	1605075776431	1605075781041	OK	 
ERROR	request_75: Failed to build request: Resource winners/netPackage/winnersnet/0075_request.txt not found 	1605075781042
REQUEST		FullReviewPage	1605075776760	1605075781130	OK	 
ERROR	request_75: Failed to build request: Resource winners/netPackage/winnersnet/0075_request.txt not found 	1605075781131
REQUEST		FullReviewPage	1605075776437	1605075781453	OK	 
ERROR	request_75: Failed to build request: Resource winners/netPackage/winnersnet/0075_request.txt not found 	1605075781454
REQUEST		FullReviewPage	1605075778282	1605075781459	OK	 
ERROR	request_75: Failed to build request: Resource winners/netPackage/winnersnet/0075_request.txt not found 	1605075781460
REQUEST		FullReviewPage	1605075777082	1605075781910	OK	 
ERROR	request_75: Failed to build request: Resource winners/netPackage/winnersnet/0075_request.txt not found 	1605075781911
REQUEST		FullReviewPage	1605075778185	1605075782295	OK	 
ERROR	request_75: Failed to build request: Resource winners/netPackage/winnersnet/0075_request.txt not found 	1605075782297
REQUEST		FullReviewPage	1605075779569	1605075782666	OK	 
ERROR	request_75: Failed to build request: Resource winners/netPackage/winnersnet/0075_request.txt not found 	1605075782667
REQUEST		FullReviewPage	1605075777382	1605075782933	OK	 
ERROR	request_75: Failed to build request: Resource winners/netPackage/winnersnet/0075_request.txt not found 	1605075782934
REQUEST		FullReviewPage	1605075779463	1605075783166	OK	 
ERROR	request_75: Failed to build request: Resource winners/netPackage/winnersnet/0075_request.txt not found 	1605075783169
REQUEST		FullReviewPage	1605075778589	1605075783307	OK	 
ERROR	request_75: Failed to build request: Resource winners/netPackage/winnersnet/0075_request.txt not found 	1605075783307
REQUEST		FullReviewPage	1605075779486	1605075783693	OK	 
ERROR	request_75: Failed to build request: Resource winners/netPackage/winnersnet/0075_request.txt not found 	1605075783694
REQUEST		FullReviewPage	1605075778935	1605075784440	OK	 
ERROR	request_75: Failed to build request: Resource winners/netPackage/winnersnet/0075_request.txt not found 	1605075784441
REQUEST		FullReviewPage	1605075779803	1605075784752	OK	 
ERROR	request_75: Failed to build request: Resource winners/netPackage/winnersnet/0075_request.txt not found 	1605075784753
REQUEST		FullReviewPage	1605075780050	1605075785248	OK	 
ERROR	request_75: Failed to build request: Resource winners/netPackage/winnersnet/0075_request.txt not found 	1605075785249
REQUEST		FullReviewPage	1605075781650	1605075785416	OK	 
ERROR	request_75: Failed to build request: Resource winners/netPackage/winnersnet/0075_request.txt not found 	1605075785416
REQUEST		FullReviewPage	1605075780747	1605075785629	OK	 
ERROR	request_75: Failed to build request: Resource winners/netPackage/winnersnet/0075_request.txt not found 	1605075785630
REQUEST		FullReviewPage	1605075779970	1605075785933	OK	 
ERROR	request_75: Failed to build request: Resource winners/netPackage/winnersnet/0075_request.txt not found 	1605075785935
REQUEST		FullReviewPage	1605075780693	1605075786323	OK	 
ERROR	request_75: Failed to build request: Resource winners/netPackage/winnersnet/0075_request.txt not found 	1605075786323
REQUEST		FullReviewPage	1605075779855	1605075786476	OK	 
ERROR	request_75: Failed to build request: Resource winners/netPackage/winnersnet/0075_request.txt not found 	1605075786476
REQUEST		FullReviewPage	1605075780576	1605075786611	OK	 
ERROR	request_75: Failed to build request: Resource winners/netPackage/winnersnet/0075_request.txt not found 	1605075786612
REQUEST		FullReviewPage	1605075779859	1605075787477	OK	 
ERROR	request_75: Failed to build request: Resource winners/netPackage/winnersnet/0075_request.txt not found 	1605075787477
REQUEST		FullReviewPage	1605075780611	1605075787698	OK	 
ERROR	request_75: Failed to build request: Resource winners/netPackage/winnersnet/0075_request.txt not found 	1605075787699
REQUEST		FullReviewPage	1605075782533	1605075787854	OK	 
ERROR	request_75: Failed to build request: Resource winners/netPackage/winnersnet/0075_request.txt not found 	1605075787855
REQUEST		FullReviewPage	1605075780237	1605075788168	OK	 
ERROR	request_75: Failed to build request: Resource winners/netPackage/winnersnet/0075_request.txt not found 	1605075788169
REQUEST		FullReviewPage	1605075782792	1605075788221	OK	 
ERROR	request_75: Failed to build request: Resource winners/netPackage/winnersnet/0075_request.txt not found 	1605075788221
REQUEST		FullReviewPage	1605075782177	1605075788942	OK	 
ERROR	request_75: Failed to build request: Resource winners/netPackage/winnersnet/0075_request.txt not found 	1605075788943
REQUEST		FullReviewPage	1605075783283	1605075788984	OK	 
ERROR	request_75: Failed to build request: Resource winners/netPackage/winnersnet/0075_request.txt not found 	1605075788985
REQUEST		FullReviewPage	1605075781207	1605075789161	OK	 
ERROR	request_75: Failed to build request: Resource winners/netPackage/winnersnet/0075_request.txt not found 	1605075789162
REQUEST		FullReviewPage	1605075784567	1605075789405	OK	 
ERROR	request_75: Failed to build request: Resource winners/netPackage/winnersnet/0075_request.txt not found 	1605075789406
REQUEST		FullReviewPage	1605075783064	1605075789720	OK	 
ERROR	request_75: Failed to build request: Resource winners/netPackage/winnersnet/0075_request.txt not found 	1605075789721
REQUEST		FullReviewPage	1605075783154	1605075789826	OK	 
ERROR	request_75: Failed to build request: Resource winners/netPackage/winnersnet/0075_request.txt not found 	1605075789827
REQUEST		FullReviewPage	1605075781677	1605075790315	OK	 
ERROR	request_75: Failed to build request: Resource winners/netPackage/winnersnet/0075_request.txt not found 	1605075790316
REQUEST		FullReviewPage	1605075782067	1605075790630	OK	 
ERROR	request_75: Failed to build request: Resource winners/netPackage/winnersnet/0075_request.txt not found 	1605075790631
REQUEST		FullReviewPage	1605075782376	1605075791133	OK	 
ERROR	request_75: Failed to build request: Resource winners/netPackage/winnersnet/0075_request.txt not found 	1605075791134
REQUEST		FullReviewPage	1605075784807	1605075791302	OK	 
ERROR	request_75: Failed to build request: Resource winners/netPackage/winnersnet/0075_request.txt not found 	1605075791302
REQUEST		FullReviewPage	1605075784762	1605075791674	OK	 
ERROR	request_75: Failed to build request: Resource winners/netPackage/winnersnet/0075_request.txt not found 	1605075791675
REQUEST		FullReviewPage	1605075785849	1605075791924	OK	 
ERROR	request_75: Failed to build request: Resource winners/netPackage/winnersnet/0075_request.txt not found 	1605075791926
REQUEST		FullReviewPage	1605075785075	1605075792137	OK	 
ERROR	request_75: Failed to build request: Resource winners/netPackage/winnersnet/0075_request.txt not found 	1605075792138
REQUEST		FullReviewPage	1605075785435	1605075792242	OK	 
ERROR	request_75: Failed to build request: Resource winners/netPackage/winnersnet/0075_request.txt not found 	1605075792243
REQUEST		FullReviewPage	1605075786215	1605075792400	OK	 
ERROR	request_75: Failed to build request: Resource winners/netPackage/winnersnet/0075_request.txt not found 	1605075792400
REQUEST		FullReviewPage	1605075785621	1605075792554	OK	 
ERROR	request_75: Failed to build request: Resource winners/netPackage/winnersnet/0075_request.txt not found 	1605075792554
REQUEST		FullReviewPage	1605075783779	1605075793441	OK	 
ERROR	request_75: Failed to build request: Resource winners/netPackage/winnersnet/0075_request.txt not found 	1605075793442
REQUEST		FullReviewPage	1605075783861	1605075793878	OK	 
ERROR	request_75: Failed to build request: Resource winners/netPackage/winnersnet/0075_request.txt not found 	1605075793879
REQUEST		FullReviewPage	1605075785094	1605075794311	OK	 
ERROR	request_75: Failed to build request: Resource winners/netPackage/winnersnet/0075_request.txt not found 	1605075794311
REQUEST		FullReviewPage	1605075784363	1605075794478	OK	 
ERROR	request_75: Failed to build request: Resource winners/netPackage/winnersnet/0075_request.txt not found 	1605075794478
REQUEST		FullReviewPage	1605075785295	1605075795200	OK	 
ERROR	request_75: Failed to build request: Resource winners/netPackage/winnersnet/0075_request.txt not found 	1605075795201
USER	winnersNet	END	1605075796480
USER	winnersNet	END	1605075798358
USER	winnersNet	END	1605075798453
USER	winnersNet	END	1605075798760
USER	winnersNet	END	1605075798876
USER	winnersNet	END	1605075799263
USER	winnersNet	END	1605075799304
USER	winnersNet	END	1605075800032
USER	winnersNet	END	1605075800328
USER	winnersNet	END	1605075801022
USER	winnersNet	END	1605075801759
USER	winnersNet	END	1605075802647
USER	winnersNet	END	1605075803835
USER	winnersNet	END	1605075805988
USER	winnersNet	END	1605075806000
USER	winnersNet	END	1605075806013
USER	winnersNet	END	1605075806754
USER	winnersNet	END	1605075806765
USER	winnersNet	END	1605075807712
USER	winnersNet	END	1605075808164
USER	winnersNet	END	1605075808176
USER	winnersNet	END	1605075809070
USER	winnersNet	END	1605075809081
USER	winnersNet	END	1605075809602
USER	winnersNet	END	1605075809607
USER	winnersNet	END	1605075810011
USER	winnersNet	END	1605075810515
USER	winnersNet	END	1605075810525
USER	winnersNet	END	1605075811148
USER	winnersNet	END	1605075811165
USER	winnersNet	END	1605075811394
USER	winnersNet	END	1605075811884
USER	winnersNet	END	1605075811894
USER	winnersNet	END	1605075812337
USER	winnersNet	END	1605075812750
USER	winnersNet	END	1605075812755
USER	winnersNet	END	1605075813358
USER	winnersNet	END	1605075813420
USER	winnersNet	END	1605075813729
USER	winnersNet	END	1605075814114
USER	winnersNet	END	1605075814869
USER	winnersNet	END	1605075814884
USER	winnersNet	END	1605075815651
USER	winnersNet	END	1605075815657
USER	winnersNet	END	1605075816049
USER	winnersNet	END	1605075816063
USER	winnersNet	END	1605075816738
USER	winnersNet	END	1605075816749
USER	winnersNet	END	1605075816759
USER	winnersNet	END	1605075817901
USER	winnersNet	END	1605075817912
USER	winnersNet	END	1605075818259
USER	winnersNet	END	1605075818309
USER	winnersNet	END	1605075818641
USER	winnersNet	END	1605075819370
USER	winnersNet	END	1605075819371
USER	winnersNet	END	1605075819388
USER	winnersNet	END	1605075819820
USER	winnersNet	END	1605075819850
USER	winnersNet	END	1605075820245
USER	winnersNet	END	1605075820730
USER	winnersNet	END	1605075820736
USER	winnersNet	END	1605075821550
USER	winnersNet	END	1605075821553
USER	winnersNet	END	1605075821928
USER	winnersNet	END	1605075822347
USER	winnersNet	END	1605075822357
USER	winnersNet	END	1605075822499
USER	winnersNet	END	1605075822828
USER	winnersNet	END	1605075822836
USER	winnersNet	END	1605075823863
USER	winnersNet	END	1605075824274
USER	winnersNet	END	1605075824728
USER	winnersNet	END	1605075824737
USER	winnersNet	END	1605075825591
